This is ApacheBench, Version 2.3 <$Revision: 655654 $>
Copyright 1996 Adam Twiss, Zeus Technology Ltd, http://www.zeustech.net/
Licensed to The Apache Software Foundation, http://www.apache.org/

Benchmarking www.ramvark.net (be patient)


Server Software:        nginx/1.4.2
Server Hostname:        www.ramvark.net
Server Port:            80

Document Path:          /typealine
Document Length:        526 bytes

Concurrency Level:      20
Time taken for tests:   10.018 seconds
Complete requests:      7502
Failed requests:        0
Write errors:           0
Total transferred:      5603646 bytes
HTML transferred:       3950786 bytes
Requests per second:    748.83 [#/sec] (mean)
Time per request:       26.708 [ms] (mean)
Time per request:       1.335 [ms] (mean, across all concurrent requests)
Transfer rate:          546.23 [Kbytes/sec] received

Connection Times (ms)
              min  mean[+/-sd] median   max
Connect:        1    1   4.3      1     209
Processing:     5   25  29.1     14     388
Waiting:        5   25  28.8     14     384
Total:          6   26  29.4     15     390

Percentage of the requests served within a certain time (ms)
  50%     15
  66%     18
  75%     21
  80%     25
  90%     75
  95%     82
  98%    118
  99%    147
 100%    390 (longest request)
