#
# A fatal error has been detected by the Java Runtime Environment:
#
#  SIGSEGV (0xb) at pc=0x000000010a60b9a0, pid=6389, tid=16643
#
# JRE version: Java(TM) SE Runtime Environment (8.0-b132) (build 1.8.0-b132)
# Java VM: Java HotSpot(TM) 64-Bit Server VM (25.0-b70 mixed mode bsd-amd64 compressed oops)
# Problematic frame:
# V  [libjvm.dylib+0x40b9a0]  Method::checked_resolve_jmethod_id(_jmethodID*)+0xe
#
# Failed to write core dump. Core dumps have been disabled. To enable core dumping, try "ulimit -c unlimited" before starting Java again
#
# If you would like to submit a bug report, please visit:
#   http://bugreport.sun.com/bugreport/crash.jsp
#

---------------  T H R E A D  ---------------

Current thread (0x00007ffef3833800):  JavaThread "JDWP Transport Listener: dt_socket" daemon [_thread_in_vm, id=16643, stack(0x0000000122a53000,0x0000000122b53000)]

siginfo:si_signo=SIGSEGV: si_errno=0, si_code=1 (SEGV_MAPERR), si_addr=0x0000000000000126

Registers:
RAX=0x0000000000000001, RBX=0x0000000122b52a8b, RCX=0x000000010a9af780, RDX=0x0000000122b52a8b
RSP=0x0000000122b529d0, RBP=0x0000000122b529e0, RSI=0x00007ffef3833800, RDI=0x0000000000000126
R8 =0x0000000000000000, R9 =0x00007ffef2c00000, R10=0x0000000000000010, R11=0x00007ffef2c00000
R12=0x00007ffef3833800, R13=0x0000000000000126, R14=0x0000000000000126, R15=0x00007ffef2d002d0
RIP=0x000000010a60b9a0, EFLAGS=0x0000000000010202, ERR=0x0000000000000004
  TRAPNO=0x000000000000000e

Top of Stack: (sp=0x0000000122b529d0)
0x0000000122b529d0:   0000000122b52a8b 0000000122b52a8b
0x0000000122b529e0:   0000000122b52a40 000000010a524cee
0x0000000122b529f0:   00007ffef3833800 0000000000000000
0x0000000122b52a00:   0000000000000000 0000000000000000
0x0000000122b52a10:   00007ffef3833800 00007ffef3833800
0x0000000122b52a20:   0000000122b52a8b 0000000122b52a90
0x0000000122b52a30:   0000000000000126 0000000000000008
0x0000000122b52a40:   0000000122b52a60 00000001099927dc
0x0000000122b52a50:   0000000000000001 0000000122b52b08
0x0000000122b52a60:   0000000122b52ad0 0000000109977263
0x0000000122b52a70:   0000000122b52aa0 00007ffef2c64290
0x0000000122b52a80:   0000000900000032 f000100a01b52b08
0x0000000122b52a90:   0000000000000000 0000000000000000
0x0000000122b52aa0:   0000000000000000 0000000122b52c90
0x0000000122b52ab0:   0000000109999eca 00007ffef2c62d10
0x0000000122b52ac0:   0000000122b52b08 00000001099a5588
0x0000000122b52ad0:   0000000122b52ae0 000000010997735c
0x0000000122b52ae0:   0000000122b52d00 00000001099808f6
0x0000000122b52af0:   0000635400000013 00000000000f0200
0x0000000122b52b00:   00007ffef2c33da0 00007ffef2c65c44
0x0000000122b52b10:   00007ffe00000134 00007ffef2c64300
0x0000000122b52b20:   00007ffe0000012c 0000000122b52b58
0x0000000122b52b30:   00007ffef2c64300 00007f0000000000
0x0000000122b52b40:   000063540000000b 00007fff00001080
0x0000000122b52b50:   0000000122b52b58 fe7f000009000000
0x0000000122b52b60:   2300000000b6e4f2 646572616c636564
0x0000000122b52b70:   657473696765725f 5f7865646e695f72
0x0000000122b52b80:   7274735f6d6f7266 2838000000676e69
0x0000000122b52b90:   6f662f7a702f614c 4c3b6e6962782f6f
0x0000000122b52ba0:   6f6f662f7a702f61 656d65746174732f
0x0000000122b52bb0:   6176616a4c3b746e 74532f676e616c2f
0x0000000122b52bc0:   0049293b676e6972 0009000000000000 

Instructions: (pc=0x000000010a60b9a0)
0x000000010a60b980:   40 48 48 85 c0 75 e0 30 c0 0f b6 c0 5d c3 31 c0
0x000000010a60b990:   5d c3 55 48 89 e5 53 48 83 ec 08 48 85 ff 74 24
0x000000010a60b9a0:   48 8b 1f 48 85 db 74 1c 48 83 fb 37 74 16 48 8b
0x000000010a60b9b0:   03 48 89 df ff 50 08 84 c0 b8 00 00 00 00 48 0f 

Register to memory mapping:

RAX=0x0000000000000001 is an unknown value
RBX=0x0000000122b52a8b is pointing into the stack for thread: 0x00007ffef3833800
RCX=0x000000010a9af780: UseMembar+0 in /Library/Java/JavaVirtualMachines/jdk1.8.0.jdk/Contents/Home/jre/lib/server/libjvm.dylib at 0x000000010a200000
RDX=0x0000000122b52a8b is pointing into the stack for thread: 0x00007ffef3833800
RSP=0x0000000122b529d0 is pointing into the stack for thread: 0x00007ffef3833800
RBP=0x0000000122b529e0 is pointing into the stack for thread: 0x00007ffef3833800
RSI=0x00007ffef3833800 is a thread
RDI=0x0000000000000126 is an unknown value
R8 =0x0000000000000000 is an unknown value
R9 =0x00007ffef2c00000 is an unknown value
R10=0x0000000000000010 is an unknown value
R11=0x00007ffef2c00000 is an unknown value
R12=0x00007ffef3833800 is a thread
R13=0x0000000000000126 is an unknown value
R14=0x0000000000000126 is an unknown value
R15=0x00007ffef2d002d0 is an unknown value


Stack: [0x0000000122a53000,0x0000000122b53000],  sp=0x0000000122b529d0,  free space=1022k
Native frames: (J=compiled Java code, j=interpreted, Vv=VM code, C=native code)
V  [libjvm.dylib+0x40b9a0]  Method::checked_resolve_jmethod_id(_jmethodID*)+0xe
V  [libjvm.dylib+0x324cee]  jvmti_IsMethodSynthetic+0xb2
C  [libjdwp.dylib+0x207dc]  isMethodSynthetic+0x63
C  [libjdwp.dylib+0x5263]  methods1+0x10b
C  [libjdwp.dylib+0x535c]  methodsWithGeneric+0xe
C  [libjdwp.dylib+0xe8f6]  debugLoop_run+0x1ce
C  [libjdwp.dylib+0x1f716]  attachThread+0x4d
V  [libjvm.dylib+0x365d5e]  JvmtiAgentThread::call_start_function()+0x38
V  [libjvm.dylib+0x51d005]  JavaThread::thread_main_inner()+0x9b
V  [libjvm.dylib+0x51e742]  JavaThread::run()+0x1c2
V  [libjvm.dylib+0x445786]  java_start(Thread*)+0xf6
C  [libsystem_pthread.dylib+0x32fc]  _pthread_body+0x83
C  [libsystem_pthread.dylib+0x3279]  _pthread_body+0x0
C  [libsystem_pthread.dylib+0x14b1]  thread_start+0xd


---------------  P R O C E S S  ---------------

Java Threads: ( => current thread )
  0x00007ffef30f8000 JavaThread "t2" [_thread_blocked, id=12331, stack(0x0000000124c0c000,0x0000000124d0c000)]
  0x00007ffef3197000 JavaThread "t1" [_thread_blocked, id=52231, stack(0x00000001278e1000,0x00000001279e1000)]
  0x00007ffef48ad800 JavaThread "AWT-AppKit" daemon [_thread_in_native, id=1811, stack(0x00007fff55ce9000,0x00007fff564e9000)]
  0x00007ffef3098800 JavaThread "t0" [_thread_blocked, id=21251, stack(0x0000000123593000,0x0000000123693000)]
  0x00007ffef38a8800 JavaThread "watch" [_thread_blocked, id=20739, stack(0x0000000123490000,0x0000000123590000)]
  0x00007ffef480c000 JavaThread "Service Thread" daemon [_thread_blocked, id=19715, stack(0x0000000123065000,0x0000000123165000)]
  0x00007ffef4033800 JavaThread "C1 CompilerThread2" daemon [_thread_blocked, id=19203, stack(0x0000000122f62000,0x0000000123062000)]
  0x00007ffef4033000 JavaThread "C2 CompilerThread1" daemon [_thread_blocked, id=18691, stack(0x0000000122e5f000,0x0000000122f5f000)]
  0x00007ffef3845800 JavaThread "C2 CompilerThread0" daemon [_thread_blocked, id=18179, stack(0x0000000122d5c000,0x0000000122e5c000)]
  0x00007ffef4031000 JavaThread "JDWP Command Reader" daemon [_thread_in_native, id=17667, stack(0x0000000122c59000,0x0000000122d59000)]
  0x00007ffef480b800 JavaThread "JDWP Event Helper Thread" daemon [_thread_blocked, id=17155, stack(0x0000000122b56000,0x0000000122c56000)]
=>0x00007ffef3833800 JavaThread "JDWP Transport Listener: dt_socket" daemon [_thread_in_vm, id=16643, stack(0x0000000122a53000,0x0000000122b53000)]
  0x00007ffef3028800 JavaThread "Signal Dispatcher" daemon [_thread_blocked, id=13331, stack(0x0000000122949000,0x0000000122a49000)]
  0x00007ffef3025800 JavaThread "Finalizer" daemon [_thread_blocked, id=11523, stack(0x0000000121008000,0x0000000121108000)]
  0x00007ffef3025000 JavaThread "Reference Handler" daemon [_thread_blocked, id=11011, stack(0x0000000120f05000,0x0000000121005000)]
  0x00007ffef3802000 JavaThread "main" [_thread_in_native, id=4867, stack(0x000000010982d000,0x000000010992d000)]

Other Threads:
  0x00007ffef4004000 VMThread [stack: 0x0000000120e02000,0x0000000120f02000] [id=10499]
  0x00007ffef480d000 WatcherThread [stack: 0x0000000123168000,0x0000000123268000] [id=20227]

VM state:not at safepoint (normal execution)

VM Mutex/Monitor currently owned by a thread: None

Heap:
 PSYoungGen      total 5632K, used 3633K [0x0000000795580000, 0x0000000796080000, 0x00000007c0000000)
  eden space 4096K, 70% used [0x0000000795580000,0x0000000795854670,0x0000000795980000)
  from space 1536K, 47% used [0x0000000795980000,0x0000000795a38000,0x0000000795b00000)
  to   space 1536K, 0% used [0x0000000795f00000,0x0000000795f00000,0x0000000796080000)
 ParOldGen       total 129536K, used 1548K [0x0000000740000000, 0x0000000747e80000, 0x0000000795580000)
  object space 129536K, 1% used [0x0000000740000000,0x00000007401830c0,0x0000000747e80000)
 Metaspace       used 7499K, capacity 7708K, committed 7808K, reserved 1056768K
  class space    used 827K, capacity 864K, committed 896K, reserved 1048576K

Card table byte_map: [0x000000011a47f000,0x000000011a880000] byte_map_base: 0x0000000116a7f000

Marking Bits: (ParMarkBitMap*) 0x000000010aa660a0
 Begin Bits: [0x000000011af37000, 0x000000011cf37000)
 End Bits:   [0x000000011cf37000, 0x000000011ef37000)

Polling page: 0x0000000109971000

CodeCache: size=245760Kb used=2612Kb max_used=2612Kb free=243147Kb
 bounds [0x000000010b0bf000, 0x000000010b34f000, 0x000000011a0bf000]
 total_blobs=920 nmethods=580 adapters=264
 compilation: enabled

Compilation events (10 events):
Event: 300.384 Thread 0x00007ffef4033800  577       3       sun.nio.cs.StreamEncoder::writeBytes (132 bytes)
Event: 300.385 Thread 0x00007ffef4033800 nmethod 577 0x000000010b3408d0 code [0x000000010b340b00, 0x000000010b341778]
Event: 300.385 Thread 0x00007ffef4033800  570       3       java.util.regex.Pattern::<init> (90 bytes)
Event: 300.386 Thread 0x00007ffef4033800 nmethod 570 0x000000010b341d50 code [0x000000010b341f20, 0x000000010b3427b8]
Event: 360.407 Thread 0x00007ffef4033800  578       3       java.util.regex.Pattern::escape (1151 bytes)
Event: 360.415 Thread 0x00007ffef4033800 nmethod 578 0x000000010b342bd0 code [0x000000010b343580, 0x000000010b349538]
Event: 360.415 Thread 0x00007ffef4033800  579       3       java.util.regex.Pattern::skip (23 bytes)
Event: 360.416 Thread 0x00007ffef4033800 nmethod 579 0x000000010b33c210 code [0x000000010b33c360, 0x000000010b33c4f0]
Event: 360.416 Thread 0x00007ffef4033800  580   !   3       java.util.regex.Pattern::matcher (44 bytes)
Event: 360.416 Thread 0x00007ffef4033800 nmethod 580 0x000000010b34d0d0 code [0x000000010b34d260, 0x000000010b34d6d8]

GC Heap History (10 events):
Event: 1.289 GC heap before
{Heap before GC invocations=3 (full 0):
 PSYoungGen      total 1536K, used 1447K [0x0000000795580000, 0x0000000795780000, 0x00000007c0000000)
  eden space 1024K, 94% used [0x0000000795580000,0x0000000795671e40,0x0000000795680000)
  from space 512K, 93% used [0x0000000795700000,0x0000000795778020,0x0000000795780000)
  to   space 512K, 0% used [0x0000000795680000,0x0000000795680000,0x0000000795700000)
 ParOldGen       total 129536K, used 136K [0x0000000740000000, 0x0000000747e80000, 0x0000000795580000)
  object space 129536K, 0% used [0x0000000740000000,0x0000000740022000,0x0000000747e80000)
 Metaspace       used 4480K, capacity 4884K, committed 5248K, reserved 1056768K
  class space    used 493K, capacity 528K, committed 640K, reserved 1048576K
Event: 1.291 GC heap after
Heap after GC invocations=3 (full 0):
 PSYoungGen      total 1536K, used 496K [0x0000000795580000, 0x0000000795880000, 0x00000007c0000000)
  eden space 1024K, 0% used [0x0000000795580000,0x0000000795580000,0x0000000795680000)
  from space 512K, 96% used [0x0000000795680000,0x00000007956fc030,0x0000000795700000)
  to   space 512K, 0% used [0x0000000795800000,0x0000000795800000,0x0000000795880000)
 ParOldGen       total 129536K, used 412K [0x0000000740000000, 0x0000000747e80000, 0x0000000795580000)
  object space 129536K, 0% used [0x0000000740000000,0x0000000740067010,0x0000000747e80000)
 Metaspace       used 4480K, capacity 4884K, committed 5248K, reserved 1056768K
  class space    used 493K, capacity 528K, committed 640K, reserved 1048576K
}
Event: 1.351 GC heap before
{Heap before GC invocations=4 (full 0):
 PSYoungGen      total 1536K, used 1520K [0x0000000795580000, 0x0000000795880000, 0x00000007c0000000)
  eden space 1024K, 100% used [0x0000000795580000,0x0000000795680000,0x0000000795680000)
  from space 512K, 96% used [0x0000000795680000,0x00000007956fc030,0x0000000795700000)
  to   space 512K, 0% used [0x0000000795800000,0x0000000795800000,0x0000000795880000)
 ParOldGen       total 129536K, used 412K [0x0000000740000000, 0x0000000747e80000, 0x0000000795580000)
  object space 129536K, 0% used [0x0000000740000000,0x0000000740067010,0x0000000747e80000)
 Metaspace       used 5065K, capacity 5164K, committed 5248K, reserved 1056768K
  class space    used 552K, capacity 580K, committed 640K, reserved 1048576K
Event: 1.354 GC heap after
Heap after GC invocations=4 (full 0):
 PSYoungGen      total 2560K, used 496K [0x0000000795580000, 0x0000000795880000, 0x00000007c0000000)
  eden space 2048K, 0% used [0x0000000795580000,0x0000000795580000,0x0000000795780000)
  from space 512K, 96% used [0x0000000795800000,0x000000079587c010,0x0000000795880000)
  to   space 512K, 0% used [0x0000000795780000,0x0000000795780000,0x0000000795800000)
 ParOldGen       total 129536K, used 884K [0x0000000740000000, 0x0000000747e80000, 0x0000000795580000)
  object space 129536K, 0% used [0x0000000740000000,0x00000007400dd050,0x0000000747e80000)
 Metaspace       used 5065K, capacity 5164K, committed 5248K, reserved 1056768K
  class space    used 552K, capacity 580K, committed 640K, reserved 1048576K
}
Event: 1.609 GC heap before
{Heap before GC invocations=5 (full 0):
 PSYoungGen      total 2560K, used 2544K [0x0000000795580000, 0x0000000795880000, 0x00000007c0000000)
  eden space 2048K, 100% used [0x0000000795580000,0x0000000795780000,0x0000000795780000)
  from space 512K, 96% used [0x0000000795800000,0x000000079587c010,0x0000000795880000)
  to   space 512K, 0% used [0x0000000795780000,0x0000000795780000,0x0000000795800000)
 ParOldGen       total 129536K, used 884K [0x0000000740000000, 0x0000000747e80000, 0x0000000795580000)
  object space 129536K, 0% used [0x0000000740000000,0x00000007400dd050,0x0000000747e80000)
 Metaspace       used 5872K, capacity 6050K, committed 6144K, reserved 1056768K
  class space    used 654K, capacity 699K, committed 768K, reserved 1048576K
Event: 1.613 GC heap after
Heap after GC invocations=5 (full 0):
 PSYoungGen      total 2560K, used 496K [0x0000000795580000, 0x0000000795c80000, 0x00000007c0000000)
  eden space 2048K, 0% used [0x0000000795580000,0x0000000795580000,0x0000000795780000)
  from space 512K, 96% used [0x0000000795780000,0x00000007957fc030,0x0000000795800000)
  to   space 1536K, 0% used [0x0000000795b00000,0x0000000795b00000,0x0000000795c80000)
 ParOldGen       total 129536K, used 1324K [0x0000000740000000, 0x0000000747e80000, 0x0000000795580000)
  object space 129536K, 1% used [0x0000000740000000,0x000000074014b070,0x0000000747e80000)
 Metaspace       used 5872K, capacity 6050K, committed 6144K, reserved 1056768K
  class space    used 654K, capacity 699K, committed 768K, reserved 1048576K
}
Event: 1.721 GC heap before
{Heap before GC invocations=6 (full 0):
 PSYoungGen      total 2560K, used 2544K [0x0000000795580000, 0x0000000795c80000, 0x00000007c0000000)
  eden space 2048K, 100% used [0x0000000795580000,0x0000000795780000,0x0000000795780000)
  from space 512K, 96% used [0x0000000795780000,0x00000007957fc030,0x0000000795800000)
  to   space 1536K, 0% used [0x0000000795b00000,0x0000000795b00000,0x0000000795c80000)
 ParOldGen       total 129536K, used 1324K [0x0000000740000000, 0x0000000747e80000, 0x0000000795580000)
  object space 129536K, 1% used [0x0000000740000000,0x000000074014b070,0x0000000747e80000)
 Metaspace       used 7166K, capacity 7266K, committed 7552K, reserved 1056768K
  class space    used 799K, capacity 827K, committed 896K, reserved 1048576K
Event: 1.726 GC heap after
Heap after GC invocations=6 (full 0):
 PSYoungGen      total 5632K, used 800K [0x0000000795580000, 0x0000000795c80000, 0x00000007c0000000)
  eden space 4096K, 0% used [0x0000000795580000,0x0000000795580000,0x0000000795980000)
  from space 1536K, 52% used [0x0000000795b00000,0x0000000795bc8020,0x0000000795c80000)
  to   space 1536K, 0% used [0x0000000795980000,0x0000000795980000,0x0000000795b00000)
 ParOldGen       total 129536K, used 1324K [0x0000000740000000, 0x0000000747e80000, 0x0000000795580000)
  object space 129536K, 1% used [0x0000000740000000,0x000000074014b070,0x0000000747e80000)
 Metaspace       used 7166K, capacity 7266K, committed 7552K, reserved 1056768K
  class space    used 799K, capacity 827K, committed 896K, reserved 1048576K
}
Event: 84.790 GC heap before
{Heap before GC invocations=7 (full 0):
 PSYoungGen      total 5632K, used 4896K [0x0000000795580000, 0x0000000795c80000, 0x00000007c0000000)
  eden space 4096K, 100% used [0x0000000795580000,0x0000000795980000,0x0000000795980000)
  from space 1536K, 52% used [0x0000000795b00000,0x0000000795bc8020,0x0000000795c80000)
  to   space 1536K, 0% used [0x0000000795980000,0x0000000795980000,0x0000000795b00000)
 ParOldGen       total 129536K, used 1324K [0x0000000740000000, 0x0000000747e80000, 0x0000000795580000)
  object space 129536K, 1% used [0x0000000740000000,0x000000074014b070,0x0000000747e80000)
 Metaspace       used 7307K, capacity 7446K, committed 7552K, reserved 1056768K
  class space    used 816K, capacity 863K, committed 896K, reserved 1048576K
Event: 84.794 GC heap after
Heap after GC invocations=7 (full 0):
 PSYoungGen      total 5632K, used 736K [0x0000000795580000, 0x0000000796080000, 0x00000007c0000000)
  eden space 4096K, 0% used [0x0000000795580000,0x0000000795580000,0x0000000795980000)
  from space 1536K, 47% used [0x0000000795980000,0x0000000795a38000,0x0000000795b00000)
  to   space 1536K, 0% used [0x0000000795f00000,0x0000000795f00000,0x0000000796080000)
 ParOldGen       total 129536K, used 1548K [0x0000000740000000, 0x0000000747e80000, 0x0000000795580000)
  object space 129536K, 1% used [0x0000000740000000,0x00000007401830c0,0x0000000747e80000)
 Metaspace       used 7307K, capacity 7446K, committed 7552K, reserved 1056768K
  class space    used 816K, capacity 863K, committed 896K, reserved 1048576K
}

Deoptimization events (6 events):
Event: 4.646 Thread 0x00007ffef3197000 Uncommon trap: reason=null_check action=make_not_entrant pc=0x000000010b2d1190 method=java.lang.StringCoding.encode(Ljava/lang/String;[CII)[B @ 6
Event: 84.768 Thread 0x00007ffef3197000 Uncommon trap: reason=unloaded action=reinterpret pc=0x000000010b1dff4c method=java.lang.String.charAt(I)C @ 13
Event: 84.773 Thread 0x00007ffef3197000 Uncommon trap: reason=bimorphic action=maybe_recompile pc=0x000000010b2e5560 method=b.xwriter.p(Ljava/lang/String;)Lb/xwriter; @ 14
Event: 84.773 Thread 0x00007ffef3197000 Uncommon trap: reason=bimorphic action=maybe_recompile pc=0x000000010b2e5560 method=b.xwriter.p(Ljava/lang/String;)Lb/xwriter; @ 14
Event: 84.773 Thread 0x00007ffef3197000 Uncommon trap: reason=bimorphic action=maybe_recompile pc=0x000000010b2e5560 method=b.xwriter.p(Ljava/lang/String;)Lb/xwriter; @ 14
Event: 84.773 Thread 0x00007ffef3197000 Uncommon trap: reason=bimorphic action=maybe_recompile pc=0x000000010b2e5560 method=b.xwriter.p(Ljava/lang/String;)Lb/xwriter; @ 14

Internal exceptions (10 events):
Event: 1.410 Thread 0x00007ffef3098800 Exception <a 'java/security/PrivilegedActionException'> (0x00000007956484e0) thrown at [/HUDSON/workspace/8-2-build-macosx-x86_64/jdk8/2238/hotspot/src/share/vm/prims/jvm.cpp, line 1248]
Event: 1.437 Thread 0x00007ffef3098800 Exception <a 'java/security/PrivilegedActionException'> (0x0000000795699eb0) thrown at [/HUDSON/workspace/8-2-build-macosx-x86_64/jdk8/2238/hotspot/src/share/vm/prims/jvm.cpp, line 1248]
Event: 1.437 Thread 0x00007ffef3098800 Exception <a 'java/security/PrivilegedActionException'> (0x000000079569b608) thrown at [/HUDSON/workspace/8-2-build-macosx-x86_64/jdk8/2238/hotspot/src/share/vm/prims/jvm.cpp, line 1248]
Event: 1.438 Thread 0x00007ffef3098800 Exception <a 'java/security/PrivilegedActionException'> (0x000000079569cb10) thrown at [/HUDSON/workspace/8-2-build-macosx-x86_64/jdk8/2238/hotspot/src/share/vm/prims/jvm.cpp, line 1248]
Event: 1.596 Thread 0x00007ffef3098800 Exception <a 'java/io/FileNotFoundException'> (0x00000007956efde8) thrown at [/HUDSON/workspace/8-2-build-macosx-x86_64/jdk8/2238/hotspot/src/share/vm/prims/jni.cpp, line 716]
Event: 1.596 Thread 0x00007ffef3098800 Exception <a 'java/io/FileNotFoundException'> (0x00000007956f08c0) thrown at [/HUDSON/workspace/8-2-build-macosx-x86_64/jdk8/2238/hotspot/src/share/vm/prims/jni.cpp, line 716]
Event: 1.701 Thread 0x00007ffef3802000 Exception <a 'java/security/PrivilegedActionException'> (0x00000007956bf420) thrown at [/HUDSON/workspace/8-2-build-macosx-x86_64/jdk8/2238/hotspot/src/share/vm/prims/jvm.cpp, line 1248]
Event: 4.646 Thread 0x00007ffef3197000 Implicit null exception at 0x000000010b2d08fa to 0x000000010b2d1181
Event: 4.665 Thread 0x00007ffef3197000 Exception <a 'java/security/PrivilegedActionException'> (0x00000007957ea6b0) thrown at [/HUDSON/workspace/8-2-build-macosx-x86_64/jdk8/2238/hotspot/src/share/vm/prims/jvm.cpp, line 1248]
Event: 4.675 Thread 0x00007ffef3197000 Exception <a 'java/security/PrivilegedActionException'> (0x00000007957ec068) thrown at [/HUDSON/workspace/8-2-build-macosx-x86_64/jdk8/2238/hotspot/src/share/vm/prims/jvm.cpp, line 1248]

Events (10 events):
Event: 370.504 Executing VM operation: RedefineClasses
Event: 370.510 Executing VM operation: RedefineClasses done
Event: 370.511 Executing VM operation: EnterInterpOnlyMode
Event: 370.511 Executing VM operation: EnterInterpOnlyMode done
Event: 370.511 Executing VM operation: GetCurrentLocation
Event: 370.512 Executing VM operation: GetCurrentLocation done
Event: 370.512 Executing VM operation: ChangeSingleStep
Event: 370.512 Executing VM operation: ChangeSingleStep done
Event: 370.512 Executing VM operation: ChangeSingleStep
Event: 370.512 Executing VM operation: ChangeSingleStep done


Dynamic libraries:
0x000000000d8a9000 	/System/Library/Frameworks/Cocoa.framework/Versions/A/Cocoa
0x000000000d8a9000 	/System/Library/Frameworks/Security.framework/Versions/A/Security
0x000000000d8a9000 	/System/Library/Frameworks/ApplicationServices.framework/Versions/A/ApplicationServices
0x000000000d8a9000 	/usr/lib/libz.1.dylib
0x000000000d8a9000 	/usr/lib/libSystem.B.dylib
0x000000000d8a9000 	/usr/lib/libobjc.A.dylib
0x000000000d8a9000 	/System/Library/Frameworks/CoreFoundation.framework/Versions/A/CoreFoundation
0x000000000d8a9000 	/System/Library/Frameworks/Foundation.framework/Versions/C/Foundation
0x000000000d8a9000 	/System/Library/Frameworks/AppKit.framework/Versions/C/AppKit
0x000000000d8a9000 	/System/Library/Frameworks/CoreData.framework/Versions/A/CoreData
0x000000000d8a9000 	/System/Library/PrivateFrameworks/RemoteViewServices.framework/Versions/A/RemoteViewServices
0x000000000d8a9000 	/System/Library/PrivateFrameworks/UIFoundation.framework/Versions/A/UIFoundation
0x000000000d8a9000 	/System/Library/Frameworks/IOSurface.framework/Versions/A/IOSurface
0x000000000d8a9000 	/System/Library/Frameworks/AudioToolbox.framework/Versions/A/AudioToolbox
0x000000000d8a9000 	/System/Library/Frameworks/AudioUnit.framework/Versions/A/AudioUnit
0x000000000d8a9000 	/System/Library/PrivateFrameworks/DataDetectorsCore.framework/Versions/A/DataDetectorsCore
0x000000000d8a9000 	/System/Library/PrivateFrameworks/DesktopServicesPriv.framework/Versions/A/DesktopServicesPriv
0x000000000d8a9000 	/System/Library/Frameworks/Carbon.framework/Versions/A/Frameworks/HIToolbox.framework/Versions/A/HIToolbox
0x000000000d8a9000 	/System/Library/Frameworks/QuartzCore.framework/Versions/A/QuartzCore
0x000000000d8a9000 	/System/Library/Frameworks/Carbon.framework/Versions/A/Frameworks/SpeechRecognition.framework/Versions/A/SpeechRecognition
0x000000000d8a9000 	/usr/lib/libauto.dylib
0x000000000d8a9000 	/usr/lib/libicucore.A.dylib
0x000000000d8a9000 	/usr/lib/libxml2.2.dylib
0x000000000d8a9000 	/System/Library/PrivateFrameworks/CoreUI.framework/Versions/A/CoreUI
0x000000000d8a9000 	/System/Library/Frameworks/CoreAudio.framework/Versions/A/CoreAudio
0x000000000d8a9000 	/System/Library/Frameworks/DiskArbitration.framework/Versions/A/DiskArbitration
0x000000000d8a9000 	/usr/lib/liblangid.dylib
0x000000000d8a9000 	/System/Library/PrivateFrameworks/MultitouchSupport.framework/Versions/A/MultitouchSupport
0x000000000d8a9000 	/System/Library/Frameworks/IOKit.framework/Versions/A/IOKit
0x000000000d8a9000 	/usr/lib/libDiagnosticMessagesClient.dylib
0x000000000d8a9000 	/System/Library/Frameworks/CoreServices.framework/Versions/A/CoreServices
0x000000000d8a9000 	/System/Library/PrivateFrameworks/PerformanceAnalysis.framework/Versions/A/PerformanceAnalysis
0x000000000d8a9000 	/System/Library/PrivateFrameworks/GenerationalStorage.framework/Versions/A/GenerationalStorage
0x000000000d8a9000 	/System/Library/Frameworks/OpenGL.framework/Versions/A/OpenGL
0x000000000d8a9000 	/System/Library/PrivateFrameworks/Sharing.framework/Versions/A/Sharing
0x000000000d8a9000 	/System/Library/Frameworks/CoreGraphics.framework/Versions/A/CoreGraphics
0x000000000d8a9000 	/System/Library/Frameworks/CoreText.framework/Versions/A/CoreText
0x000000000d8a9000 	/System/Library/Frameworks/ImageIO.framework/Versions/A/ImageIO
0x000000000d8a9000 	/usr/lib/libextension.dylib
0x000000000d8a9000 	/System/Library/PrivateFrameworks/Backup.framework/Versions/A/Backup
0x000000000d8a9000 	/usr/lib/libarchive.2.dylib
0x000000000d8a9000 	/System/Library/Frameworks/CFNetwork.framework/Versions/A/CFNetwork
0x000000000d8a9000 	/System/Library/Frameworks/SystemConfiguration.framework/Versions/A/SystemConfiguration
0x000000000d8a9000 	/usr/lib/libCRFSuite.dylib
0x000000000d8a9000 	/usr/lib/libc++.1.dylib
0x000000000d8a9000 	/usr/lib/libc++abi.dylib
0x000000000d8a9000 	/usr/lib/system/libcache.dylib
0x000000000d8a9000 	/usr/lib/system/libcommonCrypto.dylib
0x000000000d8a9000 	/usr/lib/system/libcompiler_rt.dylib
0x000000000d8a9000 	/usr/lib/system/libcopyfile.dylib
0x000000000d8a9000 	/usr/lib/system/libcorecrypto.dylib
0x000000000d8a9000 	/usr/lib/system/libdispatch.dylib
0x000000000d8a9000 	/usr/lib/system/libdyld.dylib
0x000000000d8a9000 	/usr/lib/system/libkeymgr.dylib
0x000000000d8a9000 	/usr/lib/system/liblaunch.dylib
0x000000000d8a9000 	/usr/lib/system/libmacho.dylib
0x000000000d8a9000 	/usr/lib/system/libquarantine.dylib
0x000000000d8a9000 	/usr/lib/system/libremovefile.dylib
0x000000000d8a9000 	/usr/lib/system/libsystem_asl.dylib
0x000000000d8a9000 	/usr/lib/system/libsystem_blocks.dylib
0x000000000d8a9000 	/usr/lib/system/libsystem_c.dylib
0x000000000d8a9000 	/usr/lib/system/libsystem_configuration.dylib
0x000000000d8a9000 	/usr/lib/system/libsystem_coreservices.dylib
0x000000000d8a9000 	/usr/lib/system/libsystem_coretls.dylib
0x000000000d8a9000 	/usr/lib/system/libsystem_dnssd.dylib
0x000000000d8a9000 	/usr/lib/system/libsystem_info.dylib
0x000000000d8a9000 	/usr/lib/system/libsystem_kernel.dylib
0x000000000d8a9000 	/usr/lib/system/libsystem_m.dylib
0x000000000d8a9000 	/usr/lib/system/libsystem_malloc.dylib
0x000000000d8a9000 	/usr/lib/system/libsystem_network.dylib
0x000000000d8a9000 	/usr/lib/system/libsystem_networkextension.dylib
0x000000000d8a9000 	/usr/lib/system/libsystem_notify.dylib
0x000000000d8a9000 	/usr/lib/system/libsystem_platform.dylib
0x000000000d8a9000 	/usr/lib/system/libsystem_pthread.dylib
0x000000000d8a9000 	/usr/lib/system/libsystem_sandbox.dylib
0x000000000d8a9000 	/usr/lib/system/libsystem_secinit.dylib
0x000000000d8a9000 	/usr/lib/system/libsystem_stats.dylib
0x000000000d8a9000 	/usr/lib/system/libsystem_trace.dylib
0x000000000d8a9000 	/usr/lib/system/libunc.dylib
0x000000000d8a9000 	/usr/lib/system/libunwind.dylib
0x000000000d8a9000 	/usr/lib/system/libxpc.dylib
0x000000000d8a9000 	/usr/lib/libbz2.1.0.dylib
0x000000000d8a9000 	/usr/lib/liblzma.5.dylib
0x000000000d8a9000 	/usr/lib/libbsm.0.dylib
0x000000000d8a9000 	/usr/lib/libsqlite3.dylib
0x000000000d8a9000 	/usr/lib/system/libkxld.dylib
0x000000000d8a9000 	/usr/lib/libxar.1.dylib
0x000000000d8a9000 	/usr/lib/libpam.2.dylib
0x000000000d8a9000 	/usr/lib/libOpenScriptingUtil.dylib
0x000000000d8a9000 	/System/Library/Frameworks/CoreServices.framework/Versions/A/Frameworks/FSEvents.framework/Versions/A/FSEvents
0x000000000d8a9000 	/System/Library/Frameworks/CoreServices.framework/Versions/A/Frameworks/CarbonCore.framework/Versions/A/CarbonCore
0x000000000d8a9000 	/System/Library/Frameworks/CoreServices.framework/Versions/A/Frameworks/Metadata.framework/Versions/A/Metadata
0x000000000d8a9000 	/System/Library/Frameworks/CoreServices.framework/Versions/A/Frameworks/OSServices.framework/Versions/A/OSServices
0x000000000d8a9000 	/System/Library/Frameworks/CoreServices.framework/Versions/A/Frameworks/SearchKit.framework/Versions/A/SearchKit
0x000000000d8a9000 	/System/Library/Frameworks/CoreServices.framework/Versions/A/Frameworks/AE.framework/Versions/A/AE
0x000000000d8a9000 	/System/Library/Frameworks/CoreServices.framework/Versions/A/Frameworks/LaunchServices.framework/Versions/A/LaunchServices
0x000000000d8a9000 	/System/Library/Frameworks/CoreServices.framework/Versions/A/Frameworks/DictionaryServices.framework/Versions/A/DictionaryServices
0x000000000d8a9000 	/System/Library/Frameworks/NetFS.framework/Versions/A/NetFS
0x000000000d8a9000 	/System/Library/PrivateFrameworks/NetAuth.framework/Versions/A/NetAuth
0x000000000d8a9000 	/System/Library/PrivateFrameworks/login.framework/Versions/A/Frameworks/loginsupport.framework/Versions/A/loginsupport
0x000000000d8a9000 	/System/Library/PrivateFrameworks/TCC.framework/Versions/A/TCC
0x000000000d8a9000 	/usr/lib/libmecabra.dylib
0x000000000d8a9000 	/System/Library/PrivateFrameworks/LanguageModeling.framework/Versions/A/LanguageModeling
0x000000000d8a9000 	/usr/lib/libcmph.dylib
0x000000000d8a9000 	/usr/lib/libiconv.2.dylib
0x000000000d8a9000 	/System/Library/Frameworks/OpenDirectory.framework/Versions/A/Frameworks/CFOpenDirectory.framework/Versions/A/CFOpenDirectory
0x000000000d8a9000 	/System/Library/Frameworks/ServiceManagement.framework/Versions/A/ServiceManagement
0x000000000d8a9000 	/usr/lib/libxslt.1.dylib
0x000000000d8a9000 	/System/Library/Frameworks/Carbon.framework/Versions/A/Frameworks/Ink.framework/Versions/A/Ink
0x000000000d8a9000 	/System/Library/Frameworks/ApplicationServices.framework/Versions/A/Frameworks/ATS.framework/Versions/A/ATS
0x000000000d8a9000 	/System/Library/Frameworks/ApplicationServices.framework/Versions/A/Frameworks/ColorSync.framework/Versions/A/ColorSync
0x000000000d8a9000 	/System/Library/Frameworks/ApplicationServices.framework/Versions/A/Frameworks/HIServices.framework/Versions/A/HIServices
0x000000000d8a9000 	/System/Library/Frameworks/ApplicationServices.framework/Versions/A/Frameworks/LangAnalysis.framework/Versions/A/LangAnalysis
0x000000000d8a9000 	/System/Library/Frameworks/ApplicationServices.framework/Versions/A/Frameworks/PrintCore.framework/Versions/A/PrintCore
0x000000000d8a9000 	/System/Library/Frameworks/ApplicationServices.framework/Versions/A/Frameworks/QD.framework/Versions/A/QD
0x000000000d8a9000 	/System/Library/Frameworks/ApplicationServices.framework/Versions/A/Frameworks/SpeechSynthesis.framework/Versions/A/SpeechSynthesis
0x000000000d8a9000 	/System/Library/Frameworks/Accelerate.framework/Versions/A/Accelerate
0x000000000d8a9000 	/System/Library/Frameworks/Accelerate.framework/Versions/A/Frameworks/vImage.framework/Versions/A/vImage
0x000000000d8a9000 	/System/Library/Frameworks/Accelerate.framework/Versions/A/Frameworks/vecLib.framework/Versions/A/vecLib
0x000000000d8a9000 	/System/Library/Frameworks/Accelerate.framework/Versions/A/Frameworks/vecLib.framework/Versions/A/libvDSP.dylib
0x000000000d8a9000 	/System/Library/Frameworks/Accelerate.framework/Versions/A/Frameworks/vecLib.framework/Versions/A/libvMisc.dylib
0x000000000d8a9000 	/System/Library/Frameworks/Accelerate.framework/Versions/A/Frameworks/vecLib.framework/Versions/A/libLAPACK.dylib
0x000000000d8a9000 	/System/Library/Frameworks/Accelerate.framework/Versions/A/Frameworks/vecLib.framework/Versions/A/libBLAS.dylib
0x000000000d8a9000 	/System/Library/Frameworks/Accelerate.framework/Versions/A/Frameworks/vecLib.framework/Versions/A/libLinearAlgebra.dylib
0x000000000d8a9000 	/System/Library/Frameworks/ApplicationServices.framework/Versions/A/Frameworks/ATS.framework/Versions/A/Resources/libFontParser.dylib
0x000000000d8a9000 	/System/Library/Frameworks/ApplicationServices.framework/Versions/A/Frameworks/ATS.framework/Versions/A/Resources/libFontRegistry.dylib
0x000000000d8a9000 	/System/Library/PrivateFrameworks/AppleVPA.framework/Versions/A/AppleVPA
0x000000000d8a9000 	/System/Library/PrivateFrameworks/AppleJPEG.framework/Versions/A/AppleJPEG
0x000000000d8a9000 	/System/Library/Frameworks/ImageIO.framework/Versions/A/Resources/libJPEG.dylib
0x000000000d8a9000 	/System/Library/Frameworks/ImageIO.framework/Versions/A/Resources/libTIFF.dylib
0x000000000d8a9000 	/System/Library/Frameworks/ImageIO.framework/Versions/A/Resources/libPng.dylib
0x000000000d8a9000 	/System/Library/Frameworks/ImageIO.framework/Versions/A/Resources/libGIF.dylib
0x000000000d8a9000 	/System/Library/Frameworks/ImageIO.framework/Versions/A/Resources/libJP2.dylib
0x000000000d8a9000 	/System/Library/Frameworks/ImageIO.framework/Versions/A/Resources/libRadiance.dylib
0x000000000d8a9000 	/System/Library/Frameworks/CoreVideo.framework/Versions/A/CoreVideo
0x000000000d8a9000 	/System/Library/Frameworks/OpenGL.framework/Versions/A/Libraries/libGLU.dylib
0x000000000d8a9000 	/System/Library/Frameworks/OpenGL.framework/Versions/A/Libraries/libGFXShared.dylib
0x000000000d8a9000 	/System/Library/Frameworks/OpenGL.framework/Versions/A/Libraries/libGL.dylib
0x000000000d8a9000 	/System/Library/Frameworks/OpenGL.framework/Versions/A/Libraries/libGLImage.dylib
0x000000000d8a9000 	/System/Library/Frameworks/OpenGL.framework/Versions/A/Libraries/libCVMSPluginSupport.dylib
0x000000000d8a9000 	/System/Library/Frameworks/OpenGL.framework/Versions/A/Libraries/libCoreVMClient.dylib
0x000000000d8a9000 	/usr/lib/libcups.2.dylib
0x000000000d8a9000 	/System/Library/Frameworks/Kerberos.framework/Versions/A/Kerberos
0x000000000d8a9000 	/System/Library/Frameworks/GSS.framework/Versions/A/GSS
0x000000000d8a9000 	/usr/lib/libresolv.9.dylib
0x000000000d8a9000 	/System/Library/PrivateFrameworks/Heimdal.framework/Versions/A/Heimdal
0x000000000d8a9000 	/usr/lib/libheimdal-asn1.dylib
0x000000000d8a9000 	/System/Library/Frameworks/OpenDirectory.framework/Versions/A/OpenDirectory
0x000000000d8a9000 	/System/Library/PrivateFrameworks/CommonAuth.framework/Versions/A/CommonAuth
0x000000000d8a9000 	/System/Library/Frameworks/SecurityFoundation.framework/Versions/A/SecurityFoundation
0x000000000d8a9000 	/System/Library/Frameworks/QuartzCore.framework/Versions/A/Frameworks/CoreImage.framework/Versions/A/CoreImage
0x000000000d8a9000 	/System/Library/PrivateFrameworks/CrashReporterSupport.framework/Versions/A/CrashReporterSupport
0x000000000d8a9000 	/System/Library/Frameworks/OpenCL.framework/Versions/A/OpenCL
0x000000000d8a9000 	/System/Library/PrivateFrameworks/FaceCore.framework/Versions/A/FaceCore
0x000000000d8a9000 	/System/Library/PrivateFrameworks/Ubiquity.framework/Versions/A/Ubiquity
0x000000000d8a9000 	/System/Library/PrivateFrameworks/IconServices.framework/Versions/A/IconServices
0x000000000d8a9000 	/System/Library/PrivateFrameworks/ChunkingLibrary.framework/Versions/A/ChunkingLibrary
0x000000000d8a9000 	/System/Library/PrivateFrameworks/Apple80211.framework/Versions/A/Apple80211
0x000000000d8a9000 	/System/Library/Frameworks/CoreWLAN.framework/Versions/A/CoreWLAN
0x000000000d8a9000 	/System/Library/Frameworks/IOBluetooth.framework/Versions/A/IOBluetooth
0x000000000d8a9000 	/System/Library/PrivateFrameworks/CoreWiFi.framework/Versions/A/CoreWiFi
0x000000000d8a9000 	/System/Library/Frameworks/CoreBluetooth.framework/Versions/A/CoreBluetooth
0x000000000d8a9000 	/System/Library/PrivateFrameworks/DebugSymbols.framework/Versions/A/DebugSymbols
0x000000000d8a9000 	/System/Library/PrivateFrameworks/CoreSymbolication.framework/Versions/A/CoreSymbolication
0x000000000d8a9000 	/System/Library/PrivateFrameworks/Symbolication.framework/Versions/A/Symbolication
0x000000000d8a9000 	/System/Library/PrivateFrameworks/SpeechRecognitionCore.framework/Versions/A/SpeechRecognitionCore
0x000000010a200000 	/Library/Java/JavaVirtualMachines/jdk1.8.0.jdk/Contents/Home/jre/lib/server/libjvm.dylib
0x000000000d8a9000 	/usr/lib/libstdc++.6.dylib
0x000000010992f000 	/Library/Java/JavaVirtualMachines/jdk1.8.0.jdk/Contents/Home/jre/lib/libverify.dylib
0x000000010993d000 	/Library/Java/JavaVirtualMachines/jdk1.8.0.jdk/Contents/Home/jre/lib/libjava.dylib
0x0000000109972000 	/Library/Java/JavaVirtualMachines/jdk1.8.0.jdk/Contents/Home/jre/lib/libjdwp.dylib
0x00000001099bd000 	/Library/Java/JavaVirtualMachines/jdk1.8.0.jdk/Contents/Home/jre/lib/libnpt.dylib
0x00000001099ca000 	/Library/Java/JavaVirtualMachines/jdk1.8.0.jdk/Contents/Home/jre/lib/libzip.dylib
0x000000012110a000 	/System/Library/Frameworks/JavaVM.framework/Frameworks/JavaRuntimeSupport.framework/JavaRuntimeSupport
0x0000000121120000 	/System/Library/Frameworks/JavaVM.framework/Versions/A/Frameworks/JavaNativeFoundation.framework/Versions/A/JavaNativeFoundation
0x0000000121134000 	/System/Library/Frameworks/JavaVM.framework/Versions/A/JavaVM
0x000000000d8a9000 	/System/Library/Frameworks/Carbon.framework/Versions/A/Carbon
0x0000000121140000 	/System/Library/PrivateFrameworks/JavaLaunching.framework/Versions/A/JavaLaunching
0x000000000d8a9000 	/System/Library/Frameworks/Carbon.framework/Versions/A/Frameworks/CommonPanels.framework/Versions/A/CommonPanels
0x000000000d8a9000 	/System/Library/Frameworks/Carbon.framework/Versions/A/Frameworks/Help.framework/Versions/A/Help
0x000000000d8a9000 	/System/Library/Frameworks/Carbon.framework/Versions/A/Frameworks/ImageCapture.framework/Versions/A/ImageCapture
0x000000000d8a9000 	/System/Library/Frameworks/Carbon.framework/Versions/A/Frameworks/OpenScripting.framework/Versions/A/OpenScripting
0x000000000d8a9000 	/System/Library/Frameworks/Carbon.framework/Versions/A/Frameworks/Print.framework/Versions/A/Print
0x000000000d8a9000 	/System/Library/Frameworks/Carbon.framework/Versions/A/Frameworks/SecurityHI.framework/Versions/A/SecurityHI
0x0000000122a4b000 	/Library/Java/JavaVirtualMachines/jdk1.8.0.jdk/Contents/Home/jre/lib/libdt_socket.dylib
0x0000000123422000 	/Library/Java/JavaVirtualMachines/jdk1.8.0.jdk/Contents/Home/jre/lib/libnet.dylib
0x0000000123480000 	/Library/Java/JavaVirtualMachines/jdk1.8.0.jdk/Contents/Home/jre/lib/libnio.dylib
0x0000000123695000 	/Library/Java/JavaVirtualMachines/jdk1.8.0.jdk/Contents/Home/jre/lib/libawt.dylib
0x0000000123744000 	/Library/Java/JavaVirtualMachines/jdk1.8.0.jdk/Contents/Home/jre/lib/./libmlib_image.dylib
0x0000000123810000 	/Library/Java/JavaVirtualMachines/jdk1.8.0.jdk/Contents/Home/jre/lib/libawt_lwawt.dylib
0x00000001238c2000 	/Library/Java/JavaVirtualMachines/jdk1.8.0.jdk/Contents/Home/jre/lib/./libosxapp.dylib
0x000000000d8a9000 	/System/Library/Frameworks/ExceptionHandling.framework/Versions/A/ExceptionHandling
0x000000000d8a9000 	/System/Library/PrivateFrameworks/CoreServicesInternal.framework/Versions/A/CoreServicesInternal
0x000000000d8a9000 	/System/Library/PrivateFrameworks/CloudDocs.framework/Versions/A/CloudDocs
0x000000000d8a9000 	/System/Library/PrivateFrameworks/CoreDuet.framework/Versions/A/CoreDuet
0x000000000d8a9000 	/System/Library/Frameworks/CloudKit.framework/Versions/A/CloudKit
0x000000000d8a9000 	/System/Library/PrivateFrameworks/ProtocolBuffer.framework/Versions/A/ProtocolBuffer
0x000000000d8a9000 	/System/Library/PrivateFrameworks/CoreDuetDaemonProtocol.framework/Versions/A/CoreDuetDaemonProtocol
0x000000000d8a9000 	/System/Library/PrivateFrameworks/CoreDuetDebugLogging.framework/Versions/A/CoreDuetDebugLogging
0x000000000d8a9000 	/System/Library/Frameworks/CoreLocation.framework/Versions/A/CoreLocation
0x000000000d8a9000 	/System/Library/Frameworks/Accounts.framework/Versions/A/Accounts
0x000000000d8a9000 	/System/Library/PrivateFrameworks/ApplePushService.framework/Versions/A/ApplePushService
0x000000000d8a9000 	/System/Library/PrivateFrameworks/GeoServices.framework/Versions/A/GeoServices
0x000000000d8a9000 	/System/Library/PrivateFrameworks/OAuth.framework/Versions/A/OAuth
0x000000000d8a9000 	/System/Library/PrivateFrameworks/CoreDaemon.framework/Versions/B/CoreDaemon
0x000000000d8a9000 	/usr/lib/libcrypto.0.9.8.dylib
0x000000000d8a9000 	/System/Library/PrivateFrameworks/AppleSRP.framework/Versions/A/AppleSRP
0x000000000d8a9000 	/System/Library/PrivateFrameworks/TrustEvaluationAgent.framework/Versions/A/TrustEvaluationAgent
0x000000000d8a9000 	/System/Library/Frameworks/CoreGraphics.framework/Versions/A/Resources/libCGCMS.A.dylib
0x000000000d8a9000 	/System/Library/Frameworks/CoreGraphics.framework/Versions/A/Resources/libRIP.A.dylib
0x000000000d8a9000 	/System/Library/Frameworks/CoreGraphics.framework/Versions/A/Resources/libCGXType.A.dylib
0x000000000d8a9000 	/System/Library/Frameworks/OpenCL.framework/Versions/A/Libraries/libcldcpuengine.dylib
0x000000000d8a9000 	/System/Library/PrivateFrameworks/DiskImages.framework/Versions/A/DiskImages
0x000000000d8a9000 	/System/Library/Frameworks/DiscRecording.framework/Versions/A/DiscRecording
0x000000000d8a9000 	/usr/lib/libcsfde.dylib
0x000000000d8a9000 	/usr/lib/libcurl.4.dylib
0x000000000d8a9000 	/System/Library/PrivateFrameworks/MediaKit.framework/Versions/A/MediaKit
0x000000000d8a9000 	/System/Library/PrivateFrameworks/ProtectedCloudStorage.framework/Versions/A/ProtectedCloudStorage
0x000000000d8a9000 	/usr/lib/libCoreStorage.dylib
0x000000000d8a9000 	/System/Library/PrivateFrameworks/EFILogin.framework/Versions/A/EFILogin
0x000000000d8a9000 	/usr/lib/libutil.dylib
0x000000000d8a9000 	/System/Library/PrivateFrameworks/FindMyDevice.framework/Versions/A/FindMyDevice
0x000000000d8a9000 	/System/Library/Frameworks/LDAP.framework/Versions/A/LDAP
0x000000000d8a9000 	/usr/lib/libsasl2.2.dylib
0x0000000126382000 	cl_kernels
0x0000000126384000 	/System/Library/Frameworks/OpenCL.framework/Versions/A/Libraries/ImageFormats/unorm8_bgra.dylib
0x00000001264ae000 	cl_kernels
0x000000000d8a9000 	/System/Library/PrivateFrameworks/FamilyControls.framework/Versions/A/FamilyControls
0x000000000d8a9000 	/System/Library/PrivateFrameworks/CommerceKit.framework/Versions/A/Frameworks/CommerceCore.framework/Versions/A/CommerceCore
0x000000000d8a9000 	/System/Library/PrivateFrameworks/SystemAdministration.framework/Versions/A/SystemAdministration
0x000000000d8a9000 	/System/Library/PrivateFrameworks/AppContainer.framework/Versions/A/AppContainer
0x000000000d8a9000 	/System/Library/PrivateFrameworks/SecCodeWrapper.framework/Versions/A/SecCodeWrapper
0x000000000d8a9000 	/System/Library/Frameworks/DirectoryService.framework/Versions/A/DirectoryService
0x000000000d8a9000 	/System/Library/PrivateFrameworks/LoginUIKit.framework/Versions/A/Frameworks/LoginUICore.framework/Versions/A/LoginUICore
0x000000000d8a9000 	/usr/lib/libodfde.dylib

VM Arguments:
jvm_args: -agentlib:jdwp=transport=dt_socket,suspend=y,address=localhost:65129 -Dfile.encoding=UTF-8 
java_command: b.b
java_class_path (initial): /Users/calin/Documents/works/a/bin:/Users/calin/Documents/works/a/lib/mysql-connector-java-5.1.31-bin.jar:/Users/calin/Documents/works/a/lib/aws-java-sdk-1.8.0.jar:/Users/calin/Documents/works/a/lib/commons-logging-1.1.3.jar:/Users/calin/Documents/works/a/lib/httpclient-4.3.4.jar:/Users/calin/Documents/works/a/lib/httpcore-4.3.2.jar:/Users/calin/Documents/works/a/lib/jackson-core-2.2.4.jar:/Users/calin/Documents/works/a/lib/jackson-databind-2.2.4.jar:/Users/calin/Documents/works/a/lib/jackson-annotations-2.4.0.jar:/Users/calin/Documents/works/a/lib/joda-time-2.3.jar
Launcher Type: SUN_STANDARD

Environment Variables:
PATH=/usr/bin:/bin:/usr/sbin:/sbin
SHELL=/bin/bash

Signal Handlers:
SIGSEGV: [libjvm.dylib+0x55faef], sa_mask[0]=0xfffefeff, sa_flags=0x00000043
SIGBUS: [libjvm.dylib+0x55faef], sa_mask[0]=0xfffefeff, sa_flags=0x00000042
SIGFPE: [libjvm.dylib+0x44305a], sa_mask[0]=0xfffefeff, sa_flags=0x00000042
SIGPIPE: [libjvm.dylib+0x44305a], sa_mask[0]=0xfffefeff, sa_flags=0x00000042
SIGXFSZ: [libjvm.dylib+0x44305a], sa_mask[0]=0xfffefeff, sa_flags=0x00000042
SIGILL: [libjvm.dylib+0x44305a], sa_mask[0]=0xfffefeff, sa_flags=0x00000042
SIGUSR1: SIG_DFL, sa_mask[0]=0x00000000, sa_flags=0x00000000
SIGUSR2: [libjvm.dylib+0x442b78], sa_mask[0]=0x00000004, sa_flags=0x00000042
SIGHUP: [libjvm.dylib+0x440f05], sa_mask[0]=0xfffefeff, sa_flags=0x00000042
SIGINT: [libjvm.dylib+0x440f05], sa_mask[0]=0xfffefeff, sa_flags=0x00000042
SIGTERM: [libjvm.dylib+0x440f05], sa_mask[0]=0xfffefeff, sa_flags=0x00000042
SIGQUIT: [libjvm.dylib+0x440f05], sa_mask[0]=0xfffefeff, sa_flags=0x00000042


---------------  S Y S T E M  ---------------

OS:Bsduname:Darwin 14.0.0 Darwin Kernel Version 14.0.0: Fri Sep 19 00:26:44 PDT 2014; root:xnu-2782.1.97~2/RELEASE_X86_64 x86_64
rlimit: STACK 8192k, CORE 0k, NPROC 709, NOFILE 10240, AS infinity
load average:1.36 1.47 1.49

CPU:total 4 (2 cores per cpu, 2 threads per core) family 6 model 69 stepping 1, cmov, cx8, fxsr, mmx, sse, sse2, sse3, ssse3, sse4.1, sse4.2, popcnt, avx, avx2, aes, clmul, erms, ht, tsc, tscinvbit

Memory: 4k page, physical 8388608k(2026904k free)

/proc/meminfo:


vm_info: Java HotSpot(TM) 64-Bit Server VM (25.0-b70) for bsd-amd64 JRE (1.8.0-b132), built on Mar  4 2014 03:11:43 by "java_re" with gcc 4.2.1 (Based on Apple Inc. build 5658) (LLVM build 2336.11.00)

time: Mon Dec  8 14:52:35 2014
elapsed time: 370 seconds

