#
# A fatal error has been detected by the Java Runtime Environment:
#
#  SIGSEGV (0xb) at pc=0x000000010fc1e9a0, pid=1276, tid=16387
#
# JRE version: Java(TM) SE Runtime Environment (8.0-b132) (build 1.8.0-b132)
# Java VM: Java HotSpot(TM) 64-Bit Server VM (25.0-b70 mixed mode bsd-amd64 compressed oops)
# Problematic frame:
# V  [libjvm.dylib+0x40b9a0]  Method::checked_resolve_jmethod_id(_jmethodID*)+0xe
#
# Failed to write core dump. Core dumps have been disabled. To enable core dumping, try "ulimit -c unlimited" before starting Java again
#
# If you would like to submit a bug report, please visit:
#   http://bugreport.sun.com/bugreport/crash.jsp
#

---------------  T H R E A D  ---------------

Current thread (0x00007ffadc028000):  JavaThread "JDWP Transport Listener: dt_socket" daemon [_thread_in_vm, id=16387, stack(0x00000001281b4000,0x00000001282b4000)]

siginfo:si_signo=SIGSEGV: si_errno=0, si_code=0 (SEGV0), si_addr=0x0000000000000000

Registers:
RAX=0x0000000000000001, RBX=0x00000001282b3a8b, RCX=0x000000010ffc2780, RDX=0x00000001282b3a8b
RSP=0x00000001282b39d0, RBP=0x00000001282b39e0, RSI=0x00007ffadc028000, RDI=0x7300000000000000
R8 =0x0000000000000000, R9 =0x00007ffadad00000, R10=0x0000000000000010, R11=0x00007ffadad00000
R12=0x00007ffadc028000, R13=0x7300000000000000, R14=0x7300000000000000, R15=0x00007ffadaf03350
RIP=0x000000010fc1e9a0, EFLAGS=0x0000000000010206, ERR=0x0000000000000000
  TRAPNO=0x000000000000000d

Top of Stack: (sp=0x00000001282b39d0)
0x00000001282b39d0:   00000001282b3a8b 00000001282b3a8b
0x00000001282b39e0:   00000001282b3a40 000000010fb37cee
0x00000001282b39f0:   00007ffadc028000 0000000000000000
0x00000001282b3a00:   0000000000000000 0000000000000000
0x00000001282b3a10:   00007ffadc028000 00007ffadc028000
0x00000001282b3a20:   00000001282b3a8b 00000001282b3a90
0x00000001282b3a30:   7300000000000000 0000000000000004
0x00000001282b3a40:   00000001282b3a60 00000001108377dc
0x00000001282b3a50:   0000000000000001 00000001282b3b08
0x00000001282b3a60:   00000001282b3ad0 000000011081c263
0x00000001282b3a70:   00000001282b3aa0 00007ffadada6230
0x00000001282b3a80:   0000000500000032 f000100a012b3b08
0x00000001282b3a90:   0000000000000000 0000000000000000
0x00000001282b3aa0:   0000000000000000 00000001282b3c90
0x00000001282b3ab0:   000000011083eeca 00007ffadad4cd40
0x00000001282b3ac0:   00000001282b3b08 000000011084a588
0x00000001282b3ad0:   00000001282b3ae0 000000011081c35c
0x00000001282b3ae0:   00000001282b3d00 00000001108258f6
0x00000001282b3af0:   0000578c00000013 00000000000f0200
0x00000001282b3b00:   00007ffadada6630 00000001282b3c4b
0x00000001282b3b10:   00007ffa00000039 00000001282b3b20
0x00000001282b3b20:   00007ffa000000f3 00000001282b3b58
0x00000001282b3b30:   0000000000000000 00007f0000000000
0x00000001282b3b40:   0000578c00000129 00007fff00001080
0x00000001282b3b50:   00000001282b3b58 fa7f000005000000
0x00000001282b3b60:   09000000a063f7da 745f656372756f73
0x00000001282b3b70:   624c280e0000006f 726574697277782f
0x00000001282b3b80:   000000000056293b dafa7f0000010000
0x00000001282b3b90:   62090000008063f7 6f745f7972616e69
0x00000001282b3ba0:   2f614c2811000000 62782f61622f7a70
0x00000001282b3bb0:   00000056293b6e69 7f00000100000000
0x00000001282b3bc0:   00000040d2c5dafa 246164626d616c08 

Instructions: (pc=0x000000010fc1e9a0)
0x000000010fc1e980:   40 48 48 85 c0 75 e0 30 c0 0f b6 c0 5d c3 31 c0
0x000000010fc1e990:   5d c3 55 48 89 e5 53 48 83 ec 08 48 85 ff 74 24
0x000000010fc1e9a0:   48 8b 1f 48 85 db 74 1c 48 83 fb 37 74 16 48 8b
0x000000010fc1e9b0:   03 48 89 df ff 50 08 84 c0 b8 00 00 00 00 48 0f 

Register to memory mapping:

RAX=0x0000000000000001 is an unknown value
RBX=0x00000001282b3a8b is pointing into the stack for thread: 0x00007ffadc028000
RCX=0x000000010ffc2780: UseMembar+0 in /Library/Java/JavaVirtualMachines/jdk1.8.0.jdk/Contents/Home/jre/lib/server/libjvm.dylib at 0x000000010f813000
RDX=0x00000001282b3a8b is pointing into the stack for thread: 0x00007ffadc028000
RSP=0x00000001282b39d0 is pointing into the stack for thread: 0x00007ffadc028000
RBP=0x00000001282b39e0 is pointing into the stack for thread: 0x00007ffadc028000
RSI=0x00007ffadc028000 is a thread
RDI=0x7300000000000000 is an unknown value
R8 =0x0000000000000000 is an unknown value
R9 =0x00007ffadad00000 is an unknown value
R10=0x0000000000000010 is an unknown value
R11=0x00007ffadad00000 is an unknown value
R12=0x00007ffadc028000 is a thread
R13=0x7300000000000000 is an unknown value
R14=0x7300000000000000 is an unknown value
R15=0x00007ffadaf03350 is an unknown value


Stack: [0x00000001281b4000,0x00000001282b4000],  sp=0x00000001282b39d0,  free space=1022k
Native frames: (J=compiled Java code, j=interpreted, Vv=VM code, C=native code)
V  [libjvm.dylib+0x40b9a0]  Method::checked_resolve_jmethod_id(_jmethodID*)+0xe
V  [libjvm.dylib+0x324cee]  jvmti_IsMethodSynthetic+0xb2
C  [libjdwp.dylib+0x207dc]  isMethodSynthetic+0x63
C  [libjdwp.dylib+0x5263]  methods1+0x10b
C  [libjdwp.dylib+0x535c]  methodsWithGeneric+0xe
C  [libjdwp.dylib+0xe8f6]  debugLoop_run+0x1ce
C  [libjdwp.dylib+0x1f716]  attachThread+0x4d
V  [libjvm.dylib+0x365d5e]  JvmtiAgentThread::call_start_function()+0x38
V  [libjvm.dylib+0x51d005]  JavaThread::thread_main_inner()+0x9b
V  [libjvm.dylib+0x51e742]  JavaThread::run()+0x1c2
V  [libjvm.dylib+0x445786]  java_start(Thread*)+0xf6
C  [libsystem_pthread.dylib+0x32fc]  _pthread_body+0x83
C  [libsystem_pthread.dylib+0x3279]  _pthread_body+0x0
C  [libsystem_pthread.dylib+0x14b1]  thread_start+0xd


---------------  P R O C E S S  ---------------

Java Threads: ( => current thread )
  0x00007ffadc973800 JavaThread "t14" [_thread_blocked, id=52487, stack(0x000000012d9ec000,0x000000012daec000)]
  0x00007ffadb0e7000 JavaThread "t13" [_thread_blocked, id=31259, stack(0x000000012d8e9000,0x000000012d9e9000)]
  0x00007ffadc86f000 JavaThread "t12" [_thread_blocked, id=23827, stack(0x000000012d7e6000,0x000000012d8e6000)]
  0x00007ffadc86e800 JavaThread "t11" [_thread_blocked, id=13063, stack(0x000000012d6e3000,0x000000012d7e3000)]
  0x00007ffadc86c800 JavaThread "t10" [_thread_blocked, id=12807, stack(0x000000012d5e0000,0x000000012d6e0000)]
  0x00007ffadc86c000 JavaThread "t9" [_thread_blocked, id=51235, stack(0x000000012d4dd000,0x000000012d5dd000)]
  0x00007ffadb9b1800 JavaThread "t8" [_thread_blocked, id=51035, stack(0x000000012d3da000,0x000000012d4da000)]
  0x00007ffadc095800 JavaThread "t7" [_thread_blocked, id=26631, stack(0x000000012d2d7000,0x000000012d3d7000)]
  0x00007ffadb865000 JavaThread "t6" [_thread_blocked, id=39191, stack(0x000000012d1d4000,0x000000012d2d4000)]
  0x00007ffadb867800 JavaThread "t5" [_thread_blocked, id=38951, stack(0x000000012d0d1000,0x000000012d1d1000)]
  0x00007ffadc932000 JavaThread "t4" [_thread_blocked, id=38711, stack(0x000000012a473000,0x000000012a573000)]
  0x00007ffadb0c0000 JavaThread "t3" [_thread_blocked, id=39431, stack(0x00000001291b6000,0x00000001292b6000)]
  0x00007ffadc110000 JavaThread "t2" [_thread_blocked, id=44695, stack(0x000000012692c000,0x0000000126a2c000)]
  0x00007ffadb833000 JavaThread "t1" [_thread_blocked, id=51715, stack(0x000000012cddc000,0x000000012cedc000)]
  0x00007ffadc925000 JavaThread "AWT-AppKit" daemon [_thread_in_native, id=1811, stack(0x00007fff50505000,0x00007fff50d05000)]
  0x00007ffadb854800 JavaThread "t0" [_thread_blocked, id=20995, stack(0x0000000128cf4000,0x0000000128df4000)]
  0x00007ffadc840000 JavaThread "watch" [_thread_blocked, id=20483, stack(0x0000000128bf1000,0x0000000128cf1000)]
  0x00007ffadb83d000 JavaThread "Service Thread" daemon [_thread_blocked, id=19459, stack(0x00000001287c6000,0x00000001288c6000)]
  0x00007ffadb832800 JavaThread "C1 CompilerThread2" daemon [_thread_blocked, id=18947, stack(0x00000001286c3000,0x00000001287c3000)]
  0x00007ffadb831800 JavaThread "C2 CompilerThread1" daemon [_thread_blocked, id=18435, stack(0x00000001285c0000,0x00000001286c0000)]
  0x00007ffadb025000 JavaThread "C2 CompilerThread0" daemon [_thread_in_native, id=17923, stack(0x00000001284bd000,0x00000001285bd000)]
  0x00007ffadb824800 JavaThread "JDWP Command Reader" daemon [_thread_in_native, id=17411, stack(0x00000001283ba000,0x00000001284ba000)]
  0x00007ffadc029000 JavaThread "JDWP Event Helper Thread" daemon [_thread_blocked, id=16899, stack(0x00000001282b7000,0x00000001283b7000)]
=>0x00007ffadc028000 JavaThread "JDWP Transport Listener: dt_socket" daemon [_thread_in_vm, id=16387, stack(0x00000001281b4000,0x00000001282b4000)]
  0x00007ffadb830000 JavaThread "Signal Dispatcher" daemon [_thread_blocked, id=12307, stack(0x00000001280aa000,0x00000001281aa000)]
  0x00007ffadc048000 JavaThread "Finalizer" daemon [_thread_blocked, id=11523, stack(0x00000001267e8000,0x00000001268e8000)]
  0x00007ffadc047800 JavaThread "Reference Handler" daemon [_thread_blocked, id=11011, stack(0x00000001266e5000,0x00000001267e5000)]
  0x00007ffadb005000 JavaThread "main" [_thread_in_native, id=4867, stack(0x00000001106d3000,0x00000001107d3000)]

Other Threads:
  0x00007ffadc042800 VMThread [stack: 0x00000001265e2000,0x00000001266e2000] [id=10499]
  0x00007ffadb846000 WatcherThread [stack: 0x00000001288c9000,0x00000001289c9000] [id=19971]

VM state:not at safepoint (normal execution)

VM Mutex/Monitor currently owned by a thread: None

Heap:
 PSYoungGen      total 8704K, used 2184K [0x0000000795580000, 0x0000000796480000, 0x00000007c0000000)
  eden space 8192K, 23% used [0x0000000795580000,0x000000079575a130,0x0000000795d80000)
  from space 512K, 56% used [0x0000000796400000,0x0000000796448000,0x0000000796480000)
  to   space 1536K, 0% used [0x0000000796180000,0x0000000796180000,0x0000000796300000)
 ParOldGen       total 129536K, used 2216K [0x0000000740000000, 0x0000000747e80000, 0x0000000795580000)
  object space 129536K, 1% used [0x0000000740000000,0x000000074022a110,0x0000000747e80000)
 Metaspace       used 7518K, capacity 7702K, committed 7808K, reserved 1056768K
  class space    used 828K, capacity 873K, committed 896K, reserved 1048576K

Card table byte_map: [0x000000011fc37000,0x0000000120038000] byte_map_base: 0x000000011c237000

Marking Bits: (ParMarkBitMap*) 0x00000001100790a0
 Begin Bits: [0x00000001206ef000, 0x00000001226ef000)
 End Bits:   [0x00000001226ef000, 0x00000001246ef000)

Polling page: 0x000000010effd000

CodeCache: size=245760Kb used=3049Kb max_used=3049Kb free=242710Kb
 bounds [0x0000000110877000, 0x0000000110b77000, 0x000000011f877000]
 total_blobs=1060 nmethods=720 adapters=264
 compilation: enabled

Compilation events (10 events):
Event: 393.012 Thread 0x00007ffadb832800  710       3       a.pz.ba.statement::read_annot (57 bytes)
Event: 393.012 Thread 0x00007ffadb831800 nmethod 714 0x0000000110b65290 code [0x0000000110b653e0, 0x0000000110b65498]
Event: 393.013 Thread 0x00007ffadb832800 nmethod 710 0x0000000110b65850 code [0x0000000110b65a80, 0x0000000110b66548]
Event: 393.013 Thread 0x00007ffadb832800  715   !   3       java.lang.ClassLoader::getPackage (118 bytes)
Event: 393.014 Thread 0x00007ffadb832800 nmethod 715 0x0000000110b6b850 code [0x0000000110b6ba60, 0x0000000110b6c758]
Event: 393.014 Thread 0x00007ffadb832800  717       3       a.pz.ba.def_func$$Lambda$6/23895290::accept (12 bytes)
Event: 393.015 Thread 0x00007ffadb832800 nmethod 717 0x0000000110b60190 code [0x0000000110b60340, 0x0000000110b60888]
Event: 393.015 Thread 0x00007ffadb832800  716       3       a.pz.ba.def::source_to (42 bytes)
Event: 393.017 Thread 0x00007ffadb832800 nmethod 716 0x0000000110b6cd50 code [0x0000000110b6d0c0, 0x0000000110b6eb98]
Event: 393.017 Thread 0x00007ffadb832800  719       3       a.pz.ba.block::source_to (47 bytes)

GC Heap History (10 events):
Event: 2.374 GC heap before
{Heap before GC invocations=6 (full 0):
 PSYoungGen      total 2560K, used 2544K [0x0000000795580000, 0x0000000795c80000, 0x00000007c0000000)
  eden space 2048K, 100% used [0x0000000795580000,0x0000000795780000,0x0000000795780000)
  from space 512K, 96% used [0x0000000795780000,0x00000007957fc010,0x0000000795800000)
  to   space 1536K, 0% used [0x0000000795b00000,0x0000000795b00000,0x0000000795c80000)
 ParOldGen       total 129536K, used 1492K [0x0000000740000000, 0x0000000747e80000, 0x0000000795580000)
  object space 129536K, 1% used [0x0000000740000000,0x0000000740175060,0x0000000747e80000)
 Metaspace       used 7129K, capacity 7266K, committed 7552K, reserved 1056768K
  class space    used 798K, capacity 827K, committed 896K, reserved 1048576K
Event: 2.378 GC heap after
Heap after GC invocations=6 (full 0):
 PSYoungGen      total 5632K, used 736K [0x0000000795580000, 0x0000000795c80000, 0x00000007c0000000)
  eden space 4096K, 0% used [0x0000000795580000,0x0000000795580000,0x0000000795980000)
  from space 1536K, 47% used [0x0000000795b00000,0x0000000795bb8020,0x0000000795c80000)
  to   space 1536K, 0% used [0x0000000795980000,0x0000000795980000,0x0000000795b00000)
 ParOldGen       total 129536K, used 1492K [0x0000000740000000, 0x0000000747e80000, 0x0000000795580000)
  object space 129536K, 1% used [0x0000000740000000,0x0000000740175060,0x0000000747e80000)
 Metaspace       used 7129K, capacity 7266K, committed 7552K, reserved 1056768K
  class space    used 798K, capacity 827K, committed 896K, reserved 1048576K
}
Event: 8.930 GC heap before
{Heap before GC invocations=7 (full 0):
 PSYoungGen      total 5632K, used 4832K [0x0000000795580000, 0x0000000795c80000, 0x00000007c0000000)
  eden space 4096K, 100% used [0x0000000795580000,0x0000000795980000,0x0000000795980000)
  from space 1536K, 47% used [0x0000000795b00000,0x0000000795bb8020,0x0000000795c80000)
  to   space 1536K, 0% used [0x0000000795980000,0x0000000795980000,0x0000000795b00000)
 ParOldGen       total 129536K, used 1492K [0x0000000740000000, 0x0000000747e80000, 0x0000000795580000)
  object space 129536K, 1% used [0x0000000740000000,0x0000000740175060,0x0000000747e80000)
 Metaspace       used 7245K, capacity 7368K, committed 7552K, reserved 1056768K
  class space    used 811K, capacity 860K, committed 896K, reserved 1048576K
Event: 8.934 GC heap after
Heap after GC invocations=7 (full 0):
 PSYoungGen      total 5632K, used 752K [0x0000000795580000, 0x0000000796080000, 0x00000007c0000000)
  eden space 4096K, 0% used [0x0000000795580000,0x0000000795580000,0x0000000795980000)
  from space 1536K, 48% used [0x0000000795980000,0x0000000795a3c010,0x0000000795b00000)
  to   space 1536K, 0% used [0x0000000795f00000,0x0000000795f00000,0x0000000796080000)
 ParOldGen       total 129536K, used 1676K [0x0000000740000000, 0x0000000747e80000, 0x0000000795580000)
  object space 129536K, 1% used [0x0000000740000000,0x00000007401a30b0,0x0000000747e80000)
 Metaspace       used 7245K, capacity 7368K, committed 7552K, reserved 1056768K
  class space    used 811K, capacity 860K, committed 896K, reserved 1048576K
}
Event: 19.727 GC heap before
{Heap before GC invocations=8 (full 0):
 PSYoungGen      total 5632K, used 4848K [0x0000000795580000, 0x0000000796080000, 0x00000007c0000000)
  eden space 4096K, 100% used [0x0000000795580000,0x0000000795980000,0x0000000795980000)
  from space 1536K, 48% used [0x0000000795980000,0x0000000795a3c010,0x0000000795b00000)
  to   space 1536K, 0% used [0x0000000795f00000,0x0000000795f00000,0x0000000796080000)
 ParOldGen       total 129536K, used 1676K [0x0000000740000000, 0x0000000747e80000, 0x0000000795580000)
  object space 129536K, 1% used [0x0000000740000000,0x00000007401a30b0,0x0000000747e80000)
 Metaspace       used 7349K, capacity 7502K, committed 7552K, reserved 1056768K
  class space    used 819K, capacity 861K, committed 896K, reserved 1048576K
Event: 19.729 GC heap after
Heap after GC invocations=8 (full 0):
 PSYoungGen      total 9728K, used 512K [0x0000000795580000, 0x0000000796080000, 0x00000007c0000000)
  eden space 8192K, 0% used [0x0000000795580000,0x0000000795580000,0x0000000795d80000)
  from space 1536K, 33% used [0x0000000795f00000,0x0000000795f80000,0x0000000796080000)
  to   space 1536K, 0% used [0x0000000795d80000,0x0000000795d80000,0x0000000795f00000)
 ParOldGen       total 129536K, used 1884K [0x0000000740000000, 0x0000000747e80000, 0x0000000795580000)
  object space 129536K, 1% used [0x0000000740000000,0x00000007401d70e0,0x0000000747e80000)
 Metaspace       used 7349K, capacity 7502K, committed 7552K, reserved 1056768K
  class space    used 819K, capacity 861K, committed 896K, reserved 1048576K
}
Event: 140.322 GC heap before
{Heap before GC invocations=9 (full 0):
 PSYoungGen      total 9728K, used 8704K [0x0000000795580000, 0x0000000796080000, 0x00000007c0000000)
  eden space 8192K, 100% used [0x0000000795580000,0x0000000795d80000,0x0000000795d80000)
  from space 1536K, 33% used [0x0000000795f00000,0x0000000795f80000,0x0000000796080000)
  to   space 1536K, 0% used [0x0000000795d80000,0x0000000795d80000,0x0000000795f00000)
 ParOldGen       total 129536K, used 1884K [0x0000000740000000, 0x0000000747e80000, 0x0000000795580000)
  object space 129536K, 1% used [0x0000000740000000,0x00000007401d70e0,0x0000000747e80000)
 Metaspace       used 7446K, capacity 7672K, committed 7808K, reserved 1056768K
  class space    used 824K, capacity 868K, committed 896K, reserved 1048576K
Event: 140.326 GC heap after
Heap after GC invocations=9 (full 0):
 PSYoungGen      total 9728K, used 320K [0x0000000795580000, 0x0000000796580000, 0x00000007c0000000)
  eden space 8192K, 0% used [0x0000000795580000,0x0000000795580000,0x0000000795d80000)
  from space 1536K, 20% used [0x0000000795d80000,0x0000000795dd0000,0x0000000795f00000)
  to   space 1536K, 0% used [0x0000000796400000,0x0000000796400000,0x0000000796580000)
 ParOldGen       total 129536K, used 2172K [0x0000000740000000, 0x0000000747e80000, 0x0000000795580000)
  object space 129536K, 1% used [0x0000000740000000,0x000000074021f0e0,0x0000000747e80000)
 Metaspace       used 7446K, capacity 7672K, committed 7808K, reserved 1056768K
  class space    used 824K, capacity 868K, committed 896K, reserved 1048576K
}
Event: 359.162 GC heap before
{Heap before GC invocations=10 (full 0):
 PSYoungGen      total 9728K, used 8512K [0x0000000795580000, 0x0000000796580000, 0x00000007c0000000)
  eden space 8192K, 100% used [0x0000000795580000,0x0000000795d80000,0x0000000795d80000)
  from space 1536K, 20% used [0x0000000795d80000,0x0000000795dd0000,0x0000000795f00000)
  to   space 1536K, 0% used [0x0000000796400000,0x0000000796400000,0x0000000796580000)
 ParOldGen       total 129536K, used 2172K [0x0000000740000000, 0x0000000747e80000, 0x0000000795580000)
  object space 129536K, 1% used [0x0000000740000000,0x000000074021f0e0,0x0000000747e80000)
 Metaspace       used 7489K, capacity 7690K, committed 7808K, reserved 1056768K
  class space    used 826K, capacity 871K, committed 896K, reserved 1048576K
Event: 359.164 GC heap after
Heap after GC invocations=10 (full 0):
 PSYoungGen      total 8704K, used 288K [0x0000000795580000, 0x0000000796480000, 0x00000007c0000000)
  eden space 8192K, 0% used [0x0000000795580000,0x0000000795580000,0x0000000795d80000)
  from space 512K, 56% used [0x0000000796400000,0x0000000796448000,0x0000000796480000)
  to   space 1536K, 0% used [0x0000000796180000,0x0000000796180000,0x0000000796300000)
 ParOldGen       total 129536K, used 2216K [0x0000000740000000, 0x0000000747e80000, 0x0000000795580000)
  object space 129536K, 1% used [0x0000000740000000,0x000000074022a110,0x0000000747e80000)
 Metaspace       used 7489K, capacity 7690K, committed 7808K, reserved 1056768K
  class space    used 826K, capacity 871K, committed 896K, reserved 1048576K
}

Deoptimization events (5 events):
Event: 8.854 Thread 0x00007ffadb833000 Uncommon trap: reason=null_check action=make_not_entrant pc=0x0000000110a6f498 method=java.lang.StringCoding.encode(Ljava/lang/String;[CII)[B @ 6
Event: 8.903 Thread 0x00007ffadb833000 Uncommon trap: reason=bimorphic action=maybe_recompile pc=0x0000000110a7ad90 method=b.xwriter.p(Ljava/lang/String;)Lb/xwriter; @ 14
Event: 8.904 Thread 0x00007ffadb833000 Uncommon trap: reason=bimorphic action=maybe_recompile pc=0x0000000110a7ad90 method=b.xwriter.p(Ljava/lang/String;)Lb/xwriter; @ 14
Event: 8.904 Thread 0x00007ffadb833000 Uncommon trap: reason=bimorphic action=maybe_recompile pc=0x0000000110a7ad90 method=b.xwriter.p(Ljava/lang/String;)Lb/xwriter; @ 14
Event: 8.904 Thread 0x00007ffadb833000 Uncommon trap: reason=bimorphic action=maybe_recompile pc=0x0000000110a7ad90 method=b.xwriter.p(Ljava/lang/String;)Lb/xwriter; @ 14

Internal exceptions (10 events):
Event: 2.262 Thread 0x00007ffadb854800 Exception <a 'java/io/FileNotFoundException'> (0x00000007956ebf58) thrown at [/HUDSON/workspace/8-2-build-macosx-x86_64/jdk8/2238/hotspot/src/share/vm/prims/jni.cpp, line 716]
Event: 2.379 Thread 0x00007ffadb005000 Exception <a 'java/security/PrivilegedActionException'> (0x0000000795592570) thrown at [/HUDSON/workspace/8-2-build-macosx-x86_64/jdk8/2238/hotspot/src/share/vm/prims/jvm.cpp, line 1248]
Event: 8.854 Thread 0x00007ffadb833000 Implicit null exception at 0x0000000110a6ebfa to 0x0000000110a6f489
Event: 8.888 Thread 0x00007ffadb833000 Exception <a 'java/security/PrivilegedActionException'> (0x00000007957f68a8) thrown at [/HUDSON/workspace/8-2-build-macosx-x86_64/jdk8/2238/hotspot/src/share/vm/prims/jvm.cpp, line 1248]
Event: 8.892 Thread 0x00007ffadb833000 Exception <a 'java/security/PrivilegedActionException'> (0x00000007957f81f0) thrown at [/HUDSON/workspace/8-2-build-macosx-x86_64/jdk8/2238/hotspot/src/share/vm/prims/jvm.cpp, line 1248]
Event: 137.305 Thread 0x00007ffadb867800 Exception <a 'java/io/IOException'> (0x0000000795748f18) thrown at [/HUDSON/workspace/8-2-build-macosx-x86_64/jdk8/2238/hotspot/src/share/vm/prims/jni.cpp, line 716]
Event: 137.348 Thread 0x00007ffadb865000 Exception <a 'java/io/IOException'> (0x0000000795b6bcc0) thrown at [/HUDSON/workspace/8-2-build-macosx-x86_64/jdk8/2238/hotspot/src/share/vm/prims/jni.cpp, line 716]
Event: 137.354 Thread 0x00007ffadb865000 Exception <a 'java/io/IOException'> (0x0000000795b6c728) thrown at [/HUDSON/workspace/8-2-build-macosx-x86_64/jdk8/2238/hotspot/src/share/vm/prims/jni.cpp, line 716]
Event: 137.358 Thread 0x00007ffadb865000 Exception <a 'java/lang/reflect/InvocationTargetException'> (0x0000000795b6cb90) thrown at [/HUDSON/workspace/8-2-build-macosx-x86_64/jdk8/2238/hotspot/src/share/vm/runtime/reflection.cpp, line 1079]
Event: 137.358 Thread 0x00007ffadb865000 Exception <a 'java/io/IOException'> (0x0000000795b6cf28) thrown at [/HUDSON/workspace/8-2-build-macosx-x86_64/jdk8/2238/hotspot/src/share/vm/prims/jni.cpp, line 716]

Events (10 events):
Event: 389.883 Executing VM operation: RedefineClasses done
Event: 393.004 Thread 0x00007ffadc973800 Thread added: 0x00007ffadc973800
Event: 393.011 loading class a/pz/ba/expression
Event: 393.011 loading class a/pz/ba/expression done
Event: 393.011 loading class a/pz/ba/expression
Event: 393.011 loading class a/pz/ba/expression done
Event: 393.015 loading class b/xwriter
Event: 393.015 loading class b/xwriter done
Event: 393.015 loading class b/xwriter
Event: 393.015 loading class b/xwriter done


Dynamic libraries:
0x000000000d8a9000 	/System/Library/Frameworks/Cocoa.framework/Versions/A/Cocoa
0x000000000d8a9000 	/System/Library/Frameworks/Security.framework/Versions/A/Security
0x000000000d8a9000 	/System/Library/Frameworks/ApplicationServices.framework/Versions/A/ApplicationServices
0x000000000d8a9000 	/usr/lib/libz.1.dylib
0x000000000d8a9000 	/usr/lib/libSystem.B.dylib
0x000000000d8a9000 	/usr/lib/libobjc.A.dylib
0x000000000d8a9000 	/System/Library/Frameworks/CoreFoundation.framework/Versions/A/CoreFoundation
0x000000000d8a9000 	/System/Library/Frameworks/Foundation.framework/Versions/C/Foundation
0x000000000d8a9000 	/System/Library/Frameworks/AppKit.framework/Versions/C/AppKit
0x000000000d8a9000 	/System/Library/Frameworks/CoreData.framework/Versions/A/CoreData
0x000000000d8a9000 	/System/Library/PrivateFrameworks/RemoteViewServices.framework/Versions/A/RemoteViewServices
0x000000000d8a9000 	/System/Library/PrivateFrameworks/UIFoundation.framework/Versions/A/UIFoundation
0x000000000d8a9000 	/System/Library/Frameworks/IOSurface.framework/Versions/A/IOSurface
0x000000000d8a9000 	/System/Library/Frameworks/AudioToolbox.framework/Versions/A/AudioToolbox
0x000000000d8a9000 	/System/Library/Frameworks/AudioUnit.framework/Versions/A/AudioUnit
0x000000000d8a9000 	/System/Library/PrivateFrameworks/DataDetectorsCore.framework/Versions/A/DataDetectorsCore
0x000000000d8a9000 	/System/Library/PrivateFrameworks/DesktopServicesPriv.framework/Versions/A/DesktopServicesPriv
0x000000000d8a9000 	/System/Library/Frameworks/Carbon.framework/Versions/A/Frameworks/HIToolbox.framework/Versions/A/HIToolbox
0x000000000d8a9000 	/System/Library/Frameworks/QuartzCore.framework/Versions/A/QuartzCore
0x000000000d8a9000 	/System/Library/Frameworks/Carbon.framework/Versions/A/Frameworks/SpeechRecognition.framework/Versions/A/SpeechRecognition
0x000000000d8a9000 	/usr/lib/libauto.dylib
0x000000000d8a9000 	/usr/lib/libicucore.A.dylib
0x000000000d8a9000 	/usr/lib/libxml2.2.dylib
0x000000000d8a9000 	/System/Library/PrivateFrameworks/CoreUI.framework/Versions/A/CoreUI
0x000000000d8a9000 	/System/Library/Frameworks/CoreAudio.framework/Versions/A/CoreAudio
0x000000000d8a9000 	/System/Library/Frameworks/DiskArbitration.framework/Versions/A/DiskArbitration
0x000000000d8a9000 	/usr/lib/liblangid.dylib
0x000000000d8a9000 	/System/Library/PrivateFrameworks/MultitouchSupport.framework/Versions/A/MultitouchSupport
0x000000000d8a9000 	/System/Library/Frameworks/IOKit.framework/Versions/A/IOKit
0x000000000d8a9000 	/usr/lib/libDiagnosticMessagesClient.dylib
0x000000000d8a9000 	/System/Library/Frameworks/CoreServices.framework/Versions/A/CoreServices
0x000000000d8a9000 	/System/Library/PrivateFrameworks/PerformanceAnalysis.framework/Versions/A/PerformanceAnalysis
0x000000000d8a9000 	/System/Library/PrivateFrameworks/GenerationalStorage.framework/Versions/A/GenerationalStorage
0x000000000d8a9000 	/System/Library/Frameworks/OpenGL.framework/Versions/A/OpenGL
0x000000000d8a9000 	/System/Library/PrivateFrameworks/Sharing.framework/Versions/A/Sharing
0x000000000d8a9000 	/System/Library/Frameworks/CoreGraphics.framework/Versions/A/CoreGraphics
0x000000000d8a9000 	/System/Library/Frameworks/CoreText.framework/Versions/A/CoreText
0x000000000d8a9000 	/System/Library/Frameworks/ImageIO.framework/Versions/A/ImageIO
0x000000000d8a9000 	/usr/lib/libextension.dylib
0x000000000d8a9000 	/System/Library/PrivateFrameworks/Backup.framework/Versions/A/Backup
0x000000000d8a9000 	/usr/lib/libarchive.2.dylib
0x000000000d8a9000 	/System/Library/Frameworks/CFNetwork.framework/Versions/A/CFNetwork
0x000000000d8a9000 	/System/Library/Frameworks/SystemConfiguration.framework/Versions/A/SystemConfiguration
0x000000000d8a9000 	/usr/lib/libCRFSuite.dylib
0x000000000d8a9000 	/usr/lib/libc++.1.dylib
0x000000000d8a9000 	/usr/lib/libc++abi.dylib
0x000000000d8a9000 	/usr/lib/system/libcache.dylib
0x000000000d8a9000 	/usr/lib/system/libcommonCrypto.dylib
0x000000000d8a9000 	/usr/lib/system/libcompiler_rt.dylib
0x000000000d8a9000 	/usr/lib/system/libcopyfile.dylib
0x000000000d8a9000 	/usr/lib/system/libcorecrypto.dylib
0x000000000d8a9000 	/usr/lib/system/libdispatch.dylib
0x000000000d8a9000 	/usr/lib/system/libdyld.dylib
0x000000000d8a9000 	/usr/lib/system/libkeymgr.dylib
0x000000000d8a9000 	/usr/lib/system/liblaunch.dylib
0x000000000d8a9000 	/usr/lib/system/libmacho.dylib
0x000000000d8a9000 	/usr/lib/system/libquarantine.dylib
0x000000000d8a9000 	/usr/lib/system/libremovefile.dylib
0x000000000d8a9000 	/usr/lib/system/libsystem_asl.dylib
0x000000000d8a9000 	/usr/lib/system/libsystem_blocks.dylib
0x000000000d8a9000 	/usr/lib/system/libsystem_c.dylib
0x000000000d8a9000 	/usr/lib/system/libsystem_configuration.dylib
0x000000000d8a9000 	/usr/lib/system/libsystem_coreservices.dylib
0x000000000d8a9000 	/usr/lib/system/libsystem_coretls.dylib
0x000000000d8a9000 	/usr/lib/system/libsystem_dnssd.dylib
0x000000000d8a9000 	/usr/lib/system/libsystem_info.dylib
0x000000000d8a9000 	/usr/lib/system/libsystem_kernel.dylib
0x000000000d8a9000 	/usr/lib/system/libsystem_m.dylib
0x000000000d8a9000 	/usr/lib/system/libsystem_malloc.dylib
0x000000000d8a9000 	/usr/lib/system/libsystem_network.dylib
0x000000000d8a9000 	/usr/lib/system/libsystem_networkextension.dylib
0x000000000d8a9000 	/usr/lib/system/libsystem_notify.dylib
0x000000000d8a9000 	/usr/lib/system/libsystem_platform.dylib
0x000000000d8a9000 	/usr/lib/system/libsystem_pthread.dylib
0x000000000d8a9000 	/usr/lib/system/libsystem_sandbox.dylib
0x000000000d8a9000 	/usr/lib/system/libsystem_secinit.dylib
0x000000000d8a9000 	/usr/lib/system/libsystem_stats.dylib
0x000000000d8a9000 	/usr/lib/system/libsystem_trace.dylib
0x000000000d8a9000 	/usr/lib/system/libunc.dylib
0x000000000d8a9000 	/usr/lib/system/libunwind.dylib
0x000000000d8a9000 	/usr/lib/system/libxpc.dylib
0x000000000d8a9000 	/usr/lib/libbz2.1.0.dylib
0x000000000d8a9000 	/usr/lib/liblzma.5.dylib
0x000000000d8a9000 	/usr/lib/libbsm.0.dylib
0x000000000d8a9000 	/usr/lib/libsqlite3.dylib
0x000000000d8a9000 	/usr/lib/system/libkxld.dylib
0x000000000d8a9000 	/usr/lib/libxar.1.dylib
0x000000000d8a9000 	/usr/lib/libpam.2.dylib
0x000000000d8a9000 	/usr/lib/libOpenScriptingUtil.dylib
0x000000000d8a9000 	/System/Library/Frameworks/CoreServices.framework/Versions/A/Frameworks/FSEvents.framework/Versions/A/FSEvents
0x000000000d8a9000 	/System/Library/Frameworks/CoreServices.framework/Versions/A/Frameworks/CarbonCore.framework/Versions/A/CarbonCore
0x000000000d8a9000 	/System/Library/Frameworks/CoreServices.framework/Versions/A/Frameworks/Metadata.framework/Versions/A/Metadata
0x000000000d8a9000 	/System/Library/Frameworks/CoreServices.framework/Versions/A/Frameworks/OSServices.framework/Versions/A/OSServices
0x000000000d8a9000 	/System/Library/Frameworks/CoreServices.framework/Versions/A/Frameworks/SearchKit.framework/Versions/A/SearchKit
0x000000000d8a9000 	/System/Library/Frameworks/CoreServices.framework/Versions/A/Frameworks/AE.framework/Versions/A/AE
0x000000000d8a9000 	/System/Library/Frameworks/CoreServices.framework/Versions/A/Frameworks/LaunchServices.framework/Versions/A/LaunchServices
0x000000000d8a9000 	/System/Library/Frameworks/CoreServices.framework/Versions/A/Frameworks/DictionaryServices.framework/Versions/A/DictionaryServices
0x000000000d8a9000 	/System/Library/Frameworks/NetFS.framework/Versions/A/NetFS
0x000000000d8a9000 	/System/Library/PrivateFrameworks/NetAuth.framework/Versions/A/NetAuth
0x000000000d8a9000 	/System/Library/PrivateFrameworks/login.framework/Versions/A/Frameworks/loginsupport.framework/Versions/A/loginsupport
0x000000000d8a9000 	/System/Library/PrivateFrameworks/TCC.framework/Versions/A/TCC
0x000000000d8a9000 	/usr/lib/libmecabra.dylib
0x000000000d8a9000 	/System/Library/PrivateFrameworks/LanguageModeling.framework/Versions/A/LanguageModeling
0x000000000d8a9000 	/usr/lib/libcmph.dylib
0x000000000d8a9000 	/usr/lib/libiconv.2.dylib
0x000000000d8a9000 	/System/Library/Frameworks/OpenDirectory.framework/Versions/A/Frameworks/CFOpenDirectory.framework/Versions/A/CFOpenDirectory
0x000000000d8a9000 	/System/Library/Frameworks/ServiceManagement.framework/Versions/A/ServiceManagement
0x000000000d8a9000 	/usr/lib/libxslt.1.dylib
0x000000000d8a9000 	/System/Library/Frameworks/Carbon.framework/Versions/A/Frameworks/Ink.framework/Versions/A/Ink
0x000000000d8a9000 	/System/Library/Frameworks/ApplicationServices.framework/Versions/A/Frameworks/ATS.framework/Versions/A/ATS
0x000000000d8a9000 	/System/Library/Frameworks/ApplicationServices.framework/Versions/A/Frameworks/ColorSync.framework/Versions/A/ColorSync
0x000000000d8a9000 	/System/Library/Frameworks/ApplicationServices.framework/Versions/A/Frameworks/HIServices.framework/Versions/A/HIServices
0x000000000d8a9000 	/System/Library/Frameworks/ApplicationServices.framework/Versions/A/Frameworks/LangAnalysis.framework/Versions/A/LangAnalysis
0x000000000d8a9000 	/System/Library/Frameworks/ApplicationServices.framework/Versions/A/Frameworks/PrintCore.framework/Versions/A/PrintCore
0x000000000d8a9000 	/System/Library/Frameworks/ApplicationServices.framework/Versions/A/Frameworks/QD.framework/Versions/A/QD
0x000000000d8a9000 	/System/Library/Frameworks/ApplicationServices.framework/Versions/A/Frameworks/SpeechSynthesis.framework/Versions/A/SpeechSynthesis
0x000000000d8a9000 	/System/Library/Frameworks/Accelerate.framework/Versions/A/Accelerate
0x000000000d8a9000 	/System/Library/Frameworks/Accelerate.framework/Versions/A/Frameworks/vImage.framework/Versions/A/vImage
0x000000000d8a9000 	/System/Library/Frameworks/Accelerate.framework/Versions/A/Frameworks/vecLib.framework/Versions/A/vecLib
0x000000000d8a9000 	/System/Library/Frameworks/Accelerate.framework/Versions/A/Frameworks/vecLib.framework/Versions/A/libvDSP.dylib
0x000000000d8a9000 	/System/Library/Frameworks/Accelerate.framework/Versions/A/Frameworks/vecLib.framework/Versions/A/libvMisc.dylib
0x000000000d8a9000 	/System/Library/Frameworks/Accelerate.framework/Versions/A/Frameworks/vecLib.framework/Versions/A/libLAPACK.dylib
0x000000000d8a9000 	/System/Library/Frameworks/Accelerate.framework/Versions/A/Frameworks/vecLib.framework/Versions/A/libBLAS.dylib
0x000000000d8a9000 	/System/Library/Frameworks/Accelerate.framework/Versions/A/Frameworks/vecLib.framework/Versions/A/libLinearAlgebra.dylib
0x000000000d8a9000 	/System/Library/Frameworks/ApplicationServices.framework/Versions/A/Frameworks/ATS.framework/Versions/A/Resources/libFontParser.dylib
0x000000000d8a9000 	/System/Library/Frameworks/ApplicationServices.framework/Versions/A/Frameworks/ATS.framework/Versions/A/Resources/libFontRegistry.dylib
0x000000000d8a9000 	/System/Library/PrivateFrameworks/AppleVPA.framework/Versions/A/AppleVPA
0x000000000d8a9000 	/System/Library/PrivateFrameworks/AppleJPEG.framework/Versions/A/AppleJPEG
0x000000000d8a9000 	/System/Library/Frameworks/ImageIO.framework/Versions/A/Resources/libJPEG.dylib
0x000000000d8a9000 	/System/Library/Frameworks/ImageIO.framework/Versions/A/Resources/libTIFF.dylib
0x000000000d8a9000 	/System/Library/Frameworks/ImageIO.framework/Versions/A/Resources/libPng.dylib
0x000000000d8a9000 	/System/Library/Frameworks/ImageIO.framework/Versions/A/Resources/libGIF.dylib
0x000000000d8a9000 	/System/Library/Frameworks/ImageIO.framework/Versions/A/Resources/libJP2.dylib
0x000000000d8a9000 	/System/Library/Frameworks/ImageIO.framework/Versions/A/Resources/libRadiance.dylib
0x000000000d8a9000 	/System/Library/Frameworks/CoreVideo.framework/Versions/A/CoreVideo
0x000000000d8a9000 	/System/Library/Frameworks/OpenGL.framework/Versions/A/Libraries/libGLU.dylib
0x000000000d8a9000 	/System/Library/Frameworks/OpenGL.framework/Versions/A/Libraries/libGFXShared.dylib
0x000000000d8a9000 	/System/Library/Frameworks/OpenGL.framework/Versions/A/Libraries/libGL.dylib
0x000000000d8a9000 	/System/Library/Frameworks/OpenGL.framework/Versions/A/Libraries/libGLImage.dylib
0x000000000d8a9000 	/System/Library/Frameworks/OpenGL.framework/Versions/A/Libraries/libCVMSPluginSupport.dylib
0x000000000d8a9000 	/System/Library/Frameworks/OpenGL.framework/Versions/A/Libraries/libCoreVMClient.dylib
0x000000000d8a9000 	/usr/lib/libcups.2.dylib
0x000000000d8a9000 	/System/Library/Frameworks/Kerberos.framework/Versions/A/Kerberos
0x000000000d8a9000 	/System/Library/Frameworks/GSS.framework/Versions/A/GSS
0x000000000d8a9000 	/usr/lib/libresolv.9.dylib
0x000000000d8a9000 	/System/Library/PrivateFrameworks/Heimdal.framework/Versions/A/Heimdal
0x000000000d8a9000 	/usr/lib/libheimdal-asn1.dylib
0x000000000d8a9000 	/System/Library/Frameworks/OpenDirectory.framework/Versions/A/OpenDirectory
0x000000000d8a9000 	/System/Library/PrivateFrameworks/CommonAuth.framework/Versions/A/CommonAuth
0x000000000d8a9000 	/System/Library/Frameworks/SecurityFoundation.framework/Versions/A/SecurityFoundation
0x000000000d8a9000 	/System/Library/Frameworks/QuartzCore.framework/Versions/A/Frameworks/CoreImage.framework/Versions/A/CoreImage
0x000000000d8a9000 	/System/Library/PrivateFrameworks/CrashReporterSupport.framework/Versions/A/CrashReporterSupport
0x000000000d8a9000 	/System/Library/Frameworks/OpenCL.framework/Versions/A/OpenCL
0x000000000d8a9000 	/System/Library/PrivateFrameworks/FaceCore.framework/Versions/A/FaceCore
0x000000000d8a9000 	/System/Library/PrivateFrameworks/Ubiquity.framework/Versions/A/Ubiquity
0x000000000d8a9000 	/System/Library/PrivateFrameworks/IconServices.framework/Versions/A/IconServices
0x000000000d8a9000 	/System/Library/PrivateFrameworks/ChunkingLibrary.framework/Versions/A/ChunkingLibrary
0x000000000d8a9000 	/System/Library/PrivateFrameworks/Apple80211.framework/Versions/A/Apple80211
0x000000000d8a9000 	/System/Library/Frameworks/CoreWLAN.framework/Versions/A/CoreWLAN
0x000000000d8a9000 	/System/Library/Frameworks/IOBluetooth.framework/Versions/A/IOBluetooth
0x000000000d8a9000 	/System/Library/PrivateFrameworks/CoreWiFi.framework/Versions/A/CoreWiFi
0x000000000d8a9000 	/System/Library/Frameworks/CoreBluetooth.framework/Versions/A/CoreBluetooth
0x000000000d8a9000 	/System/Library/PrivateFrameworks/DebugSymbols.framework/Versions/A/DebugSymbols
0x000000000d8a9000 	/System/Library/PrivateFrameworks/CoreSymbolication.framework/Versions/A/CoreSymbolication
0x000000000d8a9000 	/System/Library/PrivateFrameworks/Symbolication.framework/Versions/A/Symbolication
0x000000000d8a9000 	/System/Library/PrivateFrameworks/SpeechRecognitionCore.framework/Versions/A/SpeechRecognitionCore
0x000000010f813000 	/Library/Java/JavaVirtualMachines/jdk1.8.0.jdk/Contents/Home/jre/lib/server/libjvm.dylib
0x000000000d8a9000 	/usr/lib/libstdc++.6.dylib
0x00000001107d5000 	/Library/Java/JavaVirtualMachines/jdk1.8.0.jdk/Contents/Home/jre/lib/libverify.dylib
0x00000001107e3000 	/Library/Java/JavaVirtualMachines/jdk1.8.0.jdk/Contents/Home/jre/lib/libjava.dylib
0x0000000110817000 	/Library/Java/JavaVirtualMachines/jdk1.8.0.jdk/Contents/Home/jre/lib/libjdwp.dylib
0x0000000110862000 	/Library/Java/JavaVirtualMachines/jdk1.8.0.jdk/Contents/Home/jre/lib/libnpt.dylib
0x000000011086e000 	/Library/Java/JavaVirtualMachines/jdk1.8.0.jdk/Contents/Home/jre/lib/libzip.dylib
0x00000001268ea000 	/System/Library/Frameworks/JavaVM.framework/Frameworks/JavaRuntimeSupport.framework/JavaRuntimeSupport
0x0000000126900000 	/System/Library/Frameworks/JavaVM.framework/Versions/A/Frameworks/JavaNativeFoundation.framework/Versions/A/JavaNativeFoundation
0x0000000126914000 	/System/Library/Frameworks/JavaVM.framework/Versions/A/JavaVM
0x000000000d8a9000 	/System/Library/Frameworks/Carbon.framework/Versions/A/Carbon
0x0000000126920000 	/System/Library/PrivateFrameworks/JavaLaunching.framework/Versions/A/JavaLaunching
0x000000000d8a9000 	/System/Library/Frameworks/Carbon.framework/Versions/A/Frameworks/CommonPanels.framework/Versions/A/CommonPanels
0x000000000d8a9000 	/System/Library/Frameworks/Carbon.framework/Versions/A/Frameworks/Help.framework/Versions/A/Help
0x000000000d8a9000 	/System/Library/Frameworks/Carbon.framework/Versions/A/Frameworks/ImageCapture.framework/Versions/A/ImageCapture
0x000000000d8a9000 	/System/Library/Frameworks/Carbon.framework/Versions/A/Frameworks/OpenScripting.framework/Versions/A/OpenScripting
0x000000000d8a9000 	/System/Library/Frameworks/Carbon.framework/Versions/A/Frameworks/Print.framework/Versions/A/Print
0x000000000d8a9000 	/System/Library/Frameworks/Carbon.framework/Versions/A/Frameworks/SecurityHI.framework/Versions/A/SecurityHI
0x00000001281ac000 	/Library/Java/JavaVirtualMachines/jdk1.8.0.jdk/Contents/Home/jre/lib/libdt_socket.dylib
0x0000000128b83000 	/Library/Java/JavaVirtualMachines/jdk1.8.0.jdk/Contents/Home/jre/lib/libnet.dylib
0x0000000128be1000 	/Library/Java/JavaVirtualMachines/jdk1.8.0.jdk/Contents/Home/jre/lib/libnio.dylib
0x0000000128df6000 	/Library/Java/JavaVirtualMachines/jdk1.8.0.jdk/Contents/Home/jre/lib/libawt.dylib
0x0000000128ea5000 	/Library/Java/JavaVirtualMachines/jdk1.8.0.jdk/Contents/Home/jre/lib/./libmlib_image.dylib
0x0000000128f71000 	/Library/Java/JavaVirtualMachines/jdk1.8.0.jdk/Contents/Home/jre/lib/libawt_lwawt.dylib
0x0000000129023000 	/Library/Java/JavaVirtualMachines/jdk1.8.0.jdk/Contents/Home/jre/lib/./libosxapp.dylib
0x000000000d8a9000 	/System/Library/Frameworks/ExceptionHandling.framework/Versions/A/ExceptionHandling
0x000000000d8a9000 	/System/Library/PrivateFrameworks/CoreServicesInternal.framework/Versions/A/CoreServicesInternal
0x000000000d8a9000 	/System/Library/PrivateFrameworks/CloudDocs.framework/Versions/A/CloudDocs
0x000000000d8a9000 	/System/Library/PrivateFrameworks/CoreDuet.framework/Versions/A/CoreDuet
0x000000000d8a9000 	/System/Library/Frameworks/CloudKit.framework/Versions/A/CloudKit
0x000000000d8a9000 	/System/Library/PrivateFrameworks/ProtocolBuffer.framework/Versions/A/ProtocolBuffer
0x000000000d8a9000 	/System/Library/PrivateFrameworks/CoreDuetDaemonProtocol.framework/Versions/A/CoreDuetDaemonProtocol
0x000000000d8a9000 	/System/Library/PrivateFrameworks/CoreDuetDebugLogging.framework/Versions/A/CoreDuetDebugLogging
0x000000000d8a9000 	/System/Library/Frameworks/CoreLocation.framework/Versions/A/CoreLocation
0x000000000d8a9000 	/System/Library/Frameworks/Accounts.framework/Versions/A/Accounts
0x000000000d8a9000 	/System/Library/PrivateFrameworks/ApplePushService.framework/Versions/A/ApplePushService
0x000000000d8a9000 	/System/Library/PrivateFrameworks/GeoServices.framework/Versions/A/GeoServices
0x000000000d8a9000 	/System/Library/PrivateFrameworks/OAuth.framework/Versions/A/OAuth
0x000000000d8a9000 	/System/Library/PrivateFrameworks/CoreDaemon.framework/Versions/B/CoreDaemon
0x000000000d8a9000 	/usr/lib/libcrypto.0.9.8.dylib
0x000000000d8a9000 	/System/Library/PrivateFrameworks/AppleSRP.framework/Versions/A/AppleSRP
0x000000000d8a9000 	/System/Library/PrivateFrameworks/TrustEvaluationAgent.framework/Versions/A/TrustEvaluationAgent
0x000000000d8a9000 	/System/Library/Frameworks/CoreGraphics.framework/Versions/A/Resources/libCGCMS.A.dylib
0x000000000d8a9000 	/System/Library/Frameworks/CoreGraphics.framework/Versions/A/Resources/libRIP.A.dylib
0x000000000d8a9000 	/System/Library/Frameworks/CoreGraphics.framework/Versions/A/Resources/libCGXType.A.dylib
0x000000000d8a9000 	/System/Library/Frameworks/OpenCL.framework/Versions/A/Libraries/libcldcpuengine.dylib
0x000000000d8a9000 	/System/Library/PrivateFrameworks/DiskImages.framework/Versions/A/DiskImages
0x000000000d8a9000 	/System/Library/Frameworks/DiscRecording.framework/Versions/A/DiscRecording
0x000000000d8a9000 	/usr/lib/libcsfde.dylib
0x000000000d8a9000 	/usr/lib/libcurl.4.dylib
0x000000000d8a9000 	/System/Library/PrivateFrameworks/MediaKit.framework/Versions/A/MediaKit
0x000000000d8a9000 	/System/Library/PrivateFrameworks/ProtectedCloudStorage.framework/Versions/A/ProtectedCloudStorage
0x000000000d8a9000 	/usr/lib/libCoreStorage.dylib
0x000000000d8a9000 	/System/Library/PrivateFrameworks/EFILogin.framework/Versions/A/EFILogin
0x000000000d8a9000 	/usr/lib/libutil.dylib
0x000000000d8a9000 	/System/Library/PrivateFrameworks/FindMyDevice.framework/Versions/A/FindMyDevice
0x000000000d8a9000 	/System/Library/Frameworks/LDAP.framework/Versions/A/LDAP
0x000000000d8a9000 	/usr/lib/libsasl2.2.dylib
0x000000012bbe9000 	cl_kernels
0x000000012bbeb000 	/System/Library/Frameworks/OpenCL.framework/Versions/A/Libraries/ImageFormats/unorm8_bgra.dylib
0x000000012bd15000 	cl_kernels
0x000000000d8a9000 	/System/Library/PrivateFrameworks/FamilyControls.framework/Versions/A/FamilyControls
0x000000000d8a9000 	/System/Library/PrivateFrameworks/CommerceKit.framework/Versions/A/Frameworks/CommerceCore.framework/Versions/A/CommerceCore
0x000000000d8a9000 	/System/Library/PrivateFrameworks/SystemAdministration.framework/Versions/A/SystemAdministration
0x000000000d8a9000 	/System/Library/PrivateFrameworks/AppContainer.framework/Versions/A/AppContainer
0x000000000d8a9000 	/System/Library/PrivateFrameworks/SecCodeWrapper.framework/Versions/A/SecCodeWrapper
0x000000000d8a9000 	/System/Library/Frameworks/DirectoryService.framework/Versions/A/DirectoryService
0x000000000d8a9000 	/System/Library/PrivateFrameworks/LoginUIKit.framework/Versions/A/Frameworks/LoginUICore.framework/Versions/A/LoginUICore
0x000000000d8a9000 	/usr/lib/libodfde.dylib

VM Arguments:
jvm_args: -agentlib:jdwp=transport=dt_socket,suspend=y,address=localhost:50542 -Dfile.encoding=UTF-8 
java_command: b.b
java_class_path (initial): /Users/calin/Documents/works/a/bin:/Users/calin/Documents/works/a/lib/mysql-connector-java-5.1.31-bin.jar:/Users/calin/Documents/works/a/lib/aws-java-sdk-1.8.0.jar:/Users/calin/Documents/works/a/lib/commons-logging-1.1.3.jar:/Users/calin/Documents/works/a/lib/httpclient-4.3.4.jar:/Users/calin/Documents/works/a/lib/httpcore-4.3.2.jar:/Users/calin/Documents/works/a/lib/jackson-core-2.2.4.jar:/Users/calin/Documents/works/a/lib/jackson-databind-2.2.4.jar:/Users/calin/Documents/works/a/lib/jackson-annotations-2.4.0.jar:/Users/calin/Documents/works/a/lib/joda-time-2.3.jar
Launcher Type: SUN_STANDARD

Environment Variables:
PATH=/usr/bin:/bin:/usr/sbin:/sbin
SHELL=/bin/bash

Signal Handlers:
SIGSEGV: [libjvm.dylib+0x55faef], sa_mask[0]=0xfffefeff, sa_flags=0x00000043
SIGBUS: [libjvm.dylib+0x55faef], sa_mask[0]=0xfffefeff, sa_flags=0x00000042
SIGFPE: [libjvm.dylib+0x44305a], sa_mask[0]=0xfffefeff, sa_flags=0x00000042
SIGPIPE: [libjvm.dylib+0x44305a], sa_mask[0]=0xfffefeff, sa_flags=0x00000042
SIGXFSZ: [libjvm.dylib+0x44305a], sa_mask[0]=0xfffefeff, sa_flags=0x00000042
SIGILL: [libjvm.dylib+0x44305a], sa_mask[0]=0xfffefeff, sa_flags=0x00000042
SIGUSR1: SIG_DFL, sa_mask[0]=0x00000000, sa_flags=0x00000000
SIGUSR2: [libjvm.dylib+0x442b78], sa_mask[0]=0x00000004, sa_flags=0x00000042
SIGHUP: [libjvm.dylib+0x440f05], sa_mask[0]=0xfffefeff, sa_flags=0x00000042
SIGINT: [libjvm.dylib+0x440f05], sa_mask[0]=0xfffefeff, sa_flags=0x00000042
SIGTERM: [libjvm.dylib+0x440f05], sa_mask[0]=0xfffefeff, sa_flags=0x00000042
SIGQUIT: [libjvm.dylib+0x440f05], sa_mask[0]=0xfffefeff, sa_flags=0x00000042


---------------  S Y S T E M  ---------------

OS:Bsduname:Darwin 14.0.0 Darwin Kernel Version 14.0.0: Fri Sep 19 00:26:44 PDT 2014; root:xnu-2782.1.97~2/RELEASE_X86_64 x86_64
rlimit: STACK 8192k, CORE 0k, NPROC 709, NOFILE 10240, AS infinity
load average:1.42 1.56 1.60

CPU:total 4 (2 cores per cpu, 2 threads per core) family 6 model 69 stepping 1, cmov, cx8, fxsr, mmx, sse, sse2, sse3, ssse3, sse4.1, sse4.2, popcnt, avx, avx2, aes, clmul, erms, ht, tsc, tscinvbit

Memory: 4k page, physical 8388608k(3712168k free)

/proc/meminfo:


vm_info: Java HotSpot(TM) 64-Bit Server VM (25.0-b70) for bsd-amd64 JRE (1.8.0-b132), built on Mar  4 2014 03:11:43 by "java_re" with gcc 4.2.1 (Based on Apple Inc. build 5658) (LLVM build 2336.11.00)

time: Sat Dec  6 13:02:58 2014
elapsed time: 393 seconds

