#
# A fatal error has been detected by the Java Runtime Environment:
#
#  SIGSEGV (0xb) at pc=0x000000010f66e9a0, pid=6352, tid=16643
#
# JRE version: Java(TM) SE Runtime Environment (8.0-b132) (build 1.8.0-b132)
# Java VM: Java HotSpot(TM) 64-Bit Server VM (25.0-b70 mixed mode bsd-amd64 compressed oops)
# Problematic frame:
# V  [libjvm.dylib+0x40b9a0]
#
# Failed to write core dump. Core dumps have been disabled. To enable core dumping, try "ulimit -c unlimited" before starting Java again
#
# If you would like to submit a bug report, please visit:
#   http://bugreport.sun.com/bugreport/crash.jsp
#

---------------  T H R E A D  ---------------

Current thread (0x00007f95db816000):  JavaThread "JDWP Transport Listener: dt_socket" daemon [_thread_in_vm, id=16643, stack(0x00000001284a1000,0x00000001285a1000)]

siginfo:si_signo=SIGSEGV: si_errno=0, si_code=1 (SEGV_MAPERR), si_addr=0x0000000000000007

Registers:
RAX=0x0000000000000001, RBX=0x00000001285a0a8b, RCX=0x000000010fa12780, RDX=0x00000001285a0a8b
RSP=0x00000001285a09d0, RBP=0x00000001285a09e0, RSI=0x00007f95db816000, RDI=0x0000000000000007
R8 =0x0000000000000000, R9 =0x00007f95d9c00000, R10=0x0000000000000010, R11=0x00007f95d9c00000
R12=0x00007f95db816000, R13=0x0000000000000007, R14=0x0000000000000007, R15=0x00007f95d9c00da0
RIP=0x000000010f66e9a0, EFLAGS=0x0000000000010202, ERR=0x0000000000000004
  TRAPNO=0x000000000000000e

Top of Stack: (sp=0x00000001285a09d0)
0x00000001285a09d0:   00000001285a0a8b 00000001285a0a8b
0x00000001285a09e0:   00000001285a0a40 000000010f587cee
0x00000001285a09f0:   00007f95db816000 0000000000000000
0x00000001285a0a00:   0000000000000000 0000000000000000
0x00000001285a0a10:   00007f95db816000 00007f95db816000
0x00000001285a0a20:   00000001285a0a8b 00000001285a0a90
0x00000001285a0a30:   0000000000000007 0000000000000007
0x00000001285a0a40:   00000001285a0a60 000000011019c7dc
0x00000001285a0a50:   0000000000000001 00000001285a0b08
0x00000001285a0a60:   00000001285a0ad0 0000000110181263
0x00000001285a0a70:   00000001285a0aa0 00007f95d9c563a0
0x00000001285a0a80:   0000000800000032 f000100a015a0b08
0x00000001285a0a90:   0000000000000000 0000000000000000
0x00000001285a0aa0:   0000000000000000 00000001285a0c90
0x00000001285a0ab0:   00000001101a3eca 00007f95d9f71d90
0x00000001285a0ac0:   00000001285a0b08 00000001101af588
0x00000001285a0ad0:   00000001285a0ae0 000000011018135c
0x00000001285a0ae0:   00000001285a0d00 000000011018a8f6
0x00000001285a0af0:   00004e6900000013 00000000000f0200
0x00000001285a0b00:   00007f95d9f0f070 00007f95d9c5ca3d
0x00000001285a0b10:   00007f95000000db 00007f95d9c56dd0
0x00000001285a0b20:   00007f950000012c 00000001285a0b58
0x00000001285a0b30:   00007f95d9c56dd0 00007f0000000000
0x00000001285a0b40:   00004e690000001c 00007fff00001080
0x00000001285a0b50:   00000001285a0b58 957f000008000000
0x00000001285a0b60:   0600000068f5c1d9 00003e74696e693c
0x00000001285a0b70:   3b612f624c286600 616c2f6176616a4c
0x00000001285a0b80:   6e697274532f676e 2f6176616a4c3b67
0x00000001285a0b90:   6e694c2f6c697475 4d6873614864656b
0x00000001285a0ba0:   6176616a4c3b7061 74532f676e616c2f
0x00000001285a0bb0:   2f614c3b676e6972 722f6f6f662f7a70
0x00000001285a0bc0:   614c3b7265646165 2f6f6f662f7a702f 

Instructions: (pc=0x000000010f66e9a0)
0x000000010f66e980:   40 48 48 85 c0 75 e0 30 c0 0f b6 c0 5d c3 31 c0
0x000000010f66e990:   5d c3 55 48 89 e5 53 48 83 ec 08 48 85 ff 74 24
0x000000010f66e9a0:   48 8b 1f 48 85 db 74 1c 48 83 fb 37 74 16 48 8b
0x000000010f66e9b0:   03 48 89 df ff 50 08 84 c0 b8 00 00 00 00 48 0f 

Register to memory mapping:

RAX=0x0000000000000001 is an unknown value
RBX=0x00000001285a0a8b is pointing into the stack for thread: 0x00007f95db816000
RCX=0x000000010fa12780: UseMembar+0 in /Library/Java/JavaVirtualMachines/jdk1.8.0.jdk/Contents/Home/jre/lib/server/libjvm.dylib at 0x000000010f263000
RDX=0x00000001285a0a8b is pointing into the stack for thread: 0x00007f95db816000
RSP=0x00000001285a09d0 is pointing into the stack for thread: 0x00007f95db816000
RBP=0x00000001285a09e0 is pointing into the stack for thread: 0x00007f95db816000
RSI=0x00007f95db816000 is a thread
RDI=0x0000000000000007 is an unknown value
R8 =0x0000000000000000 is an unknown value
R9 =0x00007f95d9c00000 is an unknown value
R10=0x0000000000000010 is an unknown value
R11=0x00007f95d9c00000 is an unknown value
R12=0x00007f95db816000 is a thread
R13=0x0000000000000007 is an unknown value
R14=0x0000000000000007 is an unknown value
R15=0x00007f95d9c00da0 is an unknown value


Stack: [0x00000001284a1000,0x00000001285a1000],  sp=0x00000001285a09d0,  free space=1022k
Native frames: (J=compiled Java code, j=interpreted, Vv=VM code, C=native code)
V  [libjvm.dylib+0x40b9a0]
V  [libjvm.dylib+0x324cee]
C  [libjdwp.dylib+0x207dc]  isMethodSynthetic+0x63
C  [libjdwp.dylib+0x5263]  methods1+0x10b
C  [libjdwp.dylib+0x535c]  methodsWithGeneric+0xe
C  [libjdwp.dylib+0xe8f6]  debugLoop_run+0x1ce
C  [libjdwp.dylib+0x1f716]  attachThread+0x4d
V  [libjvm.dylib+0x365d5e]
V  [libjvm.dylib+0x51d005]
V  [libjvm.dylib+0x51e742]
V  [libjvm.dylib+0x445786]
C  [libsystem_pthread.dylib+0x32fc]  _pthread_body+0x83
C  [libsystem_pthread.dylib+0x3279]  _pthread_body+0x0
C  [libsystem_pthread.dylib+0x14b1]  thread_start+0xd


---------------  P R O C E S S  ---------------

Java Threads: ( => current thread )
  0x00007f95db950000 JavaThread "t2" [_thread_blocked, id=38719, stack(0x000000012a6d6000,0x000000012a7d6000)]
  0x00007f95da21d000 JavaThread "t1" [_thread_blocked, id=51715, stack(0x000000012d041000,0x000000012d141000)]
  0x00007f95db949800 JavaThread "AWT-AppKit" daemon [_thread_in_native, id=1811, stack(0x00007fff5029b000,0x00007fff50a9b000)]
  0x00007f95db88d800 JavaThread "t0" [_thread_blocked, id=21251, stack(0x0000000128fe1000,0x00000001290e1000)]
  0x00007f95db85d800 JavaThread "watch" [_thread_blocked, id=20739, stack(0x0000000128ede000,0x0000000128fde000)]
  0x00007f95da076000 JavaThread "Service Thread" daemon [_thread_blocked, id=19715, stack(0x0000000128ab3000,0x0000000128bb3000)]
  0x00007f95da075800 JavaThread "C1 CompilerThread2" daemon [_thread_blocked, id=19203, stack(0x00000001289b0000,0x0000000128ab0000)]
  0x00007f95da032000 JavaThread "C2 CompilerThread1" daemon [_thread_blocked, id=18691, stack(0x00000001288ad000,0x00000001289ad000)]
  0x00007f95da027000 JavaThread "C2 CompilerThread0" daemon [_thread_blocked, id=18179, stack(0x00000001287aa000,0x00000001288aa000)]
  0x00007f95da011800 JavaThread "JDWP Command Reader" daemon [_thread_in_native, id=17667, stack(0x00000001286a7000,0x00000001287a7000)]
  0x00007f95db815000 JavaThread "JDWP Event Helper Thread" daemon [_thread_blocked, id=17155, stack(0x00000001285a4000,0x00000001286a4000)]
=>0x00007f95db816000 JavaThread "JDWP Transport Listener: dt_socket" daemon [_thread_in_vm, id=16643, stack(0x00000001284a1000,0x00000001285a1000)]
  0x00007f95db80e800 JavaThread "Signal Dispatcher" daemon [_thread_blocked, id=12815, stack(0x0000000128397000,0x0000000128497000)]
  0x00007f95da010800 JavaThread "Finalizer" daemon [_thread_blocked, id=11523, stack(0x0000000126a54000,0x0000000126b54000)]
  0x00007f95da010000 JavaThread "Reference Handler" daemon [_thread_blocked, id=11011, stack(0x0000000126951000,0x0000000126a51000)]
  0x00007f95db003000 JavaThread "main" [_thread_in_native, id=4867, stack(0x0000000110a01000,0x0000000110b01000)]

Other Threads:
  0x00007f95db00d800 VMThread [stack: 0x000000012684e000,0x000000012694e000] [id=10499]
  0x00007f95db03c800 WatcherThread [stack: 0x0000000128bb6000,0x0000000128cb6000] [id=20227]

VM state:not at safepoint (normal execution)

VM Mutex/Monitor currently owned by a thread: None

Heap:
 PSYoungGen      total 5120K, used 4113K [0x0000000795580000, 0x0000000795e00000, 0x00000007c0000000)
  eden space 4096K, 89% used [0x0000000795580000,0x00000007959144b0,0x0000000795980000)
  from space 1024K, 43% used [0x0000000795980000,0x00000007959f0000,0x0000000795a80000)
  to   space 1024K, 0% used [0x0000000795d00000,0x0000000795d00000,0x0000000795e00000)
 ParOldGen       total 129536K, used 1565K [0x0000000740000000, 0x0000000747e80000, 0x0000000795580000)
  object space 129536K, 1% used [0x0000000740000000,0x0000000740187438,0x0000000747e80000)
 Metaspace       used 7438K, capacity 7574K, committed 7808K, reserved 1056768K
  class space    used 820K, capacity 863K, committed 896K, reserved 1048576K

Card table byte_map: [0x000000011fec3000,0x00000001202c4000] byte_map_base: 0x000000011c4c3000

Marking Bits: (ParMarkBitMap*) 0x000000010fac90a0
 Begin Bits: [0x000000012097b000, 0x000000012297b000)
 End Bits:   [0x000000012297b000, 0x000000012497b000)

Polling page: 0x000000011017b000

CodeCache: size=245760Kb used=2618Kb max_used=2629Kb free=243141Kb
 bounds [0x0000000110b03000, 0x0000000110da3000, 0x000000011fb03000]
 total_blobs=922 nmethods=584 adapters=262
 compilation: enabled

Compilation events (10 events):
Event: 360.546 Thread 0x00007f95da075800  580       3       sun.nio.cs.StreamEncoder::implWrite (156 bytes)
Event: 360.547 Thread 0x00007f95da075800 nmethod 580 0x0000000110d90790 code [0x0000000110d90a00, 0x0000000110d91888]
Event: 360.547 Thread 0x00007f95da075800  581   !   3       sun.nio.cs.StreamEncoder::flushBuffer (42 bytes)
Event: 360.548 Thread 0x00007f95da075800 nmethod 581 0x0000000110d83410 code [0x0000000110d835c0, 0x0000000110d83b78]
Event: 360.548 Thread 0x00007f95da075800  582       3       sun.nio.cs.StreamEncoder::implFlushBuffer (15 bytes)
Event: 360.548 Thread 0x00007f95da075800 nmethod 582 0x0000000110d921d0 code [0x0000000110d92340, 0x0000000110d925a8]
Event: 360.548 Thread 0x00007f95da075800  583       3       sun.nio.cs.StreamEncoder::writeBytes (132 bytes)
Event: 360.549 Thread 0x00007f95da075800 nmethod 583 0x0000000110d92690 code [0x0000000110d928c0, 0x0000000110d93538]
Event: 370.541 Thread 0x00007f95da027000  584   !   4       java.nio.charset.Charset::defaultCharset (65 bytes)
Event: 370.542 Thread 0x00007f95da027000 nmethod 584 0x0000000110d07d10 code [0x0000000110d07e40, 0x0000000110d07eb8]

GC Heap History (10 events):
Event: 1.281 GC heap before
{Heap before GC invocations=5 (full 0):
 PSYoungGen      total 1536K, used 1520K [0x0000000795580000, 0x0000000795780000, 0x00000007c0000000)
  eden space 1024K, 100% used [0x0000000795580000,0x0000000795680000,0x0000000795680000)
  from space 512K, 96% used [0x0000000795700000,0x000000079577c010,0x0000000795780000)
  to   space 512K, 0% used [0x0000000795680000,0x0000000795680000,0x0000000795700000)
 ParOldGen       total 129536K, used 480K [0x0000000740000000, 0x0000000747e80000, 0x0000000795580000)
  object space 129536K, 0% used [0x0000000740000000,0x0000000740078040,0x0000000747e80000)
 Metaspace       used 5068K, capacity 5164K, committed 5248K, reserved 1056768K
  class space    used 552K, capacity 580K, committed 640K, reserved 1048576K
Event: 1.285 GC heap after
Heap after GC invocations=5 (full 0):
 PSYoungGen      total 1536K, used 496K [0x0000000795580000, 0x0000000795980000, 0x00000007c0000000)
  eden space 1024K, 0% used [0x0000000795580000,0x0000000795580000,0x0000000795680000)
  from space 512K, 96% used [0x0000000795680000,0x00000007956fc010,0x0000000795700000)
  to   space 1024K, 0% used [0x0000000795880000,0x0000000795880000,0x0000000795980000)
 ParOldGen       total 129536K, used 888K [0x0000000740000000, 0x0000000747e80000, 0x0000000795580000)
  object space 129536K, 0% used [0x0000000740000000,0x00000007400de070,0x0000000747e80000)
 Metaspace       used 5068K, capacity 5164K, committed 5248K, reserved 1056768K
  class space    used 552K, capacity 580K, committed 640K, reserved 1048576K
}
Event: 1.359 GC heap before
{Heap before GC invocations=6 (full 0):
 PSYoungGen      total 1536K, used 1520K [0x0000000795580000, 0x0000000795980000, 0x00000007c0000000)
  eden space 1024K, 100% used [0x0000000795580000,0x0000000795680000,0x0000000795680000)
  from space 512K, 96% used [0x0000000795680000,0x00000007956fc010,0x0000000795700000)
  to   space 1024K, 0% used [0x0000000795880000,0x0000000795880000,0x0000000795980000)
 ParOldGen       total 129536K, used 888K [0x0000000740000000, 0x0000000747e80000, 0x0000000795580000)
  object space 129536K, 0% used [0x0000000740000000,0x00000007400de070,0x0000000747e80000)
 Metaspace       used 5390K, capacity 5524K, committed 5760K, reserved 1056768K
  class space    used 595K, capacity 632K, committed 640K, reserved 1048576K
Event: 1.361 GC heap after
Heap after GC invocations=6 (full 0):
 PSYoungGen      total 3072K, used 736K [0x0000000795580000, 0x0000000795980000, 0x00000007c0000000)
  eden space 2048K, 0% used [0x0000000795580000,0x0000000795580000,0x0000000795780000)
  from space 1024K, 71% used [0x0000000795880000,0x0000000795938000,0x0000000795980000)
  to   space 1024K, 0% used [0x0000000795780000,0x0000000795780000,0x0000000795880000)
 ParOldGen       total 129536K, used 896K [0x0000000740000000, 0x0000000747e80000, 0x0000000795580000)
  object space 129536K, 0% used [0x0000000740000000,0x00000007400e0070,0x0000000747e80000)
 Metaspace       used 5390K, capacity 5524K, committed 5760K, reserved 1056768K
  class space    used 595K, capacity 632K, committed 640K, reserved 1048576K
}
Event: 1.601 GC heap before
{Heap before GC invocations=7 (full 0):
 PSYoungGen      total 3072K, used 2784K [0x0000000795580000, 0x0000000795980000, 0x00000007c0000000)
  eden space 2048K, 100% used [0x0000000795580000,0x0000000795780000,0x0000000795780000)
  from space 1024K, 71% used [0x0000000795880000,0x0000000795938000,0x0000000795980000)
  to   space 1024K, 0% used [0x0000000795780000,0x0000000795780000,0x0000000795880000)
 ParOldGen       total 129536K, used 896K [0x0000000740000000, 0x0000000747e80000, 0x0000000795580000)
  object space 129536K, 0% used [0x0000000740000000,0x00000007400e0070,0x0000000747e80000)
 Metaspace       used 7149K, capacity 7266K, committed 7552K, reserved 1056768K
  class space    used 799K, capacity 827K, committed 896K, reserved 1048576K
Event: 1.605 GC heap after
Heap after GC invocations=7 (full 0):
 PSYoungGen      total 3072K, used 704K [0x0000000795580000, 0x0000000795b80000, 0x00000007c0000000)
  eden space 2048K, 0% used [0x0000000795580000,0x0000000795580000,0x0000000795780000)
  from space 1024K, 68% used [0x0000000795780000,0x0000000795830000,0x0000000795880000)
  to   space 1024K, 0% used [0x0000000795a80000,0x0000000795a80000,0x0000000795b80000)
 ParOldGen       total 129536K, used 1136K [0x0000000740000000, 0x0000000747e80000, 0x0000000795580000)
  object space 129536K, 0% used [0x0000000740000000,0x000000074011c0c0,0x0000000747e80000)
 Metaspace       used 7149K, capacity 7266K, committed 7552K, reserved 1056768K
  class space    used 799K, capacity 827K, committed 896K, reserved 1048576K
}
Event: 1.646 GC heap before
{Heap before GC invocations=8 (full 0):
 PSYoungGen      total 3072K, used 2752K [0x0000000795580000, 0x0000000795b80000, 0x00000007c0000000)
  eden space 2048K, 100% used [0x0000000795580000,0x0000000795780000,0x0000000795780000)
  from space 1024K, 68% used [0x0000000795780000,0x0000000795830000,0x0000000795880000)
  to   space 1024K, 0% used [0x0000000795a80000,0x0000000795a80000,0x0000000795b80000)
 ParOldGen       total 129536K, used 1136K [0x0000000740000000, 0x0000000747e80000, 0x0000000795580000)
  object space 129536K, 0% used [0x0000000740000000,0x000000074011c0c0,0x0000000747e80000)
 Metaspace       used 7159K, capacity 7266K, committed 7552K, reserved 1056768K
  class space    used 799K, capacity 827K, committed 896K, reserved 1048576K
Event: 1.650 GC heap after
Heap after GC invocations=8 (full 0):
 PSYoungGen      total 5120K, used 576K [0x0000000795580000, 0x0000000795b80000, 0x00000007c0000000)
  eden space 4096K, 0% used [0x0000000795580000,0x0000000795580000,0x0000000795980000)
  from space 1024K, 56% used [0x0000000795a80000,0x0000000795b10000,0x0000000795b80000)
  to   space 1024K, 0% used [0x0000000795980000,0x0000000795980000,0x0000000795a80000)
 ParOldGen       total 129536K, used 1313K [0x0000000740000000, 0x0000000747e80000, 0x0000000795580000)
  object space 129536K, 1% used [0x0000000740000000,0x0000000740148428,0x0000000747e80000)
 Metaspace       used 7159K, capacity 7266K, committed 7552K, reserved 1056768K
  class space    used 799K, capacity 827K, committed 896K, reserved 1048576K
}
Event: 96.596 GC heap before
{Heap before GC invocations=9 (full 0):
 PSYoungGen      total 5120K, used 4672K [0x0000000795580000, 0x0000000795b80000, 0x00000007c0000000)
  eden space 4096K, 100% used [0x0000000795580000,0x0000000795980000,0x0000000795980000)
  from space 1024K, 56% used [0x0000000795a80000,0x0000000795b10000,0x0000000795b80000)
  to   space 1024K, 0% used [0x0000000795980000,0x0000000795980000,0x0000000795a80000)
 ParOldGen       total 129536K, used 1313K [0x0000000740000000, 0x0000000747e80000, 0x0000000795580000)
  object space 129536K, 1% used [0x0000000740000000,0x0000000740148428,0x0000000747e80000)
 Metaspace       used 7298K, capacity 7440K, committed 7552K, reserved 1056768K
  class space    used 816K, capacity 862K, committed 896K, reserved 1048576K
Event: 96.602 GC heap after
Heap after GC invocations=9 (full 0):
 PSYoungGen      total 5120K, used 448K [0x0000000795580000, 0x0000000795e00000, 0x00000007c0000000)
  eden space 4096K, 0% used [0x0000000795580000,0x0000000795580000,0x0000000795980000)
  from space 1024K, 43% used [0x0000000795980000,0x00000007959f0000,0x0000000795a80000)
  to   space 1024K, 0% used [0x0000000795d00000,0x0000000795d00000,0x0000000795e00000)
 ParOldGen       total 129536K, used 1565K [0x0000000740000000, 0x0000000747e80000, 0x0000000795580000)
  object space 129536K, 1% used [0x0000000740000000,0x0000000740187438,0x0000000747e80000)
 Metaspace       used 7298K, capacity 7440K, committed 7552K, reserved 1056768K
  class space    used 816K, capacity 862K, committed 896K, reserved 1048576K
}

Deoptimization events (6 events):
Event: 4.381 Thread 0x00007f95da21d000 Uncommon trap: reason=null_check action=make_not_entrant pc=0x0000000110d0d6d0 method=java.lang.StringCoding.encode(Ljava/lang/String;[CII)[B @ 6
Event: 96.565 Thread 0x00007f95da21d000 Uncommon trap: reason=unloaded action=reinterpret pc=0x0000000110c2380c method=java.lang.String.charAt(I)C @ 13
Event: 96.570 Thread 0x00007f95da21d000 Uncommon trap: reason=bimorphic action=maybe_recompile pc=0x0000000110d18a90 method=b.xwriter.p(Ljava/lang/String;)Lb/xwriter; @ 14
Event: 96.570 Thread 0x00007f95da21d000 Uncommon trap: reason=bimorphic action=maybe_recompile pc=0x0000000110d18a90 method=b.xwriter.p(Ljava/lang/String;)Lb/xwriter; @ 14
Event: 96.570 Thread 0x00007f95da21d000 Uncommon trap: reason=bimorphic action=maybe_recompile pc=0x0000000110d18a90 method=b.xwriter.p(Ljava/lang/String;)Lb/xwriter; @ 14
Event: 96.570 Thread 0x00007f95da21d000 Uncommon trap: reason=bimorphic action=maybe_recompile pc=0x0000000110d18a90 method=b.xwriter.p(Ljava/lang/String;)Lb/xwriter; @ 14

Internal exceptions (10 events):
Event: 1.346 Thread 0x00007f95db88d800 Exception <a 'java/security/PrivilegedActionException'> (0x0000000795647ac0) thrown at [/HUDSON/workspace/8-2-build-macosx-x86_64/jdk8/2238/hotspot/src/share/vm/prims/jvm.cpp, line 1248]
Event: 1.364 Thread 0x00007f95db88d800 Exception <a 'java/security/PrivilegedActionException'> (0x00000007955993a0) thrown at [/HUDSON/workspace/8-2-build-macosx-x86_64/jdk8/2238/hotspot/src/share/vm/prims/jvm.cpp, line 1248]
Event: 1.366 Thread 0x00007f95db88d800 Exception <a 'java/security/PrivilegedActionException'> (0x000000079559aa90) thrown at [/HUDSON/workspace/8-2-build-macosx-x86_64/jdk8/2238/hotspot/src/share/vm/prims/jvm.cpp, line 1248]
Event: 1.367 Thread 0x00007f95db88d800 Exception <a 'java/security/PrivilegedActionException'> (0x000000079559c028) thrown at [/HUDSON/workspace/8-2-build-macosx-x86_64/jdk8/2238/hotspot/src/share/vm/prims/jvm.cpp, line 1248]
Event: 1.504 Thread 0x00007f95db88d800 Exception <a 'java/io/FileNotFoundException'> (0x00000007955ef298) thrown at [/HUDSON/workspace/8-2-build-macosx-x86_64/jdk8/2238/hotspot/src/share/vm/prims/jni.cpp, line 716]
Event: 1.504 Thread 0x00007f95db88d800 Exception <a 'java/io/FileNotFoundException'> (0x00000007955efd70) thrown at [/HUDSON/workspace/8-2-build-macosx-x86_64/jdk8/2238/hotspot/src/share/vm/prims/jni.cpp, line 716]
Event: 1.626 Thread 0x00007f95db003000 Exception <a 'java/security/PrivilegedActionException'> (0x0000000795619ed8) thrown at [/HUDSON/workspace/8-2-build-macosx-x86_64/jdk8/2238/hotspot/src/share/vm/prims/jvm.cpp, line 1248]
Event: 4.381 Thread 0x00007f95da21d000 Implicit null exception at 0x0000000110d0ce3a to 0x0000000110d0d6c1
Event: 4.394 Thread 0x00007f95da21d000 Exception <a 'java/security/PrivilegedActionException'> (0x00000007956e4370) thrown at [/HUDSON/workspace/8-2-build-macosx-x86_64/jdk8/2238/hotspot/src/share/vm/prims/jvm.cpp, line 1248]
Event: 4.395 Thread 0x00007f95da21d000 Exception <a 'java/security/PrivilegedActionException'> (0x00000007956e5d08) thrown at [/HUDSON/workspace/8-2-build-macosx-x86_64/jdk8/2238/hotspot/src/share/vm/prims/jvm.cpp, line 1248]

Events (10 events):
Event: 349.185 Executing VM operation: RedefineClasses
Event: 349.191 Executing VM operation: RedefineClasses done
Event: 349.197 Executing VM operation: ChangeBreakpoints
Event: 349.197 Executing VM operation: ChangeBreakpoints done
Event: 358.315 Executing VM operation: RedefineClasses
Event: 358.320 Executing VM operation: RedefineClasses done
Event: 358.325 Executing VM operation: ChangeBreakpoints
Event: 358.326 Executing VM operation: ChangeBreakpoints done
Event: 384.199 Executing VM operation: RedefineClasses
Event: 384.203 Executing VM operation: RedefineClasses done


Dynamic libraries:
0x000000000d8a9000 	/System/Library/Frameworks/Cocoa.framework/Versions/A/Cocoa
0x000000000d8a9000 	/System/Library/Frameworks/Security.framework/Versions/A/Security
0x000000000d8a9000 	/System/Library/Frameworks/ApplicationServices.framework/Versions/A/ApplicationServices
0x000000000d8a9000 	/usr/lib/libz.1.dylib
0x000000000d8a9000 	/usr/lib/libSystem.B.dylib
0x000000000d8a9000 	/usr/lib/libobjc.A.dylib
0x000000000d8a9000 	/System/Library/Frameworks/CoreFoundation.framework/Versions/A/CoreFoundation
0x000000000d8a9000 	/System/Library/Frameworks/Foundation.framework/Versions/C/Foundation
0x000000000d8a9000 	/System/Library/Frameworks/AppKit.framework/Versions/C/AppKit
0x000000000d8a9000 	/System/Library/Frameworks/CoreData.framework/Versions/A/CoreData
0x000000000d8a9000 	/System/Library/PrivateFrameworks/RemoteViewServices.framework/Versions/A/RemoteViewServices
0x000000000d8a9000 	/System/Library/PrivateFrameworks/UIFoundation.framework/Versions/A/UIFoundation
0x000000000d8a9000 	/System/Library/Frameworks/IOSurface.framework/Versions/A/IOSurface
0x000000000d8a9000 	/System/Library/Frameworks/AudioToolbox.framework/Versions/A/AudioToolbox
0x000000000d8a9000 	/System/Library/Frameworks/AudioUnit.framework/Versions/A/AudioUnit
0x000000000d8a9000 	/System/Library/PrivateFrameworks/DataDetectorsCore.framework/Versions/A/DataDetectorsCore
0x000000000d8a9000 	/System/Library/PrivateFrameworks/DesktopServicesPriv.framework/Versions/A/DesktopServicesPriv
0x000000000d8a9000 	/System/Library/Frameworks/Carbon.framework/Versions/A/Frameworks/HIToolbox.framework/Versions/A/HIToolbox
0x000000000d8a9000 	/System/Library/Frameworks/QuartzCore.framework/Versions/A/QuartzCore
0x000000000d8a9000 	/System/Library/Frameworks/Carbon.framework/Versions/A/Frameworks/SpeechRecognition.framework/Versions/A/SpeechRecognition
0x000000000d8a9000 	/usr/lib/libauto.dylib
0x000000000d8a9000 	/usr/lib/libicucore.A.dylib
0x000000000d8a9000 	/usr/lib/libxml2.2.dylib
0x000000000d8a9000 	/System/Library/PrivateFrameworks/CoreUI.framework/Versions/A/CoreUI
0x000000000d8a9000 	/System/Library/Frameworks/CoreAudio.framework/Versions/A/CoreAudio
0x000000000d8a9000 	/System/Library/Frameworks/DiskArbitration.framework/Versions/A/DiskArbitration
0x000000000d8a9000 	/usr/lib/liblangid.dylib
0x000000000d8a9000 	/System/Library/PrivateFrameworks/MultitouchSupport.framework/Versions/A/MultitouchSupport
0x000000000d8a9000 	/System/Library/Frameworks/IOKit.framework/Versions/A/IOKit
0x000000000d8a9000 	/usr/lib/libDiagnosticMessagesClient.dylib
0x000000000d8a9000 	/System/Library/Frameworks/CoreServices.framework/Versions/A/CoreServices
0x000000000d8a9000 	/System/Library/PrivateFrameworks/PerformanceAnalysis.framework/Versions/A/PerformanceAnalysis
0x000000000d8a9000 	/System/Library/PrivateFrameworks/GenerationalStorage.framework/Versions/A/GenerationalStorage
0x000000000d8a9000 	/System/Library/Frameworks/OpenGL.framework/Versions/A/OpenGL
0x000000000d8a9000 	/System/Library/PrivateFrameworks/Sharing.framework/Versions/A/Sharing
0x000000000d8a9000 	/System/Library/Frameworks/CoreGraphics.framework/Versions/A/CoreGraphics
0x000000000d8a9000 	/System/Library/Frameworks/CoreText.framework/Versions/A/CoreText
0x000000000d8a9000 	/System/Library/Frameworks/ImageIO.framework/Versions/A/ImageIO
0x000000000d8a9000 	/usr/lib/libextension.dylib
0x000000000d8a9000 	/System/Library/PrivateFrameworks/Backup.framework/Versions/A/Backup
0x000000000d8a9000 	/usr/lib/libarchive.2.dylib
0x000000000d8a9000 	/System/Library/Frameworks/CFNetwork.framework/Versions/A/CFNetwork
0x000000000d8a9000 	/System/Library/Frameworks/SystemConfiguration.framework/Versions/A/SystemConfiguration
0x000000000d8a9000 	/usr/lib/libCRFSuite.dylib
0x000000000d8a9000 	/usr/lib/libc++.1.dylib
0x000000000d8a9000 	/usr/lib/libc++abi.dylib
0x000000000d8a9000 	/usr/lib/system/libcache.dylib
0x000000000d8a9000 	/usr/lib/system/libcommonCrypto.dylib
0x000000000d8a9000 	/usr/lib/system/libcompiler_rt.dylib
0x000000000d8a9000 	/usr/lib/system/libcopyfile.dylib
0x000000000d8a9000 	/usr/lib/system/libcorecrypto.dylib
0x000000000d8a9000 	/usr/lib/system/libdispatch.dylib
0x000000000d8a9000 	/usr/lib/system/libdyld.dylib
0x000000000d8a9000 	/usr/lib/system/libkeymgr.dylib
0x000000000d8a9000 	/usr/lib/system/liblaunch.dylib
0x000000000d8a9000 	/usr/lib/system/libmacho.dylib
0x000000000d8a9000 	/usr/lib/system/libquarantine.dylib
0x000000000d8a9000 	/usr/lib/system/libremovefile.dylib
0x000000000d8a9000 	/usr/lib/system/libsystem_asl.dylib
0x000000000d8a9000 	/usr/lib/system/libsystem_blocks.dylib
0x000000000d8a9000 	/usr/lib/system/libsystem_c.dylib
0x000000000d8a9000 	/usr/lib/system/libsystem_configuration.dylib
0x000000000d8a9000 	/usr/lib/system/libsystem_coreservices.dylib
0x000000000d8a9000 	/usr/lib/system/libsystem_coretls.dylib
0x000000000d8a9000 	/usr/lib/system/libsystem_dnssd.dylib
0x000000000d8a9000 	/usr/lib/system/libsystem_info.dylib
0x000000000d8a9000 	/usr/lib/system/libsystem_kernel.dylib
0x000000000d8a9000 	/usr/lib/system/libsystem_m.dylib
0x000000000d8a9000 	/usr/lib/system/libsystem_malloc.dylib
0x000000000d8a9000 	/usr/lib/system/libsystem_network.dylib
0x000000000d8a9000 	/usr/lib/system/libsystem_networkextension.dylib
0x000000000d8a9000 	/usr/lib/system/libsystem_notify.dylib
0x000000000d8a9000 	/usr/lib/system/libsystem_platform.dylib
0x000000000d8a9000 	/usr/lib/system/libsystem_pthread.dylib
0x000000000d8a9000 	/usr/lib/system/libsystem_sandbox.dylib
0x000000000d8a9000 	/usr/lib/system/libsystem_secinit.dylib
0x000000000d8a9000 	/usr/lib/system/libsystem_stats.dylib
0x000000000d8a9000 	/usr/lib/system/libsystem_trace.dylib
0x000000000d8a9000 	/usr/lib/system/libunc.dylib
0x000000000d8a9000 	/usr/lib/system/libunwind.dylib
0x000000000d8a9000 	/usr/lib/system/libxpc.dylib
0x000000000d8a9000 	/usr/lib/libbz2.1.0.dylib
0x000000000d8a9000 	/usr/lib/liblzma.5.dylib
0x000000000d8a9000 	/usr/lib/libbsm.0.dylib
0x000000000d8a9000 	/usr/lib/libsqlite3.dylib
0x000000000d8a9000 	/usr/lib/system/libkxld.dylib
0x000000000d8a9000 	/usr/lib/libxar.1.dylib
0x000000000d8a9000 	/usr/lib/libpam.2.dylib
0x000000000d8a9000 	/usr/lib/libOpenScriptingUtil.dylib
0x000000000d8a9000 	/System/Library/Frameworks/CoreServices.framework/Versions/A/Frameworks/FSEvents.framework/Versions/A/FSEvents
0x000000000d8a9000 	/System/Library/Frameworks/CoreServices.framework/Versions/A/Frameworks/CarbonCore.framework/Versions/A/CarbonCore
0x000000000d8a9000 	/System/Library/Frameworks/CoreServices.framework/Versions/A/Frameworks/Metadata.framework/Versions/A/Metadata
0x000000000d8a9000 	/System/Library/Frameworks/CoreServices.framework/Versions/A/Frameworks/OSServices.framework/Versions/A/OSServices
0x000000000d8a9000 	/System/Library/Frameworks/CoreServices.framework/Versions/A/Frameworks/SearchKit.framework/Versions/A/SearchKit
0x000000000d8a9000 	/System/Library/Frameworks/CoreServices.framework/Versions/A/Frameworks/AE.framework/Versions/A/AE
0x000000000d8a9000 	/System/Library/Frameworks/CoreServices.framework/Versions/A/Frameworks/LaunchServices.framework/Versions/A/LaunchServices
0x000000000d8a9000 	/System/Library/Frameworks/CoreServices.framework/Versions/A/Frameworks/DictionaryServices.framework/Versions/A/DictionaryServices
0x000000000d8a9000 	/System/Library/Frameworks/NetFS.framework/Versions/A/NetFS
0x000000000d8a9000 	/System/Library/PrivateFrameworks/NetAuth.framework/Versions/A/NetAuth
0x000000000d8a9000 	/System/Library/PrivateFrameworks/login.framework/Versions/A/Frameworks/loginsupport.framework/Versions/A/loginsupport
0x000000000d8a9000 	/System/Library/PrivateFrameworks/TCC.framework/Versions/A/TCC
0x000000000d8a9000 	/usr/lib/libmecabra.dylib
0x000000000d8a9000 	/System/Library/PrivateFrameworks/LanguageModeling.framework/Versions/A/LanguageModeling
0x000000000d8a9000 	/usr/lib/libcmph.dylib
0x000000000d8a9000 	/usr/lib/libiconv.2.dylib
0x000000000d8a9000 	/System/Library/Frameworks/OpenDirectory.framework/Versions/A/Frameworks/CFOpenDirectory.framework/Versions/A/CFOpenDirectory
0x000000000d8a9000 	/System/Library/Frameworks/ServiceManagement.framework/Versions/A/ServiceManagement
0x000000000d8a9000 	/usr/lib/libxslt.1.dylib
0x000000000d8a9000 	/System/Library/Frameworks/Carbon.framework/Versions/A/Frameworks/Ink.framework/Versions/A/Ink
0x000000000d8a9000 	/System/Library/Frameworks/ApplicationServices.framework/Versions/A/Frameworks/ATS.framework/Versions/A/ATS
0x000000000d8a9000 	/System/Library/Frameworks/ApplicationServices.framework/Versions/A/Frameworks/ColorSync.framework/Versions/A/ColorSync
0x000000000d8a9000 	/System/Library/Frameworks/ApplicationServices.framework/Versions/A/Frameworks/HIServices.framework/Versions/A/HIServices
0x000000000d8a9000 	/System/Library/Frameworks/ApplicationServices.framework/Versions/A/Frameworks/LangAnalysis.framework/Versions/A/LangAnalysis
0x000000000d8a9000 	/System/Library/Frameworks/ApplicationServices.framework/Versions/A/Frameworks/PrintCore.framework/Versions/A/PrintCore
0x000000000d8a9000 	/System/Library/Frameworks/ApplicationServices.framework/Versions/A/Frameworks/QD.framework/Versions/A/QD
0x000000000d8a9000 	/System/Library/Frameworks/ApplicationServices.framework/Versions/A/Frameworks/SpeechSynthesis.framework/Versions/A/SpeechSynthesis
0x000000000d8a9000 	/System/Library/Frameworks/Accelerate.framework/Versions/A/Accelerate
0x000000000d8a9000 	/System/Library/Frameworks/Accelerate.framework/Versions/A/Frameworks/vImage.framework/Versions/A/vImage
0x000000000d8a9000 	/System/Library/Frameworks/Accelerate.framework/Versions/A/Frameworks/vecLib.framework/Versions/A/vecLib
0x000000000d8a9000 	/System/Library/Frameworks/Accelerate.framework/Versions/A/Frameworks/vecLib.framework/Versions/A/libvDSP.dylib
0x000000000d8a9000 	/System/Library/Frameworks/Accelerate.framework/Versions/A/Frameworks/vecLib.framework/Versions/A/libvMisc.dylib
0x000000000d8a9000 	/System/Library/Frameworks/Accelerate.framework/Versions/A/Frameworks/vecLib.framework/Versions/A/libLAPACK.dylib
0x000000000d8a9000 	/System/Library/Frameworks/Accelerate.framework/Versions/A/Frameworks/vecLib.framework/Versions/A/libBLAS.dylib
0x000000000d8a9000 	/System/Library/Frameworks/Accelerate.framework/Versions/A/Frameworks/vecLib.framework/Versions/A/libLinearAlgebra.dylib
0x000000000d8a9000 	/System/Library/Frameworks/ApplicationServices.framework/Versions/A/Frameworks/ATS.framework/Versions/A/Resources/libFontParser.dylib
0x000000000d8a9000 	/System/Library/Frameworks/ApplicationServices.framework/Versions/A/Frameworks/ATS.framework/Versions/A/Resources/libFontRegistry.dylib
0x000000000d8a9000 	/System/Library/PrivateFrameworks/AppleVPA.framework/Versions/A/AppleVPA
0x000000000d8a9000 	/System/Library/PrivateFrameworks/AppleJPEG.framework/Versions/A/AppleJPEG
0x000000000d8a9000 	/System/Library/Frameworks/ImageIO.framework/Versions/A/Resources/libJPEG.dylib
0x000000000d8a9000 	/System/Library/Frameworks/ImageIO.framework/Versions/A/Resources/libTIFF.dylib
0x000000000d8a9000 	/System/Library/Frameworks/ImageIO.framework/Versions/A/Resources/libPng.dylib
0x000000000d8a9000 	/System/Library/Frameworks/ImageIO.framework/Versions/A/Resources/libGIF.dylib
0x000000000d8a9000 	/System/Library/Frameworks/ImageIO.framework/Versions/A/Resources/libJP2.dylib
0x000000000d8a9000 	/System/Library/Frameworks/ImageIO.framework/Versions/A/Resources/libRadiance.dylib
0x000000000d8a9000 	/System/Library/Frameworks/CoreVideo.framework/Versions/A/CoreVideo
0x000000000d8a9000 	/System/Library/Frameworks/OpenGL.framework/Versions/A/Libraries/libGLU.dylib
0x000000000d8a9000 	/System/Library/Frameworks/OpenGL.framework/Versions/A/Libraries/libGFXShared.dylib
0x000000000d8a9000 	/System/Library/Frameworks/OpenGL.framework/Versions/A/Libraries/libGL.dylib
0x000000000d8a9000 	/System/Library/Frameworks/OpenGL.framework/Versions/A/Libraries/libGLImage.dylib
0x000000000d8a9000 	/System/Library/Frameworks/OpenGL.framework/Versions/A/Libraries/libCVMSPluginSupport.dylib
0x000000000d8a9000 	/System/Library/Frameworks/OpenGL.framework/Versions/A/Libraries/libCoreVMClient.dylib
0x000000000d8a9000 	/usr/lib/libcups.2.dylib
0x000000000d8a9000 	/System/Library/Frameworks/Kerberos.framework/Versions/A/Kerberos
0x000000000d8a9000 	/System/Library/Frameworks/GSS.framework/Versions/A/GSS
0x000000000d8a9000 	/usr/lib/libresolv.9.dylib
0x000000000d8a9000 	/System/Library/PrivateFrameworks/Heimdal.framework/Versions/A/Heimdal
0x000000000d8a9000 	/usr/lib/libheimdal-asn1.dylib
0x000000000d8a9000 	/System/Library/Frameworks/OpenDirectory.framework/Versions/A/OpenDirectory
0x000000000d8a9000 	/System/Library/PrivateFrameworks/CommonAuth.framework/Versions/A/CommonAuth
0x000000000d8a9000 	/System/Library/Frameworks/SecurityFoundation.framework/Versions/A/SecurityFoundation
0x000000000d8a9000 	/System/Library/Frameworks/QuartzCore.framework/Versions/A/Frameworks/CoreImage.framework/Versions/A/CoreImage
0x000000000d8a9000 	/System/Library/PrivateFrameworks/CrashReporterSupport.framework/Versions/A/CrashReporterSupport
0x000000000d8a9000 	/System/Library/Frameworks/OpenCL.framework/Versions/A/OpenCL
0x000000000d8a9000 	/System/Library/PrivateFrameworks/FaceCore.framework/Versions/A/FaceCore
0x000000000d8a9000 	/System/Library/PrivateFrameworks/Ubiquity.framework/Versions/A/Ubiquity
0x000000000d8a9000 	/System/Library/PrivateFrameworks/IconServices.framework/Versions/A/IconServices
0x000000000d8a9000 	/System/Library/PrivateFrameworks/ChunkingLibrary.framework/Versions/A/ChunkingLibrary
0x000000000d8a9000 	/System/Library/PrivateFrameworks/Apple80211.framework/Versions/A/Apple80211
0x000000000d8a9000 	/System/Library/Frameworks/CoreWLAN.framework/Versions/A/CoreWLAN
0x000000000d8a9000 	/System/Library/Frameworks/IOBluetooth.framework/Versions/A/IOBluetooth
0x000000000d8a9000 	/System/Library/PrivateFrameworks/CoreWiFi.framework/Versions/A/CoreWiFi
0x000000000d8a9000 	/System/Library/Frameworks/CoreBluetooth.framework/Versions/A/CoreBluetooth
0x000000000d8a9000 	/System/Library/PrivateFrameworks/DebugSymbols.framework/Versions/A/DebugSymbols
0x000000000d8a9000 	/System/Library/PrivateFrameworks/CoreSymbolication.framework/Versions/A/CoreSymbolication
0x000000000d8a9000 	/System/Library/PrivateFrameworks/Symbolication.framework/Versions/A/Symbolication
0x000000000d8a9000 	/System/Library/PrivateFrameworks/SpeechRecognitionCore.framework/Versions/A/SpeechRecognitionCore
0x000000010f263000 	/Library/Java/JavaVirtualMachines/jdk1.8.0.jdk/Contents/Home/jre/lib/server/libjvm.dylib
0x000000000d8a9000 	/usr/lib/libstdc++.6.dylib
0x0000000110139000 	/Library/Java/JavaVirtualMachines/jdk1.8.0.jdk/Contents/Home/jre/lib/libverify.dylib
0x0000000110147000 	/Library/Java/JavaVirtualMachines/jdk1.8.0.jdk/Contents/Home/jre/lib/libjava.dylib
0x000000011017c000 	/Library/Java/JavaVirtualMachines/jdk1.8.0.jdk/Contents/Home/jre/lib/libjdwp.dylib
0x00000001101c7000 	/Library/Java/JavaVirtualMachines/jdk1.8.0.jdk/Contents/Home/jre/lib/libnpt.dylib
0x00000001101d4000 	/Library/Java/JavaVirtualMachines/jdk1.8.0.jdk/Contents/Home/jre/lib/libzip.dylib
0x0000000126b56000 	/System/Library/Frameworks/JavaVM.framework/Frameworks/JavaRuntimeSupport.framework/JavaRuntimeSupport
0x0000000126b6c000 	/System/Library/Frameworks/JavaVM.framework/Versions/A/Frameworks/JavaNativeFoundation.framework/Versions/A/JavaNativeFoundation
0x0000000126b80000 	/System/Library/Frameworks/JavaVM.framework/Versions/A/JavaVM
0x000000000d8a9000 	/System/Library/Frameworks/Carbon.framework/Versions/A/Carbon
0x0000000126b8c000 	/System/Library/PrivateFrameworks/JavaLaunching.framework/Versions/A/JavaLaunching
0x000000000d8a9000 	/System/Library/Frameworks/Carbon.framework/Versions/A/Frameworks/CommonPanels.framework/Versions/A/CommonPanels
0x000000000d8a9000 	/System/Library/Frameworks/Carbon.framework/Versions/A/Frameworks/Help.framework/Versions/A/Help
0x000000000d8a9000 	/System/Library/Frameworks/Carbon.framework/Versions/A/Frameworks/ImageCapture.framework/Versions/A/ImageCapture
0x000000000d8a9000 	/System/Library/Frameworks/Carbon.framework/Versions/A/Frameworks/OpenScripting.framework/Versions/A/OpenScripting
0x000000000d8a9000 	/System/Library/Frameworks/Carbon.framework/Versions/A/Frameworks/Print.framework/Versions/A/Print
0x000000000d8a9000 	/System/Library/Frameworks/Carbon.framework/Versions/A/Frameworks/SecurityHI.framework/Versions/A/SecurityHI
0x0000000128499000 	/Library/Java/JavaVirtualMachines/jdk1.8.0.jdk/Contents/Home/jre/lib/libdt_socket.dylib
0x0000000128e70000 	/Library/Java/JavaVirtualMachines/jdk1.8.0.jdk/Contents/Home/jre/lib/libnet.dylib
0x0000000128ece000 	/Library/Java/JavaVirtualMachines/jdk1.8.0.jdk/Contents/Home/jre/lib/libnio.dylib
0x00000001290e3000 	/Library/Java/JavaVirtualMachines/jdk1.8.0.jdk/Contents/Home/jre/lib/libawt.dylib
0x0000000129192000 	/Library/Java/JavaVirtualMachines/jdk1.8.0.jdk/Contents/Home/jre/lib/./libmlib_image.dylib
0x000000012925e000 	/Library/Java/JavaVirtualMachines/jdk1.8.0.jdk/Contents/Home/jre/lib/libawt_lwawt.dylib
0x0000000129310000 	/Library/Java/JavaVirtualMachines/jdk1.8.0.jdk/Contents/Home/jre/lib/./libosxapp.dylib
0x000000000d8a9000 	/System/Library/Frameworks/ExceptionHandling.framework/Versions/A/ExceptionHandling
0x000000000d8a9000 	/System/Library/PrivateFrameworks/CoreServicesInternal.framework/Versions/A/CoreServicesInternal
0x000000000d8a9000 	/System/Library/PrivateFrameworks/CloudDocs.framework/Versions/A/CloudDocs
0x000000000d8a9000 	/System/Library/PrivateFrameworks/CoreDuet.framework/Versions/A/CoreDuet
0x000000000d8a9000 	/System/Library/Frameworks/CloudKit.framework/Versions/A/CloudKit
0x000000000d8a9000 	/System/Library/PrivateFrameworks/ProtocolBuffer.framework/Versions/A/ProtocolBuffer
0x000000000d8a9000 	/System/Library/PrivateFrameworks/CoreDuetDaemonProtocol.framework/Versions/A/CoreDuetDaemonProtocol
0x000000000d8a9000 	/System/Library/PrivateFrameworks/CoreDuetDebugLogging.framework/Versions/A/CoreDuetDebugLogging
0x000000000d8a9000 	/System/Library/Frameworks/CoreLocation.framework/Versions/A/CoreLocation
0x000000000d8a9000 	/System/Library/Frameworks/Accounts.framework/Versions/A/Accounts
0x000000000d8a9000 	/System/Library/PrivateFrameworks/ApplePushService.framework/Versions/A/ApplePushService
0x000000000d8a9000 	/System/Library/PrivateFrameworks/GeoServices.framework/Versions/A/GeoServices
0x000000000d8a9000 	/System/Library/PrivateFrameworks/OAuth.framework/Versions/A/OAuth
0x000000000d8a9000 	/System/Library/PrivateFrameworks/CoreDaemon.framework/Versions/B/CoreDaemon
0x000000000d8a9000 	/usr/lib/libcrypto.0.9.8.dylib
0x000000000d8a9000 	/System/Library/PrivateFrameworks/AppleSRP.framework/Versions/A/AppleSRP
0x000000000d8a9000 	/System/Library/PrivateFrameworks/TrustEvaluationAgent.framework/Versions/A/TrustEvaluationAgent
0x000000000d8a9000 	/System/Library/Frameworks/CoreGraphics.framework/Versions/A/Resources/libCGCMS.A.dylib
0x000000000d8a9000 	/System/Library/Frameworks/CoreGraphics.framework/Versions/A/Resources/libRIP.A.dylib
0x000000000d8a9000 	/System/Library/Frameworks/CoreGraphics.framework/Versions/A/Resources/libCGXType.A.dylib
0x000000000d8a9000 	/System/Library/Frameworks/OpenCL.framework/Versions/A/Libraries/libcldcpuengine.dylib
0x000000000d8a9000 	/System/Library/PrivateFrameworks/DiskImages.framework/Versions/A/DiskImages
0x000000000d8a9000 	/System/Library/Frameworks/DiscRecording.framework/Versions/A/DiscRecording
0x000000000d8a9000 	/usr/lib/libcsfde.dylib
0x000000000d8a9000 	/usr/lib/libcurl.4.dylib
0x000000000d8a9000 	/System/Library/PrivateFrameworks/MediaKit.framework/Versions/A/MediaKit
0x000000000d8a9000 	/System/Library/PrivateFrameworks/ProtectedCloudStorage.framework/Versions/A/ProtectedCloudStorage
0x000000000d8a9000 	/usr/lib/libCoreStorage.dylib
0x000000000d8a9000 	/System/Library/PrivateFrameworks/EFILogin.framework/Versions/A/EFILogin
0x000000000d8a9000 	/usr/lib/libutil.dylib
0x000000000d8a9000 	/System/Library/PrivateFrameworks/FindMyDevice.framework/Versions/A/FindMyDevice
0x000000000d8a9000 	/System/Library/Frameworks/LDAP.framework/Versions/A/LDAP
0x000000000d8a9000 	/usr/lib/libsasl2.2.dylib
0x000000012be52000 	cl_kernels
0x000000012be54000 	/System/Library/Frameworks/OpenCL.framework/Versions/A/Libraries/ImageFormats/unorm8_bgra.dylib
0x000000012be43000 	cl_kernels
0x000000000d8a9000 	/System/Library/PrivateFrameworks/FamilyControls.framework/Versions/A/FamilyControls
0x000000000d8a9000 	/System/Library/PrivateFrameworks/CommerceKit.framework/Versions/A/Frameworks/CommerceCore.framework/Versions/A/CommerceCore
0x000000000d8a9000 	/System/Library/PrivateFrameworks/SystemAdministration.framework/Versions/A/SystemAdministration
0x000000000d8a9000 	/System/Library/PrivateFrameworks/AppContainer.framework/Versions/A/AppContainer
0x000000000d8a9000 	/System/Library/PrivateFrameworks/SecCodeWrapper.framework/Versions/A/SecCodeWrapper
0x000000000d8a9000 	/System/Library/Frameworks/DirectoryService.framework/Versions/A/DirectoryService
0x000000000d8a9000 	/System/Library/PrivateFrameworks/LoginUIKit.framework/Versions/A/Frameworks/LoginUICore.framework/Versions/A/LoginUICore
0x000000000d8a9000 	/usr/lib/libodfde.dylib

VM Arguments:
jvm_args: -agentlib:jdwp=transport=dt_socket,suspend=y,address=localhost:65118 -Dfile.encoding=UTF-8 
java_command: b.b
java_class_path (initial): /Users/calin/Documents/works/a/bin:/Users/calin/Documents/works/a/lib/mysql-connector-java-5.1.31-bin.jar:/Users/calin/Documents/works/a/lib/aws-java-sdk-1.8.0.jar:/Users/calin/Documents/works/a/lib/commons-logging-1.1.3.jar:/Users/calin/Documents/works/a/lib/httpclient-4.3.4.jar:/Users/calin/Documents/works/a/lib/httpcore-4.3.2.jar:/Users/calin/Documents/works/a/lib/jackson-core-2.2.4.jar:/Users/calin/Documents/works/a/lib/jackson-databind-2.2.4.jar:/Users/calin/Documents/works/a/lib/jackson-annotations-2.4.0.jar:/Users/calin/Documents/works/a/lib/joda-time-2.3.jar
Launcher Type: SUN_STANDARD

Environment Variables:
PATH=/usr/bin:/bin:/usr/sbin:/sbin
SHELL=/bin/bash

Signal Handlers:
SIGSEGV: [libjvm.dylib+0x55faef], sa_mask[0]=0xfffefeff, sa_flags=0x00000043
SIGBUS: [libjvm.dylib+0x55faef], sa_mask[0]=0xfffefeff, sa_flags=0x00000042
SIGFPE: [libjvm.dylib+0x44305a], sa_mask[0]=0xfffefeff, sa_flags=0x00000042
SIGPIPE: [libjvm.dylib+0x44305a], sa_mask[0]=0xfffefeff, sa_flags=0x00000042
SIGXFSZ: [libjvm.dylib+0x44305a], sa_mask[0]=0xfffefeff, sa_flags=0x00000042
SIGILL: [libjvm.dylib+0x44305a], sa_mask[0]=0xfffefeff, sa_flags=0x00000042
SIGUSR1: SIG_DFL, sa_mask[0]=0x00000000, sa_flags=0x00000000
SIGUSR2: [libjvm.dylib+0x442b78], sa_mask[0]=0x00000004, sa_flags=0x00000042
SIGHUP: [libjvm.dylib+0x440f05], sa_mask[0]=0xfffefeff, sa_flags=0x00000042
SIGINT: [libjvm.dylib+0x440f05], sa_mask[0]=0xfffefeff, sa_flags=0x00000042
SIGTERM: [libjvm.dylib+0x440f05], sa_mask[0]=0xfffefeff, sa_flags=0x00000042
SIGQUIT: [libjvm.dylib+0x440f05], sa_mask[0]=0xfffefeff, sa_flags=0x00000042


---------------  S Y S T E M  ---------------

OS:Bsduname:Darwin 14.0.0 Darwin Kernel Version 14.0.0: Fri Sep 19 00:26:44 PDT 2014; root:xnu-2782.1.97~2/RELEASE_X86_64 x86_64
rlimit: STACK 8192k, CORE 0k, NPROC 709, NOFILE 10240, AS infinity
load average:1.42 1.51 1.50

CPU:total 4 (2 cores per cpu, 2 threads per core) family 6 model 69 stepping 1, cmov, cx8, fxsr, mmx, sse, sse2, sse3, ssse3, sse4.1, sse4.2, popcnt, avx, avx2, aes, clmul, erms, ht, tsc, tscinvbit

Memory: 4k page, physical 8388608k(2091684k free)

/proc/meminfo:


vm_info: Java HotSpot(TM) 64-Bit Server VM (25.0-b70) for bsd-amd64 JRE (1.8.0-b132), built on Mar  4 2014 03:11:43 by "java_re" with gcc 4.2.1 (Based on Apple Inc. build 5658) (LLVM build 2336.11.00)

time: Mon Dec  8 14:45:04 2014
elapsed time: 384 seconds

