This is ApacheBench, Version 2.3 <$Revision: 655654 $>
Copyright 1996 Adam Twiss, Zeus Technology Ltd, http://www.zeustech.net/
Licensed to The Apache Software Foundation, http://www.apache.org/

Benchmarking www.ramvark.net (be patient)


Server Software:        nginx/1.4.2
Server Hostname:        www.ramvark.net
Server Port:            80

Document Path:          /typealine
Document Length:        526 bytes

Concurrency Level:      20
Time taken for tests:   10.000 seconds
Complete requests:      7983
Failed requests:        0
Write errors:           0
Total transferred:      5956284 bytes
HTML transferred:       4199584 bytes
Requests per second:    798.28 [#/sec] (mean)
Time per request:       25.054 [ms] (mean)
Time per request:       1.253 [ms] (mean, across all concurrent requests)
Transfer rate:          581.66 [Kbytes/sec] received

Connection Times (ms)
              min  mean[+/-sd] median   max
Connect:        1    1   5.5      1     209
Processing:     5   23  27.5     13     322
Waiting:        5   23  27.0     13     225
Total:          6   25  27.9     15     323

Percentage of the requests served within a certain time (ms)
  50%     15
  66%     18
  75%     20
  80%     23
  90%     74
  95%     80
  98%    113
  99%    144
 100%    323 (longest request)
