#
# A fatal error has been detected by the Java Runtime Environment:
#
#  SIGSEGV (0xb) at pc=0x000000010f00b9a0, pid=1509, tid=16643
#
# JRE version: Java(TM) SE Runtime Environment (8.0-b132) (build 1.8.0-b132)
# Java VM: Java HotSpot(TM) 64-Bit Server VM (25.0-b70 mixed mode bsd-amd64 compressed oops)
# Problematic frame:
# V  [libjvm.dylib+0x40b9a0]
#
# Failed to write core dump. Core dumps have been disabled. To enable core dumping, try "ulimit -c unlimited" before starting Java again
#
# If you would like to submit a bug report, please visit:
#   http://bugreport.sun.com/bugreport/crash.jsp
#

---------------  T H R E A D  ---------------

Current thread (0x00007ffdaa823800):  JavaThread "JDWP Transport Listener: dt_socket" daemon [_thread_in_vm, id=16643, stack(0x000000012758f000,0x000000012768f000)]

siginfo:si_signo=SIGSEGV: si_errno=0, si_code=0 (SEGV0), si_addr=0x0000000000000000

Registers:
RAX=0x0000000000000001, RBX=0x000000012768ea8b, RCX=0x000000010f3af780, RDX=0x000000012768ea8b
RSP=0x000000012768e9d0, RBP=0x000000012768e9e0, RSI=0x00007ffdaa823800, RDI=0x0002000000000000
R8 =0x0000000000000000, R9 =0x00007ffda8f00000, R10=0x0000000000000010, R11=0x00007ffda8f00000
R12=0x00007ffdaa823800, R13=0x0002000000000000, R14=0x0002000000000000, R15=0x00007ffda8e017b0
RIP=0x000000010f00b9a0, EFLAGS=0x0000000000010206, ERR=0x0000000000000000
  TRAPNO=0x000000000000000d

Top of Stack: (sp=0x000000012768e9d0)
0x000000012768e9d0:   000000012768ea8b 000000012768ea8b
0x000000012768e9e0:   000000012768ea40 000000010ef24cee
0x000000012768e9f0:   00007ffdaa823800 0000000000000000
0x000000012768ea00:   0000000000000000 0000000000000000
0x000000012768ea10:   00007ffdaa823800 00007ffdaa823800
0x000000012768ea20:   000000012768ea8b 000000012768ea90
0x000000012768ea30:   0002000000000000 0000000000000003
0x000000012768ea40:   000000012768ea60 000000010e3ca7dc
0x000000012768ea50:   0000000000000001 000000012768eb08
0x000000012768ea60:   000000012768ead0 000000010e3af263
0x000000012768ea70:   000000012768eaa0 00007ffda8f49a00
0x000000012768ea80:   0000000400000032 000000010068eb08
0x000000012768ea90:   0000000000000000 0000000000000000
0x000000012768eaa0:   0000000000000000 000000012768ec90
0x000000012768eab0:   000000010e3d1eca 00007ffda8c15570
0x000000012768eac0:   000000012768eb08 000000010e3dd588
0x000000012768ead0:   000000012768eae0 000000010e3af35c
0x000000012768eae0:   000000012768ed00 000000010e3b88f6
0x000000012768eaf0:   00006d5900000013 00000000000f0200
0x000000012768eb00:   00007ffda8c426c0 00007ffda8fbb6e1
0x000000012768eb10:   00007ffd00000237 00007ffda8fb7c10
0x000000012768eb20:   00007ffd0000012c 000000012768eb58
0x000000012768eb30:   00007ffda8fb7c10 00007f0000000000
0x000000012768eb40:   00006d590000001c 00007fff00001080
0x000000012768eb50:   000000012768eb58 fd7f000004000000
0x000000012768eb60:   06000000a8cdd1a8 00003e74696e693c
0x000000012768eb70:   3b612f624c285200 616c2f6176616a4c
0x000000012768eb80:   6e697274532f676e 2f6176616a4c3b67
0x000000012768eb90:   6e694c2f6c697475 4d6873614864656b
0x000000012768eba0:   7a702f614c3b7061 646165722f61622f
0x000000012768ebb0:   7a702f614c3b7265 636f6c622f61622f
0x000000012768ebc0:   7800000056293b6b 6a4c3b612f624c28 

Instructions: (pc=0x000000010f00b9a0)
0x000000010f00b980:   40 48 48 85 c0 75 e0 30 c0 0f b6 c0 5d c3 31 c0
0x000000010f00b990:   5d c3 55 48 89 e5 53 48 83 ec 08 48 85 ff 74 24
0x000000010f00b9a0:   48 8b 1f 48 85 db 74 1c 48 83 fb 37 74 16 48 8b
0x000000010f00b9b0:   03 48 89 df ff 50 08 84 c0 b8 00 00 00 00 48 0f 

Register to memory mapping:

RAX=0x0000000000000001 is an unknown value
RBX=0x000000012768ea8b is pointing into the stack for thread: 0x00007ffdaa823800
RCX=0x000000010f3af780: UseMembar+0 in /Library/Java/JavaVirtualMachines/jdk1.8.0.jdk/Contents/Home/jre/lib/server/libjvm.dylib at 0x000000010ec00000
RDX=0x000000012768ea8b is pointing into the stack for thread: 0x00007ffdaa823800
RSP=0x000000012768e9d0 is pointing into the stack for thread: 0x00007ffdaa823800
RBP=0x000000012768e9e0 is pointing into the stack for thread: 0x00007ffdaa823800
RSI=0x00007ffdaa823800 is a thread
RDI=0x0002000000000000 is an unknown value
R8 =0x0000000000000000 is an unknown value
R9 =0x00007ffda8f00000 is an unknown value
R10=0x0000000000000010 is an unknown value
R11=0x00007ffda8f00000 is an unknown value
R12=0x00007ffdaa823800 is a thread
R13=0x0002000000000000 is an unknown value
R14=0x0002000000000000 is an unknown value
R15=0x00007ffda8e017b0 is an unknown value


Stack: [0x000000012758f000,0x000000012768f000],  sp=0x000000012768e9d0,  free space=1022k
Native frames: (J=compiled Java code, j=interpreted, Vv=VM code, C=native code)
V  [libjvm.dylib+0x40b9a0]
V  [libjvm.dylib+0x324cee]
C  [libjdwp.dylib+0x207dc]  isMethodSynthetic+0x63
C  [libjdwp.dylib+0x5263]  methods1+0x10b
C  [libjdwp.dylib+0x535c]  methodsWithGeneric+0xe
C  [libjdwp.dylib+0xe8f6]  debugLoop_run+0x1ce
C  [libjdwp.dylib+0x1f716]  attachThread+0x4d
V  [libjvm.dylib+0x365d5e]
V  [libjvm.dylib+0x51d005]
V  [libjvm.dylib+0x51e742]
V  [libjvm.dylib+0x445786]
C  [libsystem_pthread.dylib+0x32fc]  _pthread_body+0x83
C  [libsystem_pthread.dylib+0x3279]  _pthread_body+0x0
C  [libsystem_pthread.dylib+0x14b1]  thread_start+0xd


---------------  P R O C E S S  ---------------

Java Threads: ( => current thread )
  0x00007ffda9157000 JavaThread "t5" [_thread_blocked, id=51715, stack(0x000000012c6f5000,0x000000012c7f5000)]
  0x00007ffda908b000 JavaThread "t4" [_thread_blocked, id=51211, stack(0x000000012c8fb000,0x000000012c9fb000)]
  0x00007ffda908a800 JavaThread "t3" [_thread_blocked, id=30751, stack(0x000000012c7f8000,0x000000012c8f8000)]
  0x00007ffda9a30800 JavaThread "t2" [_thread_blocked, id=26127, stack(0x0000000129747000,0x0000000129847000)]
  0x00007ffdaa945800 JavaThread "t1" [_thread_blocked, id=50551, stack(0x000000012c133000,0x000000012c233000)]
  0x00007ffdaa1f9000 JavaThread "AWT-AppKit" daemon [_thread_in_native, id=1811, stack(0x00007fff511ae000,0x00007fff519ae000)]
  0x00007ffdaa8b0800 JavaThread "t0" [_thread_blocked, id=21251, stack(0x00000001280cf000,0x00000001281cf000)]
  0x00007ffda906a000 JavaThread "watch" [_thread_blocked, id=20739, stack(0x0000000127fcc000,0x00000001280cc000)]
  0x00007ffdaa832800 JavaThread "Service Thread" daemon [_thread_blocked, id=19715, stack(0x0000000127ba1000,0x0000000127ca1000)]
  0x00007ffdaa01b000 JavaThread "C1 CompilerThread2" daemon [_thread_blocked, id=19203, stack(0x0000000127a9e000,0x0000000127b9e000)]
  0x00007ffdaa01a800 JavaThread "C2 CompilerThread1" daemon [_thread_blocked, id=18691, stack(0x000000012799b000,0x0000000127a9b000)]
  0x00007ffdaa824000 JavaThread "C2 CompilerThread0" daemon [_thread_blocked, id=18179, stack(0x0000000127898000,0x0000000127998000)]
  0x00007ffdaa028800 JavaThread "JDWP Command Reader" daemon [_thread_in_native, id=17667, stack(0x0000000127795000,0x0000000127895000)]
  0x00007ffdaa010800 JavaThread "JDWP Event Helper Thread" daemon [_thread_blocked, id=17155, stack(0x0000000127692000,0x0000000127792000)]
=>0x00007ffdaa823800 JavaThread "JDWP Transport Listener: dt_socket" daemon [_thread_in_vm, id=16643, stack(0x000000012758f000,0x000000012768f000)]
  0x00007ffdaa010000 JavaThread "Signal Dispatcher" daemon [_thread_blocked, id=13331, stack(0x0000000127485000,0x0000000127585000)]
  0x00007ffda9036000 JavaThread "Finalizer" daemon [_thread_blocked, id=11523, stack(0x0000000125b44000,0x0000000125c44000)]
  0x00007ffda9035000 JavaThread "Reference Handler" daemon [_thread_blocked, id=11011, stack(0x0000000125a41000,0x0000000125b41000)]
  0x00007ffda9006800 JavaThread "main" [_thread_in_native, id=4867, stack(0x000000010fac0000,0x000000010fbc0000)]

Other Threads:
  0x00007ffdaa80b800 VMThread [stack: 0x000000012593e000,0x0000000125a3e000] [id=10499]
  0x00007ffdaa01c000 WatcherThread [stack: 0x0000000127ca4000,0x0000000127da4000] [id=20227]

VM state:not at safepoint (normal execution)

VM Mutex/Monitor currently owned by a thread: None

Heap:
 PSYoungGen      total 9728K, used 6283K [0x0000000795580000, 0x0000000796080000, 0x00000007c0000000)
  eden space 8192K, 65% used [0x0000000795580000,0x0000000795ac2f38,0x0000000795d80000)
  from space 1536K, 58% used [0x0000000795f00000,0x0000000795fe0020,0x0000000796080000)
  to   space 1536K, 0% used [0x0000000795d80000,0x0000000795d80000,0x0000000795f00000)
 ParOldGen       total 129536K, used 1817K [0x0000000740000000, 0x0000000747e80000, 0x0000000795580000)
  object space 129536K, 1% used [0x0000000740000000,0x00000007401c6448,0x0000000747e80000)
 Metaspace       used 7462K, capacity 7690K, committed 7936K, reserved 1056768K
  class space    used 820K, capacity 901K, committed 1024K, reserved 1048576K

Card table byte_map: [0x000000011ef93000,0x000000011f394000] byte_map_base: 0x000000011b593000

Marking Bits: (ParMarkBitMap*) 0x000000010f4660a0
 Begin Bits: [0x000000011fa4b000, 0x0000000121a4b000)
 End Bits:   [0x0000000121a4b000, 0x0000000123a4b000)

Polling page: 0x000000010e3a9000

CodeCache: size=245760Kb used=3050Kb max_used=3050Kb free=242709Kb
 bounds [0x000000010fbd3000, 0x000000010fed3000, 0x000000011ebd3000]
 total_blobs=961 nmethods=623 adapters=262
 compilation: enabled

Compilation events (10 events):
Event: 240.339 Thread 0x00007ffdaa01b000  618       3       java.util.ArrayList$Itr::hasNext (20 bytes)
Event: 240.339 Thread 0x00007ffdaa01b000 nmethod 618 0x000000010fecd850 code [0x000000010fecd9c0, 0x000000010fecdb90]
Event: 240.339 Thread 0x00007ffdaa01b000  620  s    1       java.lang.StringBuffer::length (5 bytes)
Event: 240.340 Thread 0x00007ffdaa01b000 nmethod 620 0x000000010fecd410 code [0x000000010fecd560, 0x000000010fecd7d0]
Event: 300.367 Thread 0x00007ffdaa01b000  621   !   3       sun.nio.cs.StreamEncoder::flushBuffer (42 bytes)
Event: 300.368 Thread 0x00007ffdaa01b000 nmethod 621 0x000000010fecca10 code [0x000000010feccbc0, 0x000000010fecd178]
Event: 300.368 Thread 0x00007ffdaa01b000  622       3       sun.nio.cs.StreamEncoder::implFlushBuffer (15 bytes)
Event: 300.369 Thread 0x00007ffdaa01b000 nmethod 622 0x000000010fecc550 code [0x000000010fecc6c0, 0x000000010fecc928]
Event: 300.369 Thread 0x00007ffdaa01b000  623       3       sun.nio.cs.StreamEncoder::writeBytes (132 bytes)
Event: 300.370 Thread 0x00007ffdaa01b000 nmethod 623 0x000000010fecea50 code [0x000000010fecec80, 0x000000010fecf8f8]

GC Heap History (10 events):
Event: 0.990 GC heap before
{Heap before GC invocations=4 (full 0):
 PSYoungGen      total 1536K, used 1520K [0x0000000795580000, 0x0000000795880000, 0x00000007c0000000)
  eden space 1024K, 100% used [0x0000000795580000,0x0000000795680000,0x0000000795680000)
  from space 512K, 96% used [0x0000000795680000,0x00000007956fc010,0x0000000795700000)
  to   space 512K, 0% used [0x0000000795800000,0x0000000795800000,0x0000000795880000)
 ParOldGen       total 129536K, used 420K [0x0000000740000000, 0x0000000747e80000, 0x0000000795580000)
  object space 129536K, 0% used [0x0000000740000000,0x0000000740069010,0x0000000747e80000)
 Metaspace       used 5087K, capacity 5166K, committed 5248K, reserved 1056768K
  class space    used 556K, capacity 581K, committed 640K, reserved 1048576K
Event: 0.992 GC heap after
Heap after GC invocations=4 (full 0):
 PSYoungGen      total 2560K, used 480K [0x0000000795580000, 0x0000000795880000, 0x00000007c0000000)
  eden space 2048K, 0% used [0x0000000795580000,0x0000000795580000,0x0000000795780000)
  from space 512K, 93% used [0x0000000795800000,0x0000000795878020,0x0000000795880000)
  to   space 512K, 0% used [0x0000000795780000,0x0000000795780000,0x0000000795800000)
 ParOldGen       total 129536K, used 852K [0x0000000740000000, 0x0000000747e80000, 0x0000000795580000)
  object space 129536K, 0% used [0x0000000740000000,0x00000007400d5388,0x0000000747e80000)
 Metaspace       used 5087K, capacity 5166K, committed 5248K, reserved 1056768K
  class space    used 556K, capacity 581K, committed 640K, reserved 1048576K
}
Event: 1.199 GC heap before
{Heap before GC invocations=5 (full 0):
 PSYoungGen      total 2560K, used 2528K [0x0000000795580000, 0x0000000795880000, 0x00000007c0000000)
  eden space 2048K, 100% used [0x0000000795580000,0x0000000795780000,0x0000000795780000)
  from space 512K, 93% used [0x0000000795800000,0x0000000795878020,0x0000000795880000)
  to   space 512K, 0% used [0x0000000795780000,0x0000000795780000,0x0000000795800000)
 ParOldGen       total 129536K, used 852K [0x0000000740000000, 0x0000000747e80000, 0x0000000795580000)
  object space 129536K, 0% used [0x0000000740000000,0x00000007400d5388,0x0000000747e80000)
 Metaspace       used 5861K, capacity 6056K, committed 6144K, reserved 1056768K
  class space    used 654K, capacity 700K, committed 768K, reserved 1048576K
Event: 1.202 GC heap after
Heap after GC invocations=5 (full 0):
 PSYoungGen      total 2560K, used 480K [0x0000000795580000, 0x0000000795c80000, 0x00000007c0000000)
  eden space 2048K, 0% used [0x0000000795580000,0x0000000795580000,0x0000000795780000)
  from space 512K, 93% used [0x0000000795780000,0x00000007957f8020,0x0000000795800000)
  to   space 1536K, 0% used [0x0000000795b00000,0x0000000795b00000,0x0000000795c80000)
 ParOldGen       total 129536K, used 1504K [0x0000000740000000, 0x0000000747e80000, 0x0000000795580000)
  object space 129536K, 1% used [0x0000000740000000,0x00000007401783c8,0x0000000747e80000)
 Metaspace       used 5861K, capacity 6056K, committed 6144K, reserved 1056768K
  class space    used 654K, capacity 700K, committed 768K, reserved 1048576K
}
Event: 1.293 GC heap before
{Heap before GC invocations=6 (full 0):
 PSYoungGen      total 2560K, used 2528K [0x0000000795580000, 0x0000000795c80000, 0x00000007c0000000)
  eden space 2048K, 100% used [0x0000000795580000,0x0000000795780000,0x0000000795780000)
  from space 512K, 93% used [0x0000000795780000,0x00000007957f8020,0x0000000795800000)
  to   space 1536K, 0% used [0x0000000795b00000,0x0000000795b00000,0x0000000795c80000)
 ParOldGen       total 129536K, used 1504K [0x0000000740000000, 0x0000000747e80000, 0x0000000795580000)
  object space 129536K, 1% used [0x0000000740000000,0x00000007401783c8,0x0000000747e80000)
 Metaspace       used 7148K, capacity 7272K, committed 7552K, reserved 1056768K
  class space    used 799K, capacity 828K, committed 896K, reserved 1048576K
Event: 1.297 GC heap after
Heap after GC invocations=6 (full 0):
 PSYoungGen      total 5632K, used 736K [0x0000000795580000, 0x0000000795c80000, 0x00000007c0000000)
  eden space 4096K, 0% used [0x0000000795580000,0x0000000795580000,0x0000000795980000)
  from space 1536K, 47% used [0x0000000795b00000,0x0000000795bb8020,0x0000000795c80000)
  to   space 1536K, 0% used [0x0000000795980000,0x0000000795980000,0x0000000795b00000)
 ParOldGen       total 129536K, used 1512K [0x0000000740000000, 0x0000000747e80000, 0x0000000795580000)
  object space 129536K, 1% used [0x0000000740000000,0x000000074017a3c8,0x0000000747e80000)
 Metaspace       used 7148K, capacity 7272K, committed 7552K, reserved 1056768K
  class space    used 799K, capacity 828K, committed 896K, reserved 1048576K
}
Event: 10.725 GC heap before
{Heap before GC invocations=7 (full 0):
 PSYoungGen      total 5632K, used 4832K [0x0000000795580000, 0x0000000795c80000, 0x00000007c0000000)
  eden space 4096K, 100% used [0x0000000795580000,0x0000000795980000,0x0000000795980000)
  from space 1536K, 47% used [0x0000000795b00000,0x0000000795bb8020,0x0000000795c80000)
  to   space 1536K, 0% used [0x0000000795980000,0x0000000795980000,0x0000000795b00000)
 ParOldGen       total 129536K, used 1512K [0x0000000740000000, 0x0000000747e80000, 0x0000000795580000)
  object space 129536K, 1% used [0x0000000740000000,0x000000074017a3c8,0x0000000747e80000)
 Metaspace       used 7269K, capacity 7370K, committed 7552K, reserved 1056768K
  class space    used 813K, capacity 837K, committed 896K, reserved 1048576K
Event: 10.729 GC heap after
Heap after GC invocations=7 (full 0):
 PSYoungGen      total 5632K, used 1024K [0x0000000795580000, 0x0000000796080000, 0x00000007c0000000)
  eden space 4096K, 0% used [0x0000000795580000,0x0000000795580000,0x0000000795980000)
  from space 1536K, 66% used [0x0000000795980000,0x0000000795a80020,0x0000000795b00000)
  to   space 1536K, 0% used [0x0000000795f00000,0x0000000795f00000,0x0000000796080000)
 ParOldGen       total 129536K, used 1681K [0x0000000740000000, 0x0000000747e80000, 0x0000000795580000)
  object space 129536K, 1% used [0x0000000740000000,0x00000007401a4418,0x0000000747e80000)
 Metaspace       used 7269K, capacity 7370K, committed 7552K, reserved 1056768K
  class space    used 813K, capacity 837K, committed 896K, reserved 1048576K
}
Event: 12.769 GC heap before
{Heap before GC invocations=8 (full 0):
 PSYoungGen      total 5632K, used 5120K [0x0000000795580000, 0x0000000796080000, 0x00000007c0000000)
  eden space 4096K, 100% used [0x0000000795580000,0x0000000795980000,0x0000000795980000)
  from space 1536K, 66% used [0x0000000795980000,0x0000000795a80020,0x0000000795b00000)
  to   space 1536K, 0% used [0x0000000795f00000,0x0000000795f00000,0x0000000796080000)
 ParOldGen       total 129536K, used 1681K [0x0000000740000000, 0x0000000747e80000, 0x0000000795580000)
  object space 129536K, 1% used [0x0000000740000000,0x00000007401a4418,0x0000000747e80000)
 Metaspace       used 7310K, capacity 7498K, committed 7808K, reserved 1056768K
  class space    used 813K, capacity 837K, committed 896K, reserved 1048576K
Event: 12.772 GC heap after
Heap after GC invocations=8 (full 0):
 PSYoungGen      total 9728K, used 896K [0x0000000795580000, 0x0000000796080000, 0x00000007c0000000)
  eden space 8192K, 0% used [0x0000000795580000,0x0000000795580000,0x0000000795d80000)
  from space 1536K, 58% used [0x0000000795f00000,0x0000000795fe0020,0x0000000796080000)
  to   space 1536K, 0% used [0x0000000795d80000,0x0000000795d80000,0x0000000795f00000)
 ParOldGen       total 129536K, used 1817K [0x0000000740000000, 0x0000000747e80000, 0x0000000795580000)
  object space 129536K, 1% used [0x0000000740000000,0x00000007401c6448,0x0000000747e80000)
 Metaspace       used 7310K, capacity 7498K, committed 7808K, reserved 1056768K
  class space    used 813K, capacity 837K, committed 896K, reserved 1048576K
}

Deoptimization events (5 events):
Event: 10.224 Thread 0x00007ffda906a000 Uncommon trap: reason=null_check action=make_not_entrant pc=0x000000010fdd9b58 method=java.lang.StringCoding.encode(Ljava/lang/String;[CII)[B @ 6
Event: 10.696 Thread 0x00007ffdaa945800 Uncommon trap: reason=bimorphic action=maybe_recompile pc=0x000000010fdd7c60 method=b.xwriter.p(Ljava/lang/String;)Lb/xwriter; @ 14
Event: 10.696 Thread 0x00007ffdaa945800 Uncommon trap: reason=bimorphic action=maybe_recompile pc=0x000000010fdd7c60 method=b.xwriter.p(Ljava/lang/String;)Lb/xwriter; @ 14
Event: 10.696 Thread 0x00007ffdaa945800 Uncommon trap: reason=bimorphic action=maybe_recompile pc=0x000000010fdd7c60 method=b.xwriter.p(Ljava/lang/String;)Lb/xwriter; @ 14
Event: 10.696 Thread 0x00007ffdaa945800 Uncommon trap: reason=bimorphic action=maybe_recompile pc=0x000000010fdd7c60 method=b.xwriter.p(Ljava/lang/String;)Lb/xwriter; @ 14

Internal exceptions (10 events):
Event: 1.034 Thread 0x00007ffdaa8b0800 Exception <a 'java/security/PrivilegedActionException'> (0x000000079564b018) thrown at [/HUDSON/workspace/8-2-build-macosx-x86_64/jdk8/2238/hotspot/src/share/vm/prims/jvm.cpp, line 1248]
Event: 1.045 Thread 0x00007ffdaa8b0800 Exception <a 'java/security/PrivilegedActionException'> (0x0000000795697190) thrown at [/HUDSON/workspace/8-2-build-macosx-x86_64/jdk8/2238/hotspot/src/share/vm/prims/jvm.cpp, line 1248]
Event: 1.046 Thread 0x00007ffdaa8b0800 Exception <a 'java/security/PrivilegedActionException'> (0x0000000795698880) thrown at [/HUDSON/workspace/8-2-build-macosx-x86_64/jdk8/2238/hotspot/src/share/vm/prims/jvm.cpp, line 1248]
Event: 1.046 Thread 0x00007ffdaa8b0800 Exception <a 'java/security/PrivilegedActionException'> (0x0000000795699dc0) thrown at [/HUDSON/workspace/8-2-build-macosx-x86_64/jdk8/2238/hotspot/src/share/vm/prims/jvm.cpp, line 1248]
Event: 1.191 Thread 0x00007ffdaa8b0800 Exception <a 'java/io/FileNotFoundException'> (0x00000007956ed0c0) thrown at [/HUDSON/workspace/8-2-build-macosx-x86_64/jdk8/2238/hotspot/src/share/vm/prims/jni.cpp, line 716]
Event: 1.191 Thread 0x00007ffdaa8b0800 Exception <a 'java/io/FileNotFoundException'> (0x00000007956edb98) thrown at [/HUDSON/workspace/8-2-build-macosx-x86_64/jdk8/2238/hotspot/src/share/vm/prims/jni.cpp, line 716]
Event: 1.299 Thread 0x00007ffda9006800 Exception <a 'java/security/PrivilegedActionException'> (0x0000000795594e40) thrown at [/HUDSON/workspace/8-2-build-macosx-x86_64/jdk8/2238/hotspot/src/share/vm/prims/jvm.cpp, line 1248]
Event: 10.224 Thread 0x00007ffda906a000 Implicit null exception at 0x000000010fdd92ba to 0x000000010fdd9b49
Event: 10.671 Thread 0x00007ffdaa945800 Exception <a 'java/security/PrivilegedActionException'> (0x0000000795807680) thrown at [/HUDSON/workspace/8-2-build-macosx-x86_64/jdk8/2238/hotspot/src/share/vm/prims/jvm.cpp, line 1248]
Event: 10.672 Thread 0x00007ffdaa945800 Exception <a 'java/security/PrivilegedActionException'> (0x0000000795808fd8) thrown at [/HUDSON/workspace/8-2-build-macosx-x86_64/jdk8/2238/hotspot/src/share/vm/prims/jvm.cpp, line 1248]

Events (10 events):
Event: 208.141 Executing VM operation: RedefineClasses
Event: 208.146 Executing VM operation: RedefineClasses done
Event: 208.150 Executing VM operation: ChangeBreakpoints
Event: 208.151 Executing VM operation: ChangeBreakpoints done
Event: 301.100 Thread 0x00007ffdaa952000 Thread added: 0x00007ffdaa952000
Event: 302.104 Executing VM operation: RevokeBias
Event: 302.104 Executing VM operation: RevokeBias done
Event: 302.104 Thread 0x00007ffdaa952000 Thread exited: 0x00007ffdaa952000
Event: 319.926 Executing VM operation: RedefineClasses
Event: 319.932 Executing VM operation: RedefineClasses done


Dynamic libraries:
0x000000000d8a9000 	/System/Library/Frameworks/Cocoa.framework/Versions/A/Cocoa
0x000000000d8a9000 	/System/Library/Frameworks/Security.framework/Versions/A/Security
0x000000000d8a9000 	/System/Library/Frameworks/ApplicationServices.framework/Versions/A/ApplicationServices
0x000000000d8a9000 	/usr/lib/libz.1.dylib
0x000000000d8a9000 	/usr/lib/libSystem.B.dylib
0x000000000d8a9000 	/usr/lib/libobjc.A.dylib
0x000000000d8a9000 	/System/Library/Frameworks/CoreFoundation.framework/Versions/A/CoreFoundation
0x000000000d8a9000 	/System/Library/Frameworks/Foundation.framework/Versions/C/Foundation
0x000000000d8a9000 	/System/Library/Frameworks/AppKit.framework/Versions/C/AppKit
0x000000000d8a9000 	/System/Library/Frameworks/CoreData.framework/Versions/A/CoreData
0x000000000d8a9000 	/System/Library/PrivateFrameworks/RemoteViewServices.framework/Versions/A/RemoteViewServices
0x000000000d8a9000 	/System/Library/PrivateFrameworks/UIFoundation.framework/Versions/A/UIFoundation
0x000000000d8a9000 	/System/Library/Frameworks/IOSurface.framework/Versions/A/IOSurface
0x000000000d8a9000 	/System/Library/Frameworks/AudioToolbox.framework/Versions/A/AudioToolbox
0x000000000d8a9000 	/System/Library/Frameworks/AudioUnit.framework/Versions/A/AudioUnit
0x000000000d8a9000 	/System/Library/PrivateFrameworks/DataDetectorsCore.framework/Versions/A/DataDetectorsCore
0x000000000d8a9000 	/System/Library/PrivateFrameworks/DesktopServicesPriv.framework/Versions/A/DesktopServicesPriv
0x000000000d8a9000 	/System/Library/Frameworks/Carbon.framework/Versions/A/Frameworks/HIToolbox.framework/Versions/A/HIToolbox
0x000000000d8a9000 	/System/Library/Frameworks/QuartzCore.framework/Versions/A/QuartzCore
0x000000000d8a9000 	/System/Library/Frameworks/Carbon.framework/Versions/A/Frameworks/SpeechRecognition.framework/Versions/A/SpeechRecognition
0x000000000d8a9000 	/usr/lib/libauto.dylib
0x000000000d8a9000 	/usr/lib/libicucore.A.dylib
0x000000000d8a9000 	/usr/lib/libxml2.2.dylib
0x000000000d8a9000 	/System/Library/PrivateFrameworks/CoreUI.framework/Versions/A/CoreUI
0x000000000d8a9000 	/System/Library/Frameworks/CoreAudio.framework/Versions/A/CoreAudio
0x000000000d8a9000 	/System/Library/Frameworks/DiskArbitration.framework/Versions/A/DiskArbitration
0x000000000d8a9000 	/usr/lib/liblangid.dylib
0x000000000d8a9000 	/System/Library/PrivateFrameworks/MultitouchSupport.framework/Versions/A/MultitouchSupport
0x000000000d8a9000 	/System/Library/Frameworks/IOKit.framework/Versions/A/IOKit
0x000000000d8a9000 	/usr/lib/libDiagnosticMessagesClient.dylib
0x000000000d8a9000 	/System/Library/Frameworks/CoreServices.framework/Versions/A/CoreServices
0x000000000d8a9000 	/System/Library/PrivateFrameworks/PerformanceAnalysis.framework/Versions/A/PerformanceAnalysis
0x000000000d8a9000 	/System/Library/PrivateFrameworks/GenerationalStorage.framework/Versions/A/GenerationalStorage
0x000000000d8a9000 	/System/Library/Frameworks/OpenGL.framework/Versions/A/OpenGL
0x000000000d8a9000 	/System/Library/PrivateFrameworks/Sharing.framework/Versions/A/Sharing
0x000000000d8a9000 	/System/Library/Frameworks/CoreGraphics.framework/Versions/A/CoreGraphics
0x000000000d8a9000 	/System/Library/Frameworks/CoreText.framework/Versions/A/CoreText
0x000000000d8a9000 	/System/Library/Frameworks/ImageIO.framework/Versions/A/ImageIO
0x000000000d8a9000 	/usr/lib/libextension.dylib
0x000000000d8a9000 	/System/Library/PrivateFrameworks/Backup.framework/Versions/A/Backup
0x000000000d8a9000 	/usr/lib/libarchive.2.dylib
0x000000000d8a9000 	/System/Library/Frameworks/CFNetwork.framework/Versions/A/CFNetwork
0x000000000d8a9000 	/System/Library/Frameworks/SystemConfiguration.framework/Versions/A/SystemConfiguration
0x000000000d8a9000 	/usr/lib/libCRFSuite.dylib
0x000000000d8a9000 	/usr/lib/libc++.1.dylib
0x000000000d8a9000 	/usr/lib/libc++abi.dylib
0x000000000d8a9000 	/usr/lib/system/libcache.dylib
0x000000000d8a9000 	/usr/lib/system/libcommonCrypto.dylib
0x000000000d8a9000 	/usr/lib/system/libcompiler_rt.dylib
0x000000000d8a9000 	/usr/lib/system/libcopyfile.dylib
0x000000000d8a9000 	/usr/lib/system/libcorecrypto.dylib
0x000000000d8a9000 	/usr/lib/system/libdispatch.dylib
0x000000000d8a9000 	/usr/lib/system/libdyld.dylib
0x000000000d8a9000 	/usr/lib/system/libkeymgr.dylib
0x000000000d8a9000 	/usr/lib/system/liblaunch.dylib
0x000000000d8a9000 	/usr/lib/system/libmacho.dylib
0x000000000d8a9000 	/usr/lib/system/libquarantine.dylib
0x000000000d8a9000 	/usr/lib/system/libremovefile.dylib
0x000000000d8a9000 	/usr/lib/system/libsystem_asl.dylib
0x000000000d8a9000 	/usr/lib/system/libsystem_blocks.dylib
0x000000000d8a9000 	/usr/lib/system/libsystem_c.dylib
0x000000000d8a9000 	/usr/lib/system/libsystem_configuration.dylib
0x000000000d8a9000 	/usr/lib/system/libsystem_coreservices.dylib
0x000000000d8a9000 	/usr/lib/system/libsystem_coretls.dylib
0x000000000d8a9000 	/usr/lib/system/libsystem_dnssd.dylib
0x000000000d8a9000 	/usr/lib/system/libsystem_info.dylib
0x000000000d8a9000 	/usr/lib/system/libsystem_kernel.dylib
0x000000000d8a9000 	/usr/lib/system/libsystem_m.dylib
0x000000000d8a9000 	/usr/lib/system/libsystem_malloc.dylib
0x000000000d8a9000 	/usr/lib/system/libsystem_network.dylib
0x000000000d8a9000 	/usr/lib/system/libsystem_networkextension.dylib
0x000000000d8a9000 	/usr/lib/system/libsystem_notify.dylib
0x000000000d8a9000 	/usr/lib/system/libsystem_platform.dylib
0x000000000d8a9000 	/usr/lib/system/libsystem_pthread.dylib
0x000000000d8a9000 	/usr/lib/system/libsystem_sandbox.dylib
0x000000000d8a9000 	/usr/lib/system/libsystem_secinit.dylib
0x000000000d8a9000 	/usr/lib/system/libsystem_stats.dylib
0x000000000d8a9000 	/usr/lib/system/libsystem_trace.dylib
0x000000000d8a9000 	/usr/lib/system/libunc.dylib
0x000000000d8a9000 	/usr/lib/system/libunwind.dylib
0x000000000d8a9000 	/usr/lib/system/libxpc.dylib
0x000000000d8a9000 	/usr/lib/libbz2.1.0.dylib
0x000000000d8a9000 	/usr/lib/liblzma.5.dylib
0x000000000d8a9000 	/usr/lib/libbsm.0.dylib
0x000000000d8a9000 	/usr/lib/libsqlite3.dylib
0x000000000d8a9000 	/usr/lib/system/libkxld.dylib
0x000000000d8a9000 	/usr/lib/libxar.1.dylib
0x000000000d8a9000 	/usr/lib/libpam.2.dylib
0x000000000d8a9000 	/usr/lib/libOpenScriptingUtil.dylib
0x000000000d8a9000 	/System/Library/Frameworks/CoreServices.framework/Versions/A/Frameworks/FSEvents.framework/Versions/A/FSEvents
0x000000000d8a9000 	/System/Library/Frameworks/CoreServices.framework/Versions/A/Frameworks/CarbonCore.framework/Versions/A/CarbonCore
0x000000000d8a9000 	/System/Library/Frameworks/CoreServices.framework/Versions/A/Frameworks/Metadata.framework/Versions/A/Metadata
0x000000000d8a9000 	/System/Library/Frameworks/CoreServices.framework/Versions/A/Frameworks/OSServices.framework/Versions/A/OSServices
0x000000000d8a9000 	/System/Library/Frameworks/CoreServices.framework/Versions/A/Frameworks/SearchKit.framework/Versions/A/SearchKit
0x000000000d8a9000 	/System/Library/Frameworks/CoreServices.framework/Versions/A/Frameworks/AE.framework/Versions/A/AE
0x000000000d8a9000 	/System/Library/Frameworks/CoreServices.framework/Versions/A/Frameworks/LaunchServices.framework/Versions/A/LaunchServices
0x000000000d8a9000 	/System/Library/Frameworks/CoreServices.framework/Versions/A/Frameworks/DictionaryServices.framework/Versions/A/DictionaryServices
0x000000000d8a9000 	/System/Library/Frameworks/NetFS.framework/Versions/A/NetFS
0x000000000d8a9000 	/System/Library/PrivateFrameworks/NetAuth.framework/Versions/A/NetAuth
0x000000000d8a9000 	/System/Library/PrivateFrameworks/login.framework/Versions/A/Frameworks/loginsupport.framework/Versions/A/loginsupport
0x000000000d8a9000 	/System/Library/PrivateFrameworks/TCC.framework/Versions/A/TCC
0x000000000d8a9000 	/usr/lib/libmecabra.dylib
0x000000000d8a9000 	/System/Library/PrivateFrameworks/LanguageModeling.framework/Versions/A/LanguageModeling
0x000000000d8a9000 	/usr/lib/libcmph.dylib
0x000000000d8a9000 	/usr/lib/libiconv.2.dylib
0x000000000d8a9000 	/System/Library/Frameworks/OpenDirectory.framework/Versions/A/Frameworks/CFOpenDirectory.framework/Versions/A/CFOpenDirectory
0x000000000d8a9000 	/System/Library/Frameworks/ServiceManagement.framework/Versions/A/ServiceManagement
0x000000000d8a9000 	/usr/lib/libxslt.1.dylib
0x000000000d8a9000 	/System/Library/Frameworks/Carbon.framework/Versions/A/Frameworks/Ink.framework/Versions/A/Ink
0x000000000d8a9000 	/System/Library/Frameworks/ApplicationServices.framework/Versions/A/Frameworks/ATS.framework/Versions/A/ATS
0x000000000d8a9000 	/System/Library/Frameworks/ApplicationServices.framework/Versions/A/Frameworks/ColorSync.framework/Versions/A/ColorSync
0x000000000d8a9000 	/System/Library/Frameworks/ApplicationServices.framework/Versions/A/Frameworks/HIServices.framework/Versions/A/HIServices
0x000000000d8a9000 	/System/Library/Frameworks/ApplicationServices.framework/Versions/A/Frameworks/LangAnalysis.framework/Versions/A/LangAnalysis
0x000000000d8a9000 	/System/Library/Frameworks/ApplicationServices.framework/Versions/A/Frameworks/PrintCore.framework/Versions/A/PrintCore
0x000000000d8a9000 	/System/Library/Frameworks/ApplicationServices.framework/Versions/A/Frameworks/QD.framework/Versions/A/QD
0x000000000d8a9000 	/System/Library/Frameworks/ApplicationServices.framework/Versions/A/Frameworks/SpeechSynthesis.framework/Versions/A/SpeechSynthesis
0x000000000d8a9000 	/System/Library/Frameworks/Accelerate.framework/Versions/A/Accelerate
0x000000000d8a9000 	/System/Library/Frameworks/Accelerate.framework/Versions/A/Frameworks/vImage.framework/Versions/A/vImage
0x000000000d8a9000 	/System/Library/Frameworks/Accelerate.framework/Versions/A/Frameworks/vecLib.framework/Versions/A/vecLib
0x000000000d8a9000 	/System/Library/Frameworks/Accelerate.framework/Versions/A/Frameworks/vecLib.framework/Versions/A/libvDSP.dylib
0x000000000d8a9000 	/System/Library/Frameworks/Accelerate.framework/Versions/A/Frameworks/vecLib.framework/Versions/A/libvMisc.dylib
0x000000000d8a9000 	/System/Library/Frameworks/Accelerate.framework/Versions/A/Frameworks/vecLib.framework/Versions/A/libLAPACK.dylib
0x000000000d8a9000 	/System/Library/Frameworks/Accelerate.framework/Versions/A/Frameworks/vecLib.framework/Versions/A/libBLAS.dylib
0x000000000d8a9000 	/System/Library/Frameworks/Accelerate.framework/Versions/A/Frameworks/vecLib.framework/Versions/A/libLinearAlgebra.dylib
0x000000000d8a9000 	/System/Library/Frameworks/ApplicationServices.framework/Versions/A/Frameworks/ATS.framework/Versions/A/Resources/libFontParser.dylib
0x000000000d8a9000 	/System/Library/Frameworks/ApplicationServices.framework/Versions/A/Frameworks/ATS.framework/Versions/A/Resources/libFontRegistry.dylib
0x000000000d8a9000 	/System/Library/PrivateFrameworks/AppleVPA.framework/Versions/A/AppleVPA
0x000000000d8a9000 	/System/Library/PrivateFrameworks/AppleJPEG.framework/Versions/A/AppleJPEG
0x000000000d8a9000 	/System/Library/Frameworks/ImageIO.framework/Versions/A/Resources/libJPEG.dylib
0x000000000d8a9000 	/System/Library/Frameworks/ImageIO.framework/Versions/A/Resources/libTIFF.dylib
0x000000000d8a9000 	/System/Library/Frameworks/ImageIO.framework/Versions/A/Resources/libPng.dylib
0x000000000d8a9000 	/System/Library/Frameworks/ImageIO.framework/Versions/A/Resources/libGIF.dylib
0x000000000d8a9000 	/System/Library/Frameworks/ImageIO.framework/Versions/A/Resources/libJP2.dylib
0x000000000d8a9000 	/System/Library/Frameworks/ImageIO.framework/Versions/A/Resources/libRadiance.dylib
0x000000000d8a9000 	/System/Library/Frameworks/CoreVideo.framework/Versions/A/CoreVideo
0x000000000d8a9000 	/System/Library/Frameworks/OpenGL.framework/Versions/A/Libraries/libGLU.dylib
0x000000000d8a9000 	/System/Library/Frameworks/OpenGL.framework/Versions/A/Libraries/libGFXShared.dylib
0x000000000d8a9000 	/System/Library/Frameworks/OpenGL.framework/Versions/A/Libraries/libGL.dylib
0x000000000d8a9000 	/System/Library/Frameworks/OpenGL.framework/Versions/A/Libraries/libGLImage.dylib
0x000000000d8a9000 	/System/Library/Frameworks/OpenGL.framework/Versions/A/Libraries/libCVMSPluginSupport.dylib
0x000000000d8a9000 	/System/Library/Frameworks/OpenGL.framework/Versions/A/Libraries/libCoreVMClient.dylib
0x000000000d8a9000 	/usr/lib/libcups.2.dylib
0x000000000d8a9000 	/System/Library/Frameworks/Kerberos.framework/Versions/A/Kerberos
0x000000000d8a9000 	/System/Library/Frameworks/GSS.framework/Versions/A/GSS
0x000000000d8a9000 	/usr/lib/libresolv.9.dylib
0x000000000d8a9000 	/System/Library/PrivateFrameworks/Heimdal.framework/Versions/A/Heimdal
0x000000000d8a9000 	/usr/lib/libheimdal-asn1.dylib
0x000000000d8a9000 	/System/Library/Frameworks/OpenDirectory.framework/Versions/A/OpenDirectory
0x000000000d8a9000 	/System/Library/PrivateFrameworks/CommonAuth.framework/Versions/A/CommonAuth
0x000000000d8a9000 	/System/Library/Frameworks/SecurityFoundation.framework/Versions/A/SecurityFoundation
0x000000000d8a9000 	/System/Library/Frameworks/QuartzCore.framework/Versions/A/Frameworks/CoreImage.framework/Versions/A/CoreImage
0x000000000d8a9000 	/System/Library/PrivateFrameworks/CrashReporterSupport.framework/Versions/A/CrashReporterSupport
0x000000000d8a9000 	/System/Library/Frameworks/OpenCL.framework/Versions/A/OpenCL
0x000000000d8a9000 	/System/Library/PrivateFrameworks/FaceCore.framework/Versions/A/FaceCore
0x000000000d8a9000 	/System/Library/PrivateFrameworks/Ubiquity.framework/Versions/A/Ubiquity
0x000000000d8a9000 	/System/Library/PrivateFrameworks/IconServices.framework/Versions/A/IconServices
0x000000000d8a9000 	/System/Library/PrivateFrameworks/ChunkingLibrary.framework/Versions/A/ChunkingLibrary
0x000000000d8a9000 	/System/Library/PrivateFrameworks/Apple80211.framework/Versions/A/Apple80211
0x000000000d8a9000 	/System/Library/Frameworks/CoreWLAN.framework/Versions/A/CoreWLAN
0x000000000d8a9000 	/System/Library/Frameworks/IOBluetooth.framework/Versions/A/IOBluetooth
0x000000000d8a9000 	/System/Library/PrivateFrameworks/CoreWiFi.framework/Versions/A/CoreWiFi
0x000000000d8a9000 	/System/Library/Frameworks/CoreBluetooth.framework/Versions/A/CoreBluetooth
0x000000000d8a9000 	/System/Library/PrivateFrameworks/DebugSymbols.framework/Versions/A/DebugSymbols
0x000000000d8a9000 	/System/Library/PrivateFrameworks/CoreSymbolication.framework/Versions/A/CoreSymbolication
0x000000000d8a9000 	/System/Library/PrivateFrameworks/Symbolication.framework/Versions/A/Symbolication
0x000000000d8a9000 	/System/Library/PrivateFrameworks/SpeechRecognitionCore.framework/Versions/A/SpeechRecognitionCore
0x000000010ec00000 	/Library/Java/JavaVirtualMachines/jdk1.8.0.jdk/Contents/Home/jre/lib/server/libjvm.dylib
0x000000000d8a9000 	/usr/lib/libstdc++.6.dylib
0x000000010e367000 	/Library/Java/JavaVirtualMachines/jdk1.8.0.jdk/Contents/Home/jre/lib/libverify.dylib
0x000000010e375000 	/Library/Java/JavaVirtualMachines/jdk1.8.0.jdk/Contents/Home/jre/lib/libjava.dylib
0x000000010e3aa000 	/Library/Java/JavaVirtualMachines/jdk1.8.0.jdk/Contents/Home/jre/lib/libjdwp.dylib
0x000000010e3f5000 	/Library/Java/JavaVirtualMachines/jdk1.8.0.jdk/Contents/Home/jre/lib/libnpt.dylib
0x000000010fbca000 	/Library/Java/JavaVirtualMachines/jdk1.8.0.jdk/Contents/Home/jre/lib/libzip.dylib
0x0000000125c46000 	/System/Library/Frameworks/JavaVM.framework/Frameworks/JavaRuntimeSupport.framework/JavaRuntimeSupport
0x0000000125c5c000 	/System/Library/Frameworks/JavaVM.framework/Versions/A/Frameworks/JavaNativeFoundation.framework/Versions/A/JavaNativeFoundation
0x0000000125c70000 	/System/Library/Frameworks/JavaVM.framework/Versions/A/JavaVM
0x000000000d8a9000 	/System/Library/Frameworks/Carbon.framework/Versions/A/Carbon
0x0000000125c7c000 	/System/Library/PrivateFrameworks/JavaLaunching.framework/Versions/A/JavaLaunching
0x000000000d8a9000 	/System/Library/Frameworks/Carbon.framework/Versions/A/Frameworks/CommonPanels.framework/Versions/A/CommonPanels
0x000000000d8a9000 	/System/Library/Frameworks/Carbon.framework/Versions/A/Frameworks/Help.framework/Versions/A/Help
0x000000000d8a9000 	/System/Library/Frameworks/Carbon.framework/Versions/A/Frameworks/ImageCapture.framework/Versions/A/ImageCapture
0x000000000d8a9000 	/System/Library/Frameworks/Carbon.framework/Versions/A/Frameworks/OpenScripting.framework/Versions/A/OpenScripting
0x000000000d8a9000 	/System/Library/Frameworks/Carbon.framework/Versions/A/Frameworks/Print.framework/Versions/A/Print
0x000000000d8a9000 	/System/Library/Frameworks/Carbon.framework/Versions/A/Frameworks/SecurityHI.framework/Versions/A/SecurityHI
0x0000000127587000 	/Library/Java/JavaVirtualMachines/jdk1.8.0.jdk/Contents/Home/jre/lib/libdt_socket.dylib
0x0000000127f5e000 	/Library/Java/JavaVirtualMachines/jdk1.8.0.jdk/Contents/Home/jre/lib/libnet.dylib
0x0000000127fbc000 	/Library/Java/JavaVirtualMachines/jdk1.8.0.jdk/Contents/Home/jre/lib/libnio.dylib
0x00000001281d1000 	/Library/Java/JavaVirtualMachines/jdk1.8.0.jdk/Contents/Home/jre/lib/libawt.dylib
0x0000000128280000 	/Library/Java/JavaVirtualMachines/jdk1.8.0.jdk/Contents/Home/jre/lib/./libmlib_image.dylib
0x000000012834c000 	/Library/Java/JavaVirtualMachines/jdk1.8.0.jdk/Contents/Home/jre/lib/libawt_lwawt.dylib
0x00000001283fe000 	/Library/Java/JavaVirtualMachines/jdk1.8.0.jdk/Contents/Home/jre/lib/./libosxapp.dylib
0x000000000d8a9000 	/System/Library/Frameworks/ExceptionHandling.framework/Versions/A/ExceptionHandling
0x000000000d8a9000 	/System/Library/PrivateFrameworks/CoreServicesInternal.framework/Versions/A/CoreServicesInternal
0x000000000d8a9000 	/System/Library/PrivateFrameworks/CloudDocs.framework/Versions/A/CloudDocs
0x000000000d8a9000 	/System/Library/PrivateFrameworks/CoreDuet.framework/Versions/A/CoreDuet
0x000000000d8a9000 	/System/Library/Frameworks/CloudKit.framework/Versions/A/CloudKit
0x000000000d8a9000 	/System/Library/PrivateFrameworks/ProtocolBuffer.framework/Versions/A/ProtocolBuffer
0x000000000d8a9000 	/System/Library/PrivateFrameworks/CoreDuetDaemonProtocol.framework/Versions/A/CoreDuetDaemonProtocol
0x000000000d8a9000 	/System/Library/PrivateFrameworks/CoreDuetDebugLogging.framework/Versions/A/CoreDuetDebugLogging
0x000000000d8a9000 	/System/Library/Frameworks/CoreLocation.framework/Versions/A/CoreLocation
0x000000000d8a9000 	/System/Library/Frameworks/Accounts.framework/Versions/A/Accounts
0x000000000d8a9000 	/System/Library/PrivateFrameworks/ApplePushService.framework/Versions/A/ApplePushService
0x000000000d8a9000 	/System/Library/PrivateFrameworks/GeoServices.framework/Versions/A/GeoServices
0x000000000d8a9000 	/System/Library/PrivateFrameworks/OAuth.framework/Versions/A/OAuth
0x000000000d8a9000 	/System/Library/PrivateFrameworks/CoreDaemon.framework/Versions/B/CoreDaemon
0x000000000d8a9000 	/usr/lib/libcrypto.0.9.8.dylib
0x000000000d8a9000 	/System/Library/PrivateFrameworks/AppleSRP.framework/Versions/A/AppleSRP
0x000000000d8a9000 	/System/Library/PrivateFrameworks/TrustEvaluationAgent.framework/Versions/A/TrustEvaluationAgent
0x000000000d8a9000 	/System/Library/Frameworks/CoreGraphics.framework/Versions/A/Resources/libCGCMS.A.dylib
0x000000000d8a9000 	/System/Library/Frameworks/CoreGraphics.framework/Versions/A/Resources/libRIP.A.dylib
0x000000000d8a9000 	/System/Library/Frameworks/CoreGraphics.framework/Versions/A/Resources/libCGXType.A.dylib
0x000000000d8a9000 	/System/Library/Frameworks/OpenCL.framework/Versions/A/Libraries/libcldcpuengine.dylib
0x000000000d8a9000 	/System/Library/PrivateFrameworks/DiskImages.framework/Versions/A/DiskImages
0x000000000d8a9000 	/System/Library/Frameworks/DiscRecording.framework/Versions/A/DiscRecording
0x000000000d8a9000 	/usr/lib/libcsfde.dylib
0x000000000d8a9000 	/usr/lib/libcurl.4.dylib
0x000000000d8a9000 	/System/Library/PrivateFrameworks/MediaKit.framework/Versions/A/MediaKit
0x000000000d8a9000 	/System/Library/PrivateFrameworks/ProtectedCloudStorage.framework/Versions/A/ProtectedCloudStorage
0x000000000d8a9000 	/usr/lib/libCoreStorage.dylib
0x000000000d8a9000 	/System/Library/PrivateFrameworks/EFILogin.framework/Versions/A/EFILogin
0x000000000d8a9000 	/usr/lib/libutil.dylib
0x000000000d8a9000 	/System/Library/PrivateFrameworks/FindMyDevice.framework/Versions/A/FindMyDevice
0x000000000d8a9000 	/System/Library/Frameworks/LDAP.framework/Versions/A/LDAP
0x000000000d8a9000 	/usr/lib/libsasl2.2.dylib
0x000000012aebd000 	cl_kernels
0x000000012aebf000 	/System/Library/Frameworks/OpenCL.framework/Versions/A/Libraries/ImageFormats/unorm8_bgra.dylib
0x000000012afe9000 	cl_kernels
0x000000000d8a9000 	/System/Library/PrivateFrameworks/FamilyControls.framework/Versions/A/FamilyControls
0x000000000d8a9000 	/System/Library/PrivateFrameworks/CommerceKit.framework/Versions/A/Frameworks/CommerceCore.framework/Versions/A/CommerceCore
0x000000000d8a9000 	/System/Library/PrivateFrameworks/SystemAdministration.framework/Versions/A/SystemAdministration
0x000000000d8a9000 	/System/Library/PrivateFrameworks/AppContainer.framework/Versions/A/AppContainer
0x000000000d8a9000 	/System/Library/PrivateFrameworks/SecCodeWrapper.framework/Versions/A/SecCodeWrapper
0x000000000d8a9000 	/System/Library/Frameworks/DirectoryService.framework/Versions/A/DirectoryService
0x000000000d8a9000 	/System/Library/PrivateFrameworks/LoginUIKit.framework/Versions/A/Frameworks/LoginUICore.framework/Versions/A/LoginUICore
0x000000000d8a9000 	/usr/lib/libodfde.dylib

VM Arguments:
jvm_args: -agentlib:jdwp=transport=dt_socket,suspend=y,address=localhost:50675 -Dfile.encoding=UTF-8 
java_command: b.b
java_class_path (initial): /Users/calin/Documents/works/a/bin:/Users/calin/Documents/works/a/lib/mysql-connector-java-5.1.31-bin.jar:/Users/calin/Documents/works/a/lib/aws-java-sdk-1.8.0.jar:/Users/calin/Documents/works/a/lib/commons-logging-1.1.3.jar:/Users/calin/Documents/works/a/lib/httpclient-4.3.4.jar:/Users/calin/Documents/works/a/lib/httpcore-4.3.2.jar:/Users/calin/Documents/works/a/lib/jackson-core-2.2.4.jar:/Users/calin/Documents/works/a/lib/jackson-databind-2.2.4.jar:/Users/calin/Documents/works/a/lib/jackson-annotations-2.4.0.jar:/Users/calin/Documents/works/a/lib/joda-time-2.3.jar
Launcher Type: SUN_STANDARD

Environment Variables:
PATH=/usr/bin:/bin:/usr/sbin:/sbin
SHELL=/bin/bash

Signal Handlers:
SIGSEGV: [libjvm.dylib+0x55faef], sa_mask[0]=0xfffefeff, sa_flags=0x00000043
SIGBUS: [libjvm.dylib+0x55faef], sa_mask[0]=0xfffefeff, sa_flags=0x00000042
SIGFPE: [libjvm.dylib+0x44305a], sa_mask[0]=0xfffefeff, sa_flags=0x00000042
SIGPIPE: [libjvm.dylib+0x44305a], sa_mask[0]=0xfffefeff, sa_flags=0x00000042
SIGXFSZ: [libjvm.dylib+0x44305a], sa_mask[0]=0xfffefeff, sa_flags=0x00000042
SIGILL: [libjvm.dylib+0x44305a], sa_mask[0]=0xfffefeff, sa_flags=0x00000042
SIGUSR1: SIG_DFL, sa_mask[0]=0x00000000, sa_flags=0x00000000
SIGUSR2: [libjvm.dylib+0x442b78], sa_mask[0]=0x00000004, sa_flags=0x00000042
SIGHUP: [libjvm.dylib+0x440f05], sa_mask[0]=0xfffefeff, sa_flags=0x00000042
SIGINT: [libjvm.dylib+0x440f05], sa_mask[0]=0xfffefeff, sa_flags=0x00000042
SIGTERM: [libjvm.dylib+0x440f05], sa_mask[0]=0xfffefeff, sa_flags=0x00000042
SIGQUIT: [libjvm.dylib+0x440f05], sa_mask[0]=0xfffefeff, sa_flags=0x00000042


---------------  S Y S T E M  ---------------

OS:Bsduname:Darwin 14.0.0 Darwin Kernel Version 14.0.0: Fri Sep 19 00:26:44 PDT 2014; root:xnu-2782.1.97~2/RELEASE_X86_64 x86_64
rlimit: STACK 8192k, CORE 0k, NPROC 709, NOFILE 10240, AS infinity
load average:1.46 1.42 1.40

CPU:total 4 (2 cores per cpu, 2 threads per core) family 6 model 69 stepping 1, cmov, cx8, fxsr, mmx, sse, sse2, sse3, ssse3, sse4.1, sse4.2, popcnt, avx, avx2, aes, clmul, erms, ht, tsc, tscinvbit

Memory: 4k page, physical 8388608k(3932456k free)

/proc/meminfo:


vm_info: Java HotSpot(TM) 64-Bit Server VM (25.0-b70) for bsd-amd64 JRE (1.8.0-b132), built on Mar  4 2014 03:11:43 by "java_re" with gcc 4.2.1 (Based on Apple Inc. build 5658) (LLVM build 2336.11.00)

time: Sat Dec  6 14:31:50 2014
elapsed time: 319 seconds

