#
# A fatal error has been detected by the Java Runtime Environment:
#
#  SIGSEGV (0xb) at pc=0x000000010260b9a0, pid=1199, tid=16643
#
# JRE version: Java(TM) SE Runtime Environment (8.0-b132) (build 1.8.0-b132)
# Java VM: Java HotSpot(TM) 64-Bit Server VM (25.0-b70 mixed mode bsd-amd64 compressed oops)
# Problematic frame:
# V  [libjvm.dylib+0x40b9a0]
#
# Failed to write core dump. Core dumps have been disabled. To enable core dumping, try "ulimit -c unlimited" before starting Java again
#
# If you would like to submit a bug report, please visit:
#   http://bugreport.sun.com/bugreport/crash.jsp
#

---------------  T H R E A D  ---------------

Current thread (0x00007fd63b81e000):  JavaThread "JDWP Transport Listener: dt_socket" daemon [_thread_in_vm, id=16643, stack(0x000000011aa84000,0x000000011ab84000)]

siginfo:si_signo=SIGSEGV: si_errno=0, si_code=0 (SEGV0), si_addr=0x0000000000000000

Registers:
RAX=0x0000000000000001, RBX=0x000000011ab83a8b, RCX=0x00000001029af780, RDX=0x000000011ab83a8b
RSP=0x000000011ab839d0, RBP=0x000000011ab839e0, RSI=0x00007fd63b81e000, RDI=0x2f676e616c2f6176
R8 =0x0000000000000000, R9 =0x00007fd63ad00000, R10=0x0000000000000010, R11=0x00007fd63ad00000
R12=0x00007fd63b81e000, R13=0x2f676e616c2f6176, R14=0x2f676e616c2f6176, R15=0x00007fd63ac1ecd0
RIP=0x000000010260b9a0, EFLAGS=0x0000000000010202, ERR=0x0000000000000000
  TRAPNO=0x000000000000000d

Top of Stack: (sp=0x000000011ab839d0)
0x000000011ab839d0:   000000011ab83a8b 000000011ab83a8b
0x000000011ab839e0:   000000011ab83a40 0000000102524cee
0x000000011ab839f0:   00007fd63b81e000 0000000000000000
0x000000011ab83a00:   0000000000000000 0000000000000000
0x000000011ab83a10:   00007fd63b81e000 00007fd63b81e000
0x000000011ab83a20:   000000011ab83a8b 000000011ab83a90
0x000000011ab83a30:   2f676e616c2f6176 0000000000000004
0x000000011ab83a40:   000000011ab83a60 00000001019c17dc
0x000000011ab83a50:   0000000000000001 000000011ab83b08
0x000000011ab83a60:   000000011ab83ad0 00000001019a6263
0x000000011ab83a70:   000000011ab83aa0 00007fd63ad4fba0
0x000000011ab83a80:   0000000500000032 f000100a01b83b08
0x000000011ab83a90:   0000000000000000 0000000000000000
0x000000011ab83aa0:   0000000000000000 000000011ab83c90
0x000000011ab83ab0:   00000001019c8eca 00007fd63ad4fb80
0x000000011ab83ac0:   000000011ab83b08 00000001019d4588
0x000000011ab83ad0:   000000011ab83ae0 00000001019a635c
0x000000011ab83ae0:   000000011ab83d00 00000001019af8f6
0x000000011ab83af0:   000042fa00000013 00000000000f0200
0x000000011ab83b00:   00007fd63ad4f8d0 000000011ab83c4b
0x000000011ab83b10:   00007fd600000039 000000011ab83b20
0x000000011ab83b20:   00007fd6000000f3 000000011ab83b58
0x000000011ab83b30:   0000000000000000 00007f0000000000
0x000000011ab83b40:   000042fa0000059a 00007fff00001080
0x000000011ab83b50:   0000000000000000 d67f000005000000
0x000000011ab83b60:   09000000b86df73a 745f656372756f73
0x000000011ab83b70:   624c280e0000006f 726574697277782f
0x000000011ab83b80:   000000000056293b 3ad67f0000010000
0x000000011ab83b90:   620900000050f6e3 6f745f7972616e69
0x000000011ab83ba0:   2f614c2811000000 62782f61622f7a70
0x000000011ab83bb0:   00000056293b6e69 7f00000100000000
0x000000011ab83bc0:   0000006070cb3ad6 246164626d616c08 

Instructions: (pc=0x000000010260b9a0)
0x000000010260b980:   40 48 48 85 c0 75 e0 30 c0 0f b6 c0 5d c3 31 c0
0x000000010260b990:   5d c3 55 48 89 e5 53 48 83 ec 08 48 85 ff 74 24
0x000000010260b9a0:   48 8b 1f 48 85 db 74 1c 48 83 fb 37 74 16 48 8b
0x000000010260b9b0:   03 48 89 df ff 50 08 84 c0 b8 00 00 00 00 48 0f 

Register to memory mapping:

RAX=0x0000000000000001 is an unknown value
RBX=0x000000011ab83a8b is pointing into the stack for thread: 0x00007fd63b81e000
RCX=0x00000001029af780: UseMembar+0 in /Library/Java/JavaVirtualMachines/jdk1.8.0.jdk/Contents/Home/jre/lib/server/libjvm.dylib at 0x0000000102200000
RDX=0x000000011ab83a8b is pointing into the stack for thread: 0x00007fd63b81e000
RSP=0x000000011ab839d0 is pointing into the stack for thread: 0x00007fd63b81e000
RBP=0x000000011ab839e0 is pointing into the stack for thread: 0x00007fd63b81e000
RSI=0x00007fd63b81e000 is a thread
RDI=0x2f676e616c2f6176 is an unknown value
R8 =0x0000000000000000 is an unknown value
R9 =0x00007fd63ad00000 is an unknown value
R10=0x0000000000000010 is an unknown value
R11=0x00007fd63ad00000 is an unknown value
R12=0x00007fd63b81e000 is a thread
R13=0x2f676e616c2f6176 is an unknown value
R14=0x2f676e616c2f6176 is an unknown value
R15=0x00007fd63ac1ecd0 is an unknown value


Stack: [0x000000011aa84000,0x000000011ab84000],  sp=0x000000011ab839d0,  free space=1022k
Native frames: (J=compiled Java code, j=interpreted, Vv=VM code, C=native code)
V  [libjvm.dylib+0x40b9a0]
V  [libjvm.dylib+0x324cee]
C  [libjdwp.dylib+0x207dc]  isMethodSynthetic+0x63
C  [libjdwp.dylib+0x5263]  methods1+0x10b
C  [libjdwp.dylib+0x535c]  methodsWithGeneric+0xe
C  [libjdwp.dylib+0xe8f6]  debugLoop_run+0x1ce
C  [libjdwp.dylib+0x1f716]  attachThread+0x4d
V  [libjvm.dylib+0x365d5e]
V  [libjvm.dylib+0x51d005]
V  [libjvm.dylib+0x51e742]
V  [libjvm.dylib+0x445786]
C  [libsystem_pthread.dylib+0x32fc]  _pthread_body+0x83
C  [libsystem_pthread.dylib+0x3279]  _pthread_body+0x0
C  [libsystem_pthread.dylib+0x14b1]  thread_start+0xd


---------------  P R O C E S S  ---------------

Java Threads: ( => current thread )
  0x00007fd63b078800 JavaThread "t5" [_thread_blocked, id=39955, stack(0x000000011f9aa000,0x000000011faaa000)]
  0x00007fd63ba7b800 JavaThread "t4" [_thread_blocked, id=51987, stack(0x000000011f8a7000,0x000000011f9a7000)]
  0x00007fd63ba79800 JavaThread "t3" [_thread_blocked, id=28431, stack(0x000000011cc34000,0x000000011cd34000)]
  0x00007fd63c9d6000 JavaThread "t2" [_thread_blocked, id=51587, stack(0x000000011917d000,0x000000011927d000)]
  0x00007fd63b0dd800 JavaThread "t1" [_thread_blocked, id=52227, stack(0x000000011f622000,0x000000011f722000)]
  0x00007fd63c9b9800 JavaThread "AWT-AppKit" daemon [_thread_in_native, id=1811, stack(0x00007fff5dcba000,0x00007fff5e4ba000)]
  0x00007fd63b0a2000 JavaThread "t0" [_thread_blocked, id=21251, stack(0x000000011b5c2000,0x000000011b6c2000)]
  0x00007fd63b8dd800 JavaThread "watch" [_thread_blocked, id=20739, stack(0x000000011b4bf000,0x000000011b5bf000)]
  0x00007fd63b04c000 JavaThread "Service Thread" daemon [_thread_blocked, id=19715, stack(0x000000011b096000,0x000000011b196000)]
  0x00007fd63c81a000 JavaThread "C1 CompilerThread2" daemon [_thread_blocked, id=19203, stack(0x000000011af93000,0x000000011b093000)]
  0x00007fd63c014000 JavaThread "C2 CompilerThread1" daemon [_thread_in_native, id=18691, stack(0x000000011ae90000,0x000000011af90000)]
  0x00007fd63b855000 JavaThread "C2 CompilerThread0" daemon [_thread_blocked, id=18179, stack(0x000000011ad8d000,0x000000011ae8d000)]
  0x00007fd63b853000 JavaThread "JDWP Command Reader" daemon [_thread_in_native, id=17667, stack(0x000000011ac8a000,0x000000011ad8a000)]
  0x00007fd63b852800 JavaThread "JDWP Event Helper Thread" daemon [_thread_blocked, id=17155, stack(0x000000011ab87000,0x000000011ac87000)]
=>0x00007fd63b81e000 JavaThread "JDWP Transport Listener: dt_socket" daemon [_thread_in_vm, id=16643, stack(0x000000011aa84000,0x000000011ab84000)]
  0x00007fd63c801800 JavaThread "Signal Dispatcher" daemon [_thread_blocked, id=13335, stack(0x000000011a97a000,0x000000011aa7a000)]
  0x00007fd63b840800 JavaThread "Finalizer" daemon [_thread_blocked, id=11523, stack(0x0000000119039000,0x0000000119139000)]
  0x00007fd63b840000 JavaThread "Reference Handler" daemon [_thread_blocked, id=11011, stack(0x0000000118f36000,0x0000000119036000)]
  0x00007fd63c002000 JavaThread "main" [_thread_in_native, id=4867, stack(0x000000010185c000,0x000000010195c000)]

Other Threads:
  0x00007fd63b83d800 VMThread [stack: 0x0000000118e33000,0x0000000118f33000] [id=10499]
  0x00007fd63c013000 WatcherThread [stack: 0x000000011b199000,0x000000011b299000] [id=20227]

VM state:not at safepoint (normal execution)

VM Mutex/Monitor currently owned by a thread: None

Heap:
 PSYoungGen      total 9728K, used 714K [0x0000000795580000, 0x0000000796580000, 0x00000007c0000000)
  eden space 8192K, 4% used [0x0000000795580000,0x00000007955d2ac0,0x0000000795d80000)
  from space 1536K, 25% used [0x0000000795d80000,0x0000000795de0000,0x0000000795f00000)
  to   space 1536K, 0% used [0x0000000796400000,0x0000000796400000,0x0000000796580000)
 ParOldGen       total 129536K, used 2021K [0x0000000740000000, 0x0000000747e80000, 0x0000000795580000)
  object space 129536K, 1% used [0x0000000740000000,0x00000007401f9428,0x0000000747e80000)
 Metaspace       used 7470K, capacity 7672K, committed 7808K, reserved 1056768K
  class space    used 825K, capacity 868K, committed 896K, reserved 1048576K

Card table byte_map: [0x0000000112488000,0x0000000112889000] byte_map_base: 0x000000010ea88000

Marking Bits: (ParMarkBitMap*) 0x0000000102a660a0
 Begin Bits: [0x0000000112f40000, 0x0000000114f40000)
 End Bits:   [0x0000000114f40000, 0x0000000116f40000)

Polling page: 0x00000001019a0000

CodeCache: size=245760Kb used=2859Kb max_used=2871Kb free=242900Kb
 bounds [0x00000001030c8000, 0x00000001033a8000, 0x00000001120c8000]
 total_blobs=991 nmethods=651 adapters=264
 compilation: enabled

Compilation events (10 events):
Event: 220.799 Thread 0x00007fd63c81a000 nmethod 646 0x000000010338dad0 code [0x000000010338dc40, 0x000000010338df48]
Event: 220.799 Thread 0x00007fd63c81a000  647       3       sun.reflect.DelegatingConstructorAccessorImpl::newInstance (9 bytes)
Event: 220.799 Thread 0x00007fd63c81a000 nmethod 647 0x000000010338d690 code [0x000000010338d800, 0x000000010338da28]
Event: 220.799 Thread 0x00007fd63c81a000  648       3       java.lang.invoke.MemberName::isResolved (13 bytes)
Event: 220.799 Thread 0x00007fd63c81a000 nmethod 648 0x000000010338d310 code [0x000000010338d460, 0x000000010338d610]
Event: 220.799 Thread 0x00007fd63c81a000  649       3       jdk.internal.org.objectweb.asm.ClassWriter::put122 (15 bytes)
Event: 220.799 Thread 0x00007fd63c81a000 nmethod 649 0x000000010338ce50 code [0x000000010338cfc0, 0x000000010338d1d8]
Event: 220.800 Thread 0x00007fd63c81a000  650       3       java.util.ArrayList::forEach (75 bytes)
Event: 220.801 Thread 0x00007fd63c81a000 nmethod 650 0x0000000103390bd0 code [0x0000000103390da0, 0x0000000103391308]
Event: 220.802 Thread 0x00007fd63c81a000  651       3       a.pz.ba.block::source_to (47 bytes)

GC Heap History (10 events):
Event: 1.715 GC heap before
{Heap before GC invocations=5 (full 0):
 PSYoungGen      total 2560K, used 2560K [0x0000000795580000, 0x0000000795880000, 0x00000007c0000000)
  eden space 2048K, 100% used [0x0000000795580000,0x0000000795780000,0x0000000795780000)
  from space 512K, 100% used [0x0000000795800000,0x0000000795880000,0x0000000795880000)
  to   space 512K, 0% used [0x0000000795780000,0x0000000795780000,0x0000000795800000)
 ParOldGen       total 129536K, used 844K [0x0000000740000000, 0x0000000747e80000, 0x0000000795580000)
  object space 129536K, 0% used [0x0000000740000000,0x00000007400d3030,0x0000000747e80000)
 Metaspace       used 5846K, capacity 5978K, committed 6144K, reserved 1056768K
  class space    used 651K, capacity 697K, committed 768K, reserved 1048576K
Event: 1.719 GC heap after
Heap after GC invocations=5 (full 0):
 PSYoungGen      total 2560K, used 512K [0x0000000795580000, 0x0000000795c80000, 0x00000007c0000000)
  eden space 2048K, 0% used [0x0000000795580000,0x0000000795580000,0x0000000795780000)
  from space 512K, 100% used [0x0000000795780000,0x0000000795800000,0x0000000795800000)
  to   space 1536K, 0% used [0x0000000795b00000,0x0000000795b00000,0x0000000795c80000)
 ParOldGen       total 129536K, used 1328K [0x0000000740000000, 0x0000000747e80000, 0x0000000795580000)
  object space 129536K, 1% used [0x0000000740000000,0x000000074014c398,0x0000000747e80000)
 Metaspace       used 5846K, capacity 5978K, committed 6144K, reserved 1056768K
  class space    used 651K, capacity 697K, committed 768K, reserved 1048576K
}
Event: 1.804 GC heap before
{Heap before GC invocations=6 (full 0):
 PSYoungGen      total 2560K, used 2560K [0x0000000795580000, 0x0000000795c80000, 0x00000007c0000000)
  eden space 2048K, 100% used [0x0000000795580000,0x0000000795780000,0x0000000795780000)
  from space 512K, 100% used [0x0000000795780000,0x0000000795800000,0x0000000795800000)
  to   space 1536K, 0% used [0x0000000795b00000,0x0000000795b00000,0x0000000795c80000)
 ParOldGen       total 129536K, used 1328K [0x0000000740000000, 0x0000000747e80000, 0x0000000795580000)
  object space 129536K, 1% used [0x0000000740000000,0x000000074014c398,0x0000000747e80000)
 Metaspace       used 7125K, capacity 7258K, committed 7552K, reserved 1056768K
  class space    used 796K, capacity 825K, committed 896K, reserved 1048576K
Event: 1.807 GC heap after
Heap after GC invocations=6 (full 0):
 PSYoungGen      total 5632K, used 720K [0x0000000795580000, 0x0000000795c80000, 0x00000007c0000000)
  eden space 4096K, 0% used [0x0000000795580000,0x0000000795580000,0x0000000795980000)
  from space 1536K, 46% used [0x0000000795b00000,0x0000000795bb4010,0x0000000795c80000)
  to   space 1536K, 0% used [0x0000000795980000,0x0000000795980000,0x0000000795b00000)
 ParOldGen       total 129536K, used 1328K [0x0000000740000000, 0x0000000747e80000, 0x0000000795580000)
  object space 129536K, 1% used [0x0000000740000000,0x000000074014c398,0x0000000747e80000)
 Metaspace       used 7125K, capacity 7258K, committed 7552K, reserved 1056768K
  class space    used 796K, capacity 825K, committed 896K, reserved 1048576K
}
Event: 4.199 GC heap before
{Heap before GC invocations=7 (full 0):
 PSYoungGen      total 5632K, used 4816K [0x0000000795580000, 0x0000000795c80000, 0x00000007c0000000)
  eden space 4096K, 100% used [0x0000000795580000,0x0000000795980000,0x0000000795980000)
  from space 1536K, 46% used [0x0000000795b00000,0x0000000795bb4010,0x0000000795c80000)
  to   space 1536K, 0% used [0x0000000795980000,0x0000000795980000,0x0000000795b00000)
 ParOldGen       total 129536K, used 1328K [0x0000000740000000, 0x0000000747e80000, 0x0000000795580000)
  object space 129536K, 1% used [0x0000000740000000,0x000000074014c398,0x0000000747e80000)
 Metaspace       used 7217K, capacity 7330K, committed 7552K, reserved 1056768K
  class space    used 804K, capacity 827K, committed 896K, reserved 1048576K
Event: 4.203 GC heap after
Heap after GC invocations=7 (full 0):
 PSYoungGen      total 5632K, used 768K [0x0000000795580000, 0x0000000796080000, 0x00000007c0000000)
  eden space 4096K, 0% used [0x0000000795580000,0x0000000795580000,0x0000000795980000)
  from space 1536K, 50% used [0x0000000795980000,0x0000000795a40000,0x0000000795b00000)
  to   space 1536K, 0% used [0x0000000795f00000,0x0000000795f00000,0x0000000796080000)
 ParOldGen       total 129536K, used 1512K [0x0000000740000000, 0x0000000747e80000, 0x0000000795580000)
  object space 129536K, 1% used [0x0000000740000000,0x000000074017a3e8,0x0000000747e80000)
 Metaspace       used 7217K, capacity 7330K, committed 7552K, reserved 1056768K
  class space    used 804K, capacity 827K, committed 896K, reserved 1048576K
}
Event: 38.497 GC heap before
{Heap before GC invocations=8 (full 0):
 PSYoungGen      total 5632K, used 4864K [0x0000000795580000, 0x0000000796080000, 0x00000007c0000000)
  eden space 4096K, 100% used [0x0000000795580000,0x0000000795980000,0x0000000795980000)
  from space 1536K, 50% used [0x0000000795980000,0x0000000795a40000,0x0000000795b00000)
  to   space 1536K, 0% used [0x0000000795f00000,0x0000000795f00000,0x0000000796080000)
 ParOldGen       total 129536K, used 1512K [0x0000000740000000, 0x0000000747e80000, 0x0000000795580000)
  object space 129536K, 1% used [0x0000000740000000,0x000000074017a3e8,0x0000000747e80000)
 Metaspace       used 7360K, capacity 7496K, committed 7552K, reserved 1056768K
  class space    used 818K, capacity 860K, committed 896K, reserved 1048576K
Event: 38.499 GC heap after
Heap after GC invocations=8 (full 0):
 PSYoungGen      total 9728K, used 512K [0x0000000795580000, 0x0000000796080000, 0x00000007c0000000)
  eden space 8192K, 0% used [0x0000000795580000,0x0000000795580000,0x0000000795d80000)
  from space 1536K, 33% used [0x0000000795f00000,0x0000000795f80000,0x0000000796080000)
  to   space 1536K, 0% used [0x0000000795d80000,0x0000000795d80000,0x0000000795f00000)
 ParOldGen       total 129536K, used 1705K [0x0000000740000000, 0x0000000747e80000, 0x0000000795580000)
  object space 129536K, 1% used [0x0000000740000000,0x00000007401aa418,0x0000000747e80000)
 Metaspace       used 7360K, capacity 7496K, committed 7552K, reserved 1056768K
  class space    used 818K, capacity 860K, committed 896K, reserved 1048576K
}
Event: 220.792 GC heap before
{Heap before GC invocations=9 (full 0):
 PSYoungGen      total 9728K, used 8704K [0x0000000795580000, 0x0000000796080000, 0x00000007c0000000)
  eden space 8192K, 100% used [0x0000000795580000,0x0000000795d80000,0x0000000795d80000)
  from space 1536K, 33% used [0x0000000795f00000,0x0000000795f80000,0x0000000796080000)
  to   space 1536K, 0% used [0x0000000795d80000,0x0000000795d80000,0x0000000795f00000)
 ParOldGen       total 129536K, used 1705K [0x0000000740000000, 0x0000000747e80000, 0x0000000795580000)
  object space 129536K, 1% used [0x0000000740000000,0x00000007401aa418,0x0000000747e80000)
 Metaspace       used 7462K, capacity 7660K, committed 7808K, reserved 1056768K
  class space    used 824K, capacity 866K, committed 896K, reserved 1048576K
Event: 220.794 GC heap after
Heap after GC invocations=9 (full 0):
 PSYoungGen      total 9728K, used 384K [0x0000000795580000, 0x0000000796580000, 0x00000007c0000000)
  eden space 8192K, 0% used [0x0000000795580000,0x0000000795580000,0x0000000795d80000)
  from space 1536K, 25% used [0x0000000795d80000,0x0000000795de0000,0x0000000795f00000)
  to   space 1536K, 0% used [0x0000000796400000,0x0000000796400000,0x0000000796580000)
 ParOldGen       total 129536K, used 2021K [0x0000000740000000, 0x0000000747e80000, 0x0000000795580000)
  object space 129536K, 1% used [0x0000000740000000,0x00000007401f9428,0x0000000747e80000)
 Metaspace       used 7462K, capacity 7660K, committed 7808K, reserved 1056768K
  class space    used 824K, capacity 866K, committed 896K, reserved 1048576K
}

Deoptimization events (5 events):
Event: 4.143 Thread 0x00007fd63b0dd800 Uncommon trap: reason=null_check action=make_not_entrant pc=0x00000001032c97d8 method=java.lang.StringCoding.encode(Ljava/lang/String;[CII)[B @ 6
Event: 4.178 Thread 0x00007fd63b0dd800 Uncommon trap: reason=bimorphic action=maybe_recompile pc=0x00000001032d7a60 method=b.xwriter.p(Ljava/lang/String;)Lb/xwriter; @ 14
Event: 4.178 Thread 0x00007fd63b0dd800 Uncommon trap: reason=bimorphic action=maybe_recompile pc=0x00000001032d7a60 method=b.xwriter.p(Ljava/lang/String;)Lb/xwriter; @ 14
Event: 4.178 Thread 0x00007fd63b0dd800 Uncommon trap: reason=bimorphic action=maybe_recompile pc=0x00000001032d7a60 method=b.xwriter.p(Ljava/lang/String;)Lb/xwriter; @ 14
Event: 4.178 Thread 0x00007fd63b0dd800 Uncommon trap: reason=bimorphic action=maybe_recompile pc=0x00000001032d7a60 method=b.xwriter.p(Ljava/lang/String;)Lb/xwriter; @ 14

Internal exceptions (10 events):
Event: 1.539 Thread 0x00007fd63b0a2000 Exception <a 'java/security/PrivilegedActionException'> (0x0000000795645a60) thrown at [/HUDSON/workspace/8-2-build-macosx-x86_64/jdk8/2238/hotspot/src/share/vm/prims/jvm.cpp, line 1248]
Event: 1.549 Thread 0x00007fd63b0a2000 Exception <a 'java/security/PrivilegedActionException'> (0x000000079568e318) thrown at [/HUDSON/workspace/8-2-build-macosx-x86_64/jdk8/2238/hotspot/src/share/vm/prims/jvm.cpp, line 1248]
Event: 1.550 Thread 0x00007fd63b0a2000 Exception <a 'java/security/PrivilegedActionException'> (0x000000079568fa08) thrown at [/HUDSON/workspace/8-2-build-macosx-x86_64/jdk8/2238/hotspot/src/share/vm/prims/jvm.cpp, line 1248]
Event: 1.550 Thread 0x00007fd63b0a2000 Exception <a 'java/security/PrivilegedActionException'> (0x0000000795690f10) thrown at [/HUDSON/workspace/8-2-build-macosx-x86_64/jdk8/2238/hotspot/src/share/vm/prims/jvm.cpp, line 1248]
Event: 1.702 Thread 0x00007fd63b0a2000 Exception <a 'java/io/FileNotFoundException'> (0x00000007956e4278) thrown at [/HUDSON/workspace/8-2-build-macosx-x86_64/jdk8/2238/hotspot/src/share/vm/prims/jni.cpp, line 716]
Event: 1.702 Thread 0x00007fd63b0a2000 Exception <a 'java/io/FileNotFoundException'> (0x00000007956e4d50) thrown at [/HUDSON/workspace/8-2-build-macosx-x86_64/jdk8/2238/hotspot/src/share/vm/prims/jni.cpp, line 716]
Event: 1.824 Thread 0x00007fd63c002000 Exception <a 'java/security/PrivilegedActionException'> (0x00000007956a2d00) thrown at [/HUDSON/workspace/8-2-build-macosx-x86_64/jdk8/2238/hotspot/src/share/vm/prims/jvm.cpp, line 1248]
Event: 4.143 Thread 0x00007fd63b0dd800 Implicit null exception at 0x00000001032c8f3a to 0x00000001032c97c9
Event: 4.165 Thread 0x00007fd63b0dd800 Exception <a 'java/security/PrivilegedActionException'> (0x00000007957cbab0) thrown at [/HUDSON/workspace/8-2-build-macosx-x86_64/jdk8/2238/hotspot/src/share/vm/prims/jvm.cpp, line 1248]
Event: 4.166 Thread 0x00007fd63b0dd800 Exception <a 'java/security/PrivilegedActionException'> (0x00000007957cd470) thrown at [/HUDSON/workspace/8-2-build-macosx-x86_64/jdk8/2238/hotspot/src/share/vm/prims/jvm.cpp, line 1248]

Events (10 events):
Event: 220.785 loading class a/pz/ba/expression
Event: 220.785 loading class a/pz/ba/expression done
Event: 220.785 loading class a/pz/ba/expression
Event: 220.785 loading class a/pz/ba/expression done
Event: 220.792 Executing VM operation: ParallelGCFailedAllocation
Event: 220.794 Executing VM operation: ParallelGCFailedAllocation done
Event: 220.799 loading class b/xwriter
Event: 220.799 loading class b/xwriter done
Event: 220.799 loading class b/xwriter
Event: 220.799 loading class b/xwriter done


Dynamic libraries:
0x000000000d8a9000 	/System/Library/Frameworks/Cocoa.framework/Versions/A/Cocoa
0x000000000d8a9000 	/System/Library/Frameworks/Security.framework/Versions/A/Security
0x000000000d8a9000 	/System/Library/Frameworks/ApplicationServices.framework/Versions/A/ApplicationServices
0x000000000d8a9000 	/usr/lib/libz.1.dylib
0x000000000d8a9000 	/usr/lib/libSystem.B.dylib
0x000000000d8a9000 	/usr/lib/libobjc.A.dylib
0x000000000d8a9000 	/System/Library/Frameworks/CoreFoundation.framework/Versions/A/CoreFoundation
0x000000000d8a9000 	/System/Library/Frameworks/Foundation.framework/Versions/C/Foundation
0x000000000d8a9000 	/System/Library/Frameworks/AppKit.framework/Versions/C/AppKit
0x000000000d8a9000 	/System/Library/Frameworks/CoreData.framework/Versions/A/CoreData
0x000000000d8a9000 	/System/Library/PrivateFrameworks/RemoteViewServices.framework/Versions/A/RemoteViewServices
0x000000000d8a9000 	/System/Library/PrivateFrameworks/UIFoundation.framework/Versions/A/UIFoundation
0x000000000d8a9000 	/System/Library/Frameworks/IOSurface.framework/Versions/A/IOSurface
0x000000000d8a9000 	/System/Library/Frameworks/AudioToolbox.framework/Versions/A/AudioToolbox
0x000000000d8a9000 	/System/Library/Frameworks/AudioUnit.framework/Versions/A/AudioUnit
0x000000000d8a9000 	/System/Library/PrivateFrameworks/DataDetectorsCore.framework/Versions/A/DataDetectorsCore
0x000000000d8a9000 	/System/Library/PrivateFrameworks/DesktopServicesPriv.framework/Versions/A/DesktopServicesPriv
0x000000000d8a9000 	/System/Library/Frameworks/Carbon.framework/Versions/A/Frameworks/HIToolbox.framework/Versions/A/HIToolbox
0x000000000d8a9000 	/System/Library/Frameworks/QuartzCore.framework/Versions/A/QuartzCore
0x000000000d8a9000 	/System/Library/Frameworks/Carbon.framework/Versions/A/Frameworks/SpeechRecognition.framework/Versions/A/SpeechRecognition
0x000000000d8a9000 	/usr/lib/libauto.dylib
0x000000000d8a9000 	/usr/lib/libicucore.A.dylib
0x000000000d8a9000 	/usr/lib/libxml2.2.dylib
0x000000000d8a9000 	/System/Library/PrivateFrameworks/CoreUI.framework/Versions/A/CoreUI
0x000000000d8a9000 	/System/Library/Frameworks/CoreAudio.framework/Versions/A/CoreAudio
0x000000000d8a9000 	/System/Library/Frameworks/DiskArbitration.framework/Versions/A/DiskArbitration
0x000000000d8a9000 	/usr/lib/liblangid.dylib
0x000000000d8a9000 	/System/Library/PrivateFrameworks/MultitouchSupport.framework/Versions/A/MultitouchSupport
0x000000000d8a9000 	/System/Library/Frameworks/IOKit.framework/Versions/A/IOKit
0x000000000d8a9000 	/usr/lib/libDiagnosticMessagesClient.dylib
0x000000000d8a9000 	/System/Library/Frameworks/CoreServices.framework/Versions/A/CoreServices
0x000000000d8a9000 	/System/Library/PrivateFrameworks/PerformanceAnalysis.framework/Versions/A/PerformanceAnalysis
0x000000000d8a9000 	/System/Library/PrivateFrameworks/GenerationalStorage.framework/Versions/A/GenerationalStorage
0x000000000d8a9000 	/System/Library/Frameworks/OpenGL.framework/Versions/A/OpenGL
0x000000000d8a9000 	/System/Library/PrivateFrameworks/Sharing.framework/Versions/A/Sharing
0x000000000d8a9000 	/System/Library/Frameworks/CoreGraphics.framework/Versions/A/CoreGraphics
0x000000000d8a9000 	/System/Library/Frameworks/CoreText.framework/Versions/A/CoreText
0x000000000d8a9000 	/System/Library/Frameworks/ImageIO.framework/Versions/A/ImageIO
0x000000000d8a9000 	/usr/lib/libextension.dylib
0x000000000d8a9000 	/System/Library/PrivateFrameworks/Backup.framework/Versions/A/Backup
0x000000000d8a9000 	/usr/lib/libarchive.2.dylib
0x000000000d8a9000 	/System/Library/Frameworks/CFNetwork.framework/Versions/A/CFNetwork
0x000000000d8a9000 	/System/Library/Frameworks/SystemConfiguration.framework/Versions/A/SystemConfiguration
0x000000000d8a9000 	/usr/lib/libCRFSuite.dylib
0x000000000d8a9000 	/usr/lib/libc++.1.dylib
0x000000000d8a9000 	/usr/lib/libc++abi.dylib
0x000000000d8a9000 	/usr/lib/system/libcache.dylib
0x000000000d8a9000 	/usr/lib/system/libcommonCrypto.dylib
0x000000000d8a9000 	/usr/lib/system/libcompiler_rt.dylib
0x000000000d8a9000 	/usr/lib/system/libcopyfile.dylib
0x000000000d8a9000 	/usr/lib/system/libcorecrypto.dylib
0x000000000d8a9000 	/usr/lib/system/libdispatch.dylib
0x000000000d8a9000 	/usr/lib/system/libdyld.dylib
0x000000000d8a9000 	/usr/lib/system/libkeymgr.dylib
0x000000000d8a9000 	/usr/lib/system/liblaunch.dylib
0x000000000d8a9000 	/usr/lib/system/libmacho.dylib
0x000000000d8a9000 	/usr/lib/system/libquarantine.dylib
0x000000000d8a9000 	/usr/lib/system/libremovefile.dylib
0x000000000d8a9000 	/usr/lib/system/libsystem_asl.dylib
0x000000000d8a9000 	/usr/lib/system/libsystem_blocks.dylib
0x000000000d8a9000 	/usr/lib/system/libsystem_c.dylib
0x000000000d8a9000 	/usr/lib/system/libsystem_configuration.dylib
0x000000000d8a9000 	/usr/lib/system/libsystem_coreservices.dylib
0x000000000d8a9000 	/usr/lib/system/libsystem_coretls.dylib
0x000000000d8a9000 	/usr/lib/system/libsystem_dnssd.dylib
0x000000000d8a9000 	/usr/lib/system/libsystem_info.dylib
0x000000000d8a9000 	/usr/lib/system/libsystem_kernel.dylib
0x000000000d8a9000 	/usr/lib/system/libsystem_m.dylib
0x000000000d8a9000 	/usr/lib/system/libsystem_malloc.dylib
0x000000000d8a9000 	/usr/lib/system/libsystem_network.dylib
0x000000000d8a9000 	/usr/lib/system/libsystem_networkextension.dylib
0x000000000d8a9000 	/usr/lib/system/libsystem_notify.dylib
0x000000000d8a9000 	/usr/lib/system/libsystem_platform.dylib
0x000000000d8a9000 	/usr/lib/system/libsystem_pthread.dylib
0x000000000d8a9000 	/usr/lib/system/libsystem_sandbox.dylib
0x000000000d8a9000 	/usr/lib/system/libsystem_secinit.dylib
0x000000000d8a9000 	/usr/lib/system/libsystem_stats.dylib
0x000000000d8a9000 	/usr/lib/system/libsystem_trace.dylib
0x000000000d8a9000 	/usr/lib/system/libunc.dylib
0x000000000d8a9000 	/usr/lib/system/libunwind.dylib
0x000000000d8a9000 	/usr/lib/system/libxpc.dylib
0x000000000d8a9000 	/usr/lib/libbz2.1.0.dylib
0x000000000d8a9000 	/usr/lib/liblzma.5.dylib
0x000000000d8a9000 	/usr/lib/libbsm.0.dylib
0x000000000d8a9000 	/usr/lib/libsqlite3.dylib
0x000000000d8a9000 	/usr/lib/system/libkxld.dylib
0x000000000d8a9000 	/usr/lib/libxar.1.dylib
0x000000000d8a9000 	/usr/lib/libpam.2.dylib
0x000000000d8a9000 	/usr/lib/libOpenScriptingUtil.dylib
0x000000000d8a9000 	/System/Library/Frameworks/CoreServices.framework/Versions/A/Frameworks/FSEvents.framework/Versions/A/FSEvents
0x000000000d8a9000 	/System/Library/Frameworks/CoreServices.framework/Versions/A/Frameworks/CarbonCore.framework/Versions/A/CarbonCore
0x000000000d8a9000 	/System/Library/Frameworks/CoreServices.framework/Versions/A/Frameworks/Metadata.framework/Versions/A/Metadata
0x000000000d8a9000 	/System/Library/Frameworks/CoreServices.framework/Versions/A/Frameworks/OSServices.framework/Versions/A/OSServices
0x000000000d8a9000 	/System/Library/Frameworks/CoreServices.framework/Versions/A/Frameworks/SearchKit.framework/Versions/A/SearchKit
0x000000000d8a9000 	/System/Library/Frameworks/CoreServices.framework/Versions/A/Frameworks/AE.framework/Versions/A/AE
0x000000000d8a9000 	/System/Library/Frameworks/CoreServices.framework/Versions/A/Frameworks/LaunchServices.framework/Versions/A/LaunchServices
0x000000000d8a9000 	/System/Library/Frameworks/CoreServices.framework/Versions/A/Frameworks/DictionaryServices.framework/Versions/A/DictionaryServices
0x000000000d8a9000 	/System/Library/Frameworks/NetFS.framework/Versions/A/NetFS
0x000000000d8a9000 	/System/Library/PrivateFrameworks/NetAuth.framework/Versions/A/NetAuth
0x000000000d8a9000 	/System/Library/PrivateFrameworks/login.framework/Versions/A/Frameworks/loginsupport.framework/Versions/A/loginsupport
0x000000000d8a9000 	/System/Library/PrivateFrameworks/TCC.framework/Versions/A/TCC
0x000000000d8a9000 	/usr/lib/libmecabra.dylib
0x000000000d8a9000 	/System/Library/PrivateFrameworks/LanguageModeling.framework/Versions/A/LanguageModeling
0x000000000d8a9000 	/usr/lib/libcmph.dylib
0x000000000d8a9000 	/usr/lib/libiconv.2.dylib
0x000000000d8a9000 	/System/Library/Frameworks/OpenDirectory.framework/Versions/A/Frameworks/CFOpenDirectory.framework/Versions/A/CFOpenDirectory
0x000000000d8a9000 	/System/Library/Frameworks/ServiceManagement.framework/Versions/A/ServiceManagement
0x000000000d8a9000 	/usr/lib/libxslt.1.dylib
0x000000000d8a9000 	/System/Library/Frameworks/Carbon.framework/Versions/A/Frameworks/Ink.framework/Versions/A/Ink
0x000000000d8a9000 	/System/Library/Frameworks/ApplicationServices.framework/Versions/A/Frameworks/ATS.framework/Versions/A/ATS
0x000000000d8a9000 	/System/Library/Frameworks/ApplicationServices.framework/Versions/A/Frameworks/ColorSync.framework/Versions/A/ColorSync
0x000000000d8a9000 	/System/Library/Frameworks/ApplicationServices.framework/Versions/A/Frameworks/HIServices.framework/Versions/A/HIServices
0x000000000d8a9000 	/System/Library/Frameworks/ApplicationServices.framework/Versions/A/Frameworks/LangAnalysis.framework/Versions/A/LangAnalysis
0x000000000d8a9000 	/System/Library/Frameworks/ApplicationServices.framework/Versions/A/Frameworks/PrintCore.framework/Versions/A/PrintCore
0x000000000d8a9000 	/System/Library/Frameworks/ApplicationServices.framework/Versions/A/Frameworks/QD.framework/Versions/A/QD
0x000000000d8a9000 	/System/Library/Frameworks/ApplicationServices.framework/Versions/A/Frameworks/SpeechSynthesis.framework/Versions/A/SpeechSynthesis
0x000000000d8a9000 	/System/Library/Frameworks/Accelerate.framework/Versions/A/Accelerate
0x000000000d8a9000 	/System/Library/Frameworks/Accelerate.framework/Versions/A/Frameworks/vImage.framework/Versions/A/vImage
0x000000000d8a9000 	/System/Library/Frameworks/Accelerate.framework/Versions/A/Frameworks/vecLib.framework/Versions/A/vecLib
0x000000000d8a9000 	/System/Library/Frameworks/Accelerate.framework/Versions/A/Frameworks/vecLib.framework/Versions/A/libvDSP.dylib
0x000000000d8a9000 	/System/Library/Frameworks/Accelerate.framework/Versions/A/Frameworks/vecLib.framework/Versions/A/libvMisc.dylib
0x000000000d8a9000 	/System/Library/Frameworks/Accelerate.framework/Versions/A/Frameworks/vecLib.framework/Versions/A/libLAPACK.dylib
0x000000000d8a9000 	/System/Library/Frameworks/Accelerate.framework/Versions/A/Frameworks/vecLib.framework/Versions/A/libBLAS.dylib
0x000000000d8a9000 	/System/Library/Frameworks/Accelerate.framework/Versions/A/Frameworks/vecLib.framework/Versions/A/libLinearAlgebra.dylib
0x000000000d8a9000 	/System/Library/Frameworks/ApplicationServices.framework/Versions/A/Frameworks/ATS.framework/Versions/A/Resources/libFontParser.dylib
0x000000000d8a9000 	/System/Library/Frameworks/ApplicationServices.framework/Versions/A/Frameworks/ATS.framework/Versions/A/Resources/libFontRegistry.dylib
0x000000000d8a9000 	/System/Library/PrivateFrameworks/AppleVPA.framework/Versions/A/AppleVPA
0x000000000d8a9000 	/System/Library/PrivateFrameworks/AppleJPEG.framework/Versions/A/AppleJPEG
0x000000000d8a9000 	/System/Library/Frameworks/ImageIO.framework/Versions/A/Resources/libJPEG.dylib
0x000000000d8a9000 	/System/Library/Frameworks/ImageIO.framework/Versions/A/Resources/libTIFF.dylib
0x000000000d8a9000 	/System/Library/Frameworks/ImageIO.framework/Versions/A/Resources/libPng.dylib
0x000000000d8a9000 	/System/Library/Frameworks/ImageIO.framework/Versions/A/Resources/libGIF.dylib
0x000000000d8a9000 	/System/Library/Frameworks/ImageIO.framework/Versions/A/Resources/libJP2.dylib
0x000000000d8a9000 	/System/Library/Frameworks/ImageIO.framework/Versions/A/Resources/libRadiance.dylib
0x000000000d8a9000 	/System/Library/Frameworks/CoreVideo.framework/Versions/A/CoreVideo
0x000000000d8a9000 	/System/Library/Frameworks/OpenGL.framework/Versions/A/Libraries/libGLU.dylib
0x000000000d8a9000 	/System/Library/Frameworks/OpenGL.framework/Versions/A/Libraries/libGFXShared.dylib
0x000000000d8a9000 	/System/Library/Frameworks/OpenGL.framework/Versions/A/Libraries/libGL.dylib
0x000000000d8a9000 	/System/Library/Frameworks/OpenGL.framework/Versions/A/Libraries/libGLImage.dylib
0x000000000d8a9000 	/System/Library/Frameworks/OpenGL.framework/Versions/A/Libraries/libCVMSPluginSupport.dylib
0x000000000d8a9000 	/System/Library/Frameworks/OpenGL.framework/Versions/A/Libraries/libCoreVMClient.dylib
0x000000000d8a9000 	/usr/lib/libcups.2.dylib
0x000000000d8a9000 	/System/Library/Frameworks/Kerberos.framework/Versions/A/Kerberos
0x000000000d8a9000 	/System/Library/Frameworks/GSS.framework/Versions/A/GSS
0x000000000d8a9000 	/usr/lib/libresolv.9.dylib
0x000000000d8a9000 	/System/Library/PrivateFrameworks/Heimdal.framework/Versions/A/Heimdal
0x000000000d8a9000 	/usr/lib/libheimdal-asn1.dylib
0x000000000d8a9000 	/System/Library/Frameworks/OpenDirectory.framework/Versions/A/OpenDirectory
0x000000000d8a9000 	/System/Library/PrivateFrameworks/CommonAuth.framework/Versions/A/CommonAuth
0x000000000d8a9000 	/System/Library/Frameworks/SecurityFoundation.framework/Versions/A/SecurityFoundation
0x000000000d8a9000 	/System/Library/Frameworks/QuartzCore.framework/Versions/A/Frameworks/CoreImage.framework/Versions/A/CoreImage
0x000000000d8a9000 	/System/Library/PrivateFrameworks/CrashReporterSupport.framework/Versions/A/CrashReporterSupport
0x000000000d8a9000 	/System/Library/Frameworks/OpenCL.framework/Versions/A/OpenCL
0x000000000d8a9000 	/System/Library/PrivateFrameworks/FaceCore.framework/Versions/A/FaceCore
0x000000000d8a9000 	/System/Library/PrivateFrameworks/Ubiquity.framework/Versions/A/Ubiquity
0x000000000d8a9000 	/System/Library/PrivateFrameworks/IconServices.framework/Versions/A/IconServices
0x000000000d8a9000 	/System/Library/PrivateFrameworks/ChunkingLibrary.framework/Versions/A/ChunkingLibrary
0x000000000d8a9000 	/System/Library/PrivateFrameworks/Apple80211.framework/Versions/A/Apple80211
0x000000000d8a9000 	/System/Library/Frameworks/CoreWLAN.framework/Versions/A/CoreWLAN
0x000000000d8a9000 	/System/Library/Frameworks/IOBluetooth.framework/Versions/A/IOBluetooth
0x000000000d8a9000 	/System/Library/PrivateFrameworks/CoreWiFi.framework/Versions/A/CoreWiFi
0x000000000d8a9000 	/System/Library/Frameworks/CoreBluetooth.framework/Versions/A/CoreBluetooth
0x000000000d8a9000 	/System/Library/PrivateFrameworks/DebugSymbols.framework/Versions/A/DebugSymbols
0x000000000d8a9000 	/System/Library/PrivateFrameworks/CoreSymbolication.framework/Versions/A/CoreSymbolication
0x000000000d8a9000 	/System/Library/PrivateFrameworks/Symbolication.framework/Versions/A/Symbolication
0x000000000d8a9000 	/System/Library/PrivateFrameworks/SpeechRecognitionCore.framework/Versions/A/SpeechRecognitionCore
0x0000000102200000 	/Library/Java/JavaVirtualMachines/jdk1.8.0.jdk/Contents/Home/jre/lib/server/libjvm.dylib
0x000000000d8a9000 	/usr/lib/libstdc++.6.dylib
0x000000010195e000 	/Library/Java/JavaVirtualMachines/jdk1.8.0.jdk/Contents/Home/jre/lib/libverify.dylib
0x000000010196c000 	/Library/Java/JavaVirtualMachines/jdk1.8.0.jdk/Contents/Home/jre/lib/libjava.dylib
0x00000001019a1000 	/Library/Java/JavaVirtualMachines/jdk1.8.0.jdk/Contents/Home/jre/lib/libjdwp.dylib
0x00000001019ec000 	/Library/Java/JavaVirtualMachines/jdk1.8.0.jdk/Contents/Home/jre/lib/libnpt.dylib
0x00000001030bf000 	/Library/Java/JavaVirtualMachines/jdk1.8.0.jdk/Contents/Home/jre/lib/libzip.dylib
0x000000011913b000 	/System/Library/Frameworks/JavaVM.framework/Frameworks/JavaRuntimeSupport.framework/JavaRuntimeSupport
0x0000000119151000 	/System/Library/Frameworks/JavaVM.framework/Versions/A/Frameworks/JavaNativeFoundation.framework/Versions/A/JavaNativeFoundation
0x0000000119165000 	/System/Library/Frameworks/JavaVM.framework/Versions/A/JavaVM
0x000000000d8a9000 	/System/Library/Frameworks/Carbon.framework/Versions/A/Carbon
0x0000000119171000 	/System/Library/PrivateFrameworks/JavaLaunching.framework/Versions/A/JavaLaunching
0x000000000d8a9000 	/System/Library/Frameworks/Carbon.framework/Versions/A/Frameworks/CommonPanels.framework/Versions/A/CommonPanels
0x000000000d8a9000 	/System/Library/Frameworks/Carbon.framework/Versions/A/Frameworks/Help.framework/Versions/A/Help
0x000000000d8a9000 	/System/Library/Frameworks/Carbon.framework/Versions/A/Frameworks/ImageCapture.framework/Versions/A/ImageCapture
0x000000000d8a9000 	/System/Library/Frameworks/Carbon.framework/Versions/A/Frameworks/OpenScripting.framework/Versions/A/OpenScripting
0x000000000d8a9000 	/System/Library/Frameworks/Carbon.framework/Versions/A/Frameworks/Print.framework/Versions/A/Print
0x000000000d8a9000 	/System/Library/Frameworks/Carbon.framework/Versions/A/Frameworks/SecurityHI.framework/Versions/A/SecurityHI
0x000000011aa7c000 	/Library/Java/JavaVirtualMachines/jdk1.8.0.jdk/Contents/Home/jre/lib/libdt_socket.dylib
0x000000011b451000 	/Library/Java/JavaVirtualMachines/jdk1.8.0.jdk/Contents/Home/jre/lib/libnet.dylib
0x000000011b4af000 	/Library/Java/JavaVirtualMachines/jdk1.8.0.jdk/Contents/Home/jre/lib/libnio.dylib
0x000000011b6c4000 	/Library/Java/JavaVirtualMachines/jdk1.8.0.jdk/Contents/Home/jre/lib/libawt.dylib
0x000000011b773000 	/Library/Java/JavaVirtualMachines/jdk1.8.0.jdk/Contents/Home/jre/lib/./libmlib_image.dylib
0x000000011b83f000 	/Library/Java/JavaVirtualMachines/jdk1.8.0.jdk/Contents/Home/jre/lib/libawt_lwawt.dylib
0x000000011b8f1000 	/Library/Java/JavaVirtualMachines/jdk1.8.0.jdk/Contents/Home/jre/lib/./libosxapp.dylib
0x000000000d8a9000 	/System/Library/Frameworks/ExceptionHandling.framework/Versions/A/ExceptionHandling
0x000000000d8a9000 	/System/Library/PrivateFrameworks/CoreServicesInternal.framework/Versions/A/CoreServicesInternal
0x000000000d8a9000 	/System/Library/PrivateFrameworks/CloudDocs.framework/Versions/A/CloudDocs
0x000000000d8a9000 	/System/Library/PrivateFrameworks/CoreDuet.framework/Versions/A/CoreDuet
0x000000000d8a9000 	/System/Library/Frameworks/CloudKit.framework/Versions/A/CloudKit
0x000000000d8a9000 	/System/Library/PrivateFrameworks/ProtocolBuffer.framework/Versions/A/ProtocolBuffer
0x000000000d8a9000 	/System/Library/PrivateFrameworks/CoreDuetDaemonProtocol.framework/Versions/A/CoreDuetDaemonProtocol
0x000000000d8a9000 	/System/Library/PrivateFrameworks/CoreDuetDebugLogging.framework/Versions/A/CoreDuetDebugLogging
0x000000000d8a9000 	/System/Library/Frameworks/CoreLocation.framework/Versions/A/CoreLocation
0x000000000d8a9000 	/System/Library/Frameworks/Accounts.framework/Versions/A/Accounts
0x000000000d8a9000 	/System/Library/PrivateFrameworks/ApplePushService.framework/Versions/A/ApplePushService
0x000000000d8a9000 	/System/Library/PrivateFrameworks/GeoServices.framework/Versions/A/GeoServices
0x000000000d8a9000 	/System/Library/PrivateFrameworks/OAuth.framework/Versions/A/OAuth
0x000000000d8a9000 	/System/Library/PrivateFrameworks/CoreDaemon.framework/Versions/B/CoreDaemon
0x000000000d8a9000 	/usr/lib/libcrypto.0.9.8.dylib
0x000000000d8a9000 	/System/Library/PrivateFrameworks/AppleSRP.framework/Versions/A/AppleSRP
0x000000000d8a9000 	/System/Library/PrivateFrameworks/TrustEvaluationAgent.framework/Versions/A/TrustEvaluationAgent
0x000000000d8a9000 	/System/Library/Frameworks/CoreGraphics.framework/Versions/A/Resources/libCGCMS.A.dylib
0x000000000d8a9000 	/System/Library/Frameworks/CoreGraphics.framework/Versions/A/Resources/libRIP.A.dylib
0x000000000d8a9000 	/System/Library/Frameworks/CoreGraphics.framework/Versions/A/Resources/libCGXType.A.dylib
0x000000000d8a9000 	/System/Library/Frameworks/OpenCL.framework/Versions/A/Libraries/libcldcpuengine.dylib
0x000000000d8a9000 	/System/Library/PrivateFrameworks/DiskImages.framework/Versions/A/DiskImages
0x000000000d8a9000 	/System/Library/Frameworks/DiscRecording.framework/Versions/A/DiscRecording
0x000000000d8a9000 	/usr/lib/libcsfde.dylib
0x000000000d8a9000 	/usr/lib/libcurl.4.dylib
0x000000000d8a9000 	/System/Library/PrivateFrameworks/MediaKit.framework/Versions/A/MediaKit
0x000000000d8a9000 	/System/Library/PrivateFrameworks/ProtectedCloudStorage.framework/Versions/A/ProtectedCloudStorage
0x000000000d8a9000 	/usr/lib/libCoreStorage.dylib
0x000000000d8a9000 	/System/Library/PrivateFrameworks/EFILogin.framework/Versions/A/EFILogin
0x000000000d8a9000 	/usr/lib/libutil.dylib
0x000000000d8a9000 	/System/Library/PrivateFrameworks/FindMyDevice.framework/Versions/A/FindMyDevice
0x000000000d8a9000 	/System/Library/Frameworks/LDAP.framework/Versions/A/LDAP
0x000000000d8a9000 	/usr/lib/libsasl2.2.dylib
0x000000011e3b0000 	cl_kernels
0x000000011e3b2000 	/System/Library/Frameworks/OpenCL.framework/Versions/A/Libraries/ImageFormats/unorm8_bgra.dylib
0x000000011e3a1000 	cl_kernels
0x000000000d8a9000 	/System/Library/PrivateFrameworks/FamilyControls.framework/Versions/A/FamilyControls
0x000000000d8a9000 	/System/Library/PrivateFrameworks/CommerceKit.framework/Versions/A/Frameworks/CommerceCore.framework/Versions/A/CommerceCore
0x000000000d8a9000 	/System/Library/PrivateFrameworks/SystemAdministration.framework/Versions/A/SystemAdministration
0x000000000d8a9000 	/System/Library/PrivateFrameworks/AppContainer.framework/Versions/A/AppContainer
0x000000000d8a9000 	/System/Library/PrivateFrameworks/SecCodeWrapper.framework/Versions/A/SecCodeWrapper
0x000000000d8a9000 	/System/Library/Frameworks/DirectoryService.framework/Versions/A/DirectoryService
0x000000000d8a9000 	/System/Library/PrivateFrameworks/LoginUIKit.framework/Versions/A/Frameworks/LoginUICore.framework/Versions/A/LoginUICore
0x000000000d8a9000 	/usr/lib/libodfde.dylib

VM Arguments:
jvm_args: -agentlib:jdwp=transport=dt_socket,suspend=y,address=localhost:50503 -Dfile.encoding=UTF-8 
java_command: b.b
java_class_path (initial): /Users/calin/Documents/works/a/bin:/Users/calin/Documents/works/a/lib/mysql-connector-java-5.1.31-bin.jar:/Users/calin/Documents/works/a/lib/aws-java-sdk-1.8.0.jar:/Users/calin/Documents/works/a/lib/commons-logging-1.1.3.jar:/Users/calin/Documents/works/a/lib/httpclient-4.3.4.jar:/Users/calin/Documents/works/a/lib/httpcore-4.3.2.jar:/Users/calin/Documents/works/a/lib/jackson-core-2.2.4.jar:/Users/calin/Documents/works/a/lib/jackson-databind-2.2.4.jar:/Users/calin/Documents/works/a/lib/jackson-annotations-2.4.0.jar:/Users/calin/Documents/works/a/lib/joda-time-2.3.jar
Launcher Type: SUN_STANDARD

Environment Variables:
PATH=/usr/bin:/bin:/usr/sbin:/sbin
SHELL=/bin/bash

Signal Handlers:
SIGSEGV: [libjvm.dylib+0x55faef], sa_mask[0]=0xfffefeff, sa_flags=0x00000043
SIGBUS: [libjvm.dylib+0x55faef], sa_mask[0]=0xfffefeff, sa_flags=0x00000042
SIGFPE: [libjvm.dylib+0x44305a], sa_mask[0]=0xfffefeff, sa_flags=0x00000042
SIGPIPE: [libjvm.dylib+0x44305a], sa_mask[0]=0xfffefeff, sa_flags=0x00000042
SIGXFSZ: [libjvm.dylib+0x44305a], sa_mask[0]=0xfffefeff, sa_flags=0x00000042
SIGILL: [libjvm.dylib+0x44305a], sa_mask[0]=0xfffefeff, sa_flags=0x00000042
SIGUSR1: SIG_DFL, sa_mask[0]=0x00000000, sa_flags=0x00000000
SIGUSR2: [libjvm.dylib+0x442b78], sa_mask[0]=0x00000004, sa_flags=0x00000042
SIGHUP: [libjvm.dylib+0x440f05], sa_mask[0]=0xfffefeff, sa_flags=0x00000042
SIGINT: [libjvm.dylib+0x440f05], sa_mask[0]=0xfffefeff, sa_flags=0x00000042
SIGTERM: [libjvm.dylib+0x440f05], sa_mask[0]=0xfffefeff, sa_flags=0x00000042
SIGQUIT: [libjvm.dylib+0x440f05], sa_mask[0]=0xfffefeff, sa_flags=0x00000042


---------------  S Y S T E M  ---------------

OS:Bsduname:Darwin 14.0.0 Darwin Kernel Version 14.0.0: Fri Sep 19 00:26:44 PDT 2014; root:xnu-2782.1.97~2/RELEASE_X86_64 x86_64
rlimit: STACK 8192k, CORE 0k, NPROC 709, NOFILE 10240, AS infinity
load average:2.34 2.00 1.83

CPU:total 4 (2 cores per cpu, 2 threads per core) family 6 model 69 stepping 1, cmov, cx8, fxsr, mmx, sse, sse2, sse3, ssse3, sse4.1, sse4.2, popcnt, avx, avx2, aes, clmul, erms, ht, tsc, tscinvbit

Memory: 4k page, physical 8388608k(3677924k free)

/proc/meminfo:


vm_info: Java HotSpot(TM) 64-Bit Server VM (25.0-b70) for bsd-amd64 JRE (1.8.0-b132), built on Mar  4 2014 03:11:43 by "java_re" with gcc 4.2.1 (Based on Apple Inc. build 5658) (LLVM build 2336.11.00)

time: Sat Dec  6 12:36:50 2014
elapsed time: 220 seconds

